This file contains any messages produced by compilers while
running configure, to aid debugging if configure makes a mistake.

It was created by libuserdb configure 0.10, which was
generated by GNU Autoconf 2.69.  Invocation command line was

  $ ./configure --disable-option-checking --prefix=/test --enable-ltdl-convenience --with-db=gdbm --with-makedatprog=/test/libexec/courier-authlib/makedatprog --with-userdb=/test/etc/authlib/userdb --with-mailuser=daemon --with-mailgroup=daemon --cache-file=/dev/null --srcdir=.

## --------- ##
## Platform. ##
## --------- ##

hostname = RainYun7NQgzU7l
uname -m = x86_64
uname -r = 3.10.0-1062.el7.x86_64
uname -s = Linux
uname -v = #1 SMP Wed Aug 7 18:08:02 UTC 2019

/usr/bin/uname -p = x86_64
/bin/uname -X     = unknown

/bin/arch              = x86_64
/usr/bin/arch -k       = unknown
/usr/convex/getsysinfo = unknown
/usr/bin/hostinfo      = unknown
/bin/machine           = unknown
/usr/bin/oslevel       = unknown
/bin/universe          = unknown

PATH: /usr/local/sbin
PATH: /usr/local/bin
PATH: /sbin
PATH: /bin
PATH: /usr/sbin
PATH: /usr/bin
PATH: /root/bin


## ----------- ##
## Core tests. ##
## ----------- ##

configure:2340: checking for a BSD-compatible install
configure:2408: result: /bin/install -c
configure:2419: checking whether build environment is sane
configure:2474: result: yes
configure:2625: checking for a thread-safe mkdir -p
configure:2664: result: /bin/mkdir -p
configure:2671: checking for gawk
configure:2687: found /bin/gawk
configure:2698: result: gawk
configure:2709: checking whether make sets $(MAKE)
configure:2731: result: yes
configure:2760: checking whether make supports nested variables
configure:2777: result: yes
configure:2901: checking for gawk
configure:2928: result: gawk
configure:2987: checking for gcc
configure:3003: found /bin/gcc
configure:3014: result: gcc
configure:3243: checking for C compiler version
configure:3252: gcc --version >&5
gcc (GCC) 4.8.5 20150623 (Red Hat 4.8.5-44)
Copyright (C) 2015 Free Software Foundation, Inc.
This is free software; see the source for copying conditions.  There is NO
warranty; not even for MERCHANTABILITY or FITNESS FOR A PARTICULAR PURPOSE.

configure:3263: $? = 0
configure:3252: gcc -v >&5
Using built-in specs.
COLLECT_GCC=gcc
COLLECT_LTO_WRAPPER=/usr/libexec/gcc/x86_64-redhat-linux/4.8.5/lto-wrapper
Target: x86_64-redhat-linux
Configured with: ../configure --prefix=/usr --mandir=/usr/share/man --infodir=/usr/share/info --with-bugurl=http://bugzilla.redhat.com/bugzilla --enable-bootstrap --enable-shared --enable-threads=posix --enable-checking=release --with-system-zlib --enable-__cxa_atexit --disable-libunwind-exceptions --enable-gnu-unique-object --enable-linker-build-id --with-linker-hash-style=gnu --enable-languages=c,c++,objc,obj-c++,java,fortran,ada,go,lto --enable-plugin --enable-initfini-array --disable-libgcj --with-isl=/builddir/build/BUILD/gcc-4.8.5-20150702/obj-x86_64-redhat-linux/isl-install --with-cloog=/builddir/build/BUILD/gcc-4.8.5-20150702/obj-x86_64-redhat-linux/cloog-install --enable-gnu-indirect-function --with-tune=generic --with-arch_32=x86-64 --build=x86_64-redhat-linux
Thread model: posix
gcc version 4.8.5 20150623 (Red Hat 4.8.5-44) (GCC) 
configure:3263: $? = 0
configure:3252: gcc -V >&5
gcc: error: unrecognized command line option '-V'
gcc: fatal error: no input files
compilation terminated.
configure:3263: $? = 4
configure:3252: gcc -qversion >&5
gcc: error: unrecognized command line option '-qversion'
gcc: fatal error: no input files
compilation terminated.
configure:3263: $? = 4
configure:3283: checking whether the C compiler works
configure:3305: gcc    conftest.c  >&5
configure:3309: $? = 0
configure:3357: result: yes
configure:3360: checking for C compiler default output file name
configure:3362: result: a.out
configure:3368: checking for suffix of executables
configure:3375: gcc -o conftest    conftest.c  >&5
configure:3379: $? = 0
configure:3401: result: 
configure:3423: checking whether we are cross compiling
configure:3431: gcc -o conftest    conftest.c  >&5
configure:3435: $? = 0
configure:3442: ./conftest
configure:3446: $? = 0
configure:3461: result: no
configure:3466: checking for suffix of object files
configure:3488: gcc -c   conftest.c >&5
configure:3492: $? = 0
configure:3513: result: o
configure:3517: checking whether we are using the GNU C compiler
configure:3536: gcc -c   conftest.c >&5
configure:3536: $? = 0
configure:3545: result: yes
configure:3554: checking whether gcc accepts -g
configure:3574: gcc -c -g  conftest.c >&5
configure:3574: $? = 0
configure:3615: result: yes
configure:3632: checking for gcc option to accept ISO C89
configure:3695: gcc  -c -g -O2  conftest.c >&5
configure:3695: $? = 0
configure:3708: result: none needed
configure:3733: checking whether gcc understands -c and -o together
configure:3755: gcc -c conftest.c -o conftest2.o
configure:3758: $? = 0
configure:3755: gcc -c conftest.c -o conftest2.o
configure:3758: $? = 0
configure:3770: result: yes
configure:3790: checking whether make supports the include directive
configure:3805: make -f confmf.GNU && cat confinc.out
this is the am__doit target
configure:3808: $? = 0
configure:3827: result: yes (GNU style)
configure:3852: checking dependency style of gcc
configure:3963: result: gcc3
configure:3978: checking for gcc option to accept ISO C99
configure:4127: gcc  -c -g -O2  conftest.c >&5
conftest.c:52:29: error: expected ';', ',' or ')' before 'text'
 test_restrict (ccp restrict text)
                             ^
conftest.c: In function 'main':
conftest.c:106:18: error: expected '=', ',', ';', 'asm' or '__attribute__' before 'newvar'
   char *restrict newvar = "Another string";
                  ^
conftest.c:106:18: error: 'newvar' undeclared (first use in this function)
conftest.c:106:18: note: each undeclared identifier is reported only once for each function it appears in
conftest.c:116:3: error: 'for' loop initial declarations are only allowed in C99 mode
   for (int i = 0; i < ia->datasize; ++i)
   ^
conftest.c:116:3: note: use option -std=c99 or -std=gnu99 to compile your code
configure:4127: $? = 1
configure: failed program was:
| /* end confdefs.h.  */
| #include <stdarg.h>
| #include <stdbool.h>
| #include <stdlib.h>
| #include <wchar.h>
| #include <stdio.h>
| 
| // Check varargs macros.  These examples are taken from C99 6.10.3.5.
| #define debug(...) fprintf (stderr, __VA_ARGS__)
| #define showlist(...) puts (#__VA_ARGS__)
| #define report(test,...) ((test) ? puts (#test) : printf (__VA_ARGS__))
| static void
| test_varargs_macros (void)
| {
|   int x = 1234;
|   int y = 5678;
|   debug ("Flag");
|   debug ("X = %d\n", x);
|   showlist (The first, second, and third items.);
|   report (x>y, "x is %d but y is %d", x, y);
| }
| 
| // Check long long types.
| #define BIG64 18446744073709551615ull
| #define BIG32 4294967295ul
| #define BIG_OK (BIG64 / BIG32 == 4294967297ull && BIG64 % BIG32 == 0)
| #if !BIG_OK
|   your preprocessor is broken;
| #endif
| #if BIG_OK
| #else
|   your preprocessor is broken;
| #endif
| static long long int bignum = -9223372036854775807LL;
| static unsigned long long int ubignum = BIG64;
| 
| struct incomplete_array
| {
|   int datasize;
|   double data[];
| };
| 
| struct named_init {
|   int number;
|   const wchar_t *name;
|   double average;
| };
| 
| typedef const char *ccp;
| 
| static inline int
| test_restrict (ccp restrict text)
| {
|   // See if C++-style comments work.
|   // Iterate through items via the restricted pointer.
|   // Also check for declarations in for loops.
|   for (unsigned int i = 0; *(text+i) != '\0'; ++i)
|     continue;
|   return 0;
| }
| 
| // Check varargs and va_copy.
| static void
| test_varargs (const char *format, ...)
| {
|   va_list args;
|   va_start (args, format);
|   va_list args_copy;
|   va_copy (args_copy, args);
| 
|   const char *str;
|   int number;
|   float fnumber;
| 
|   while (*format)
|     {
|       switch (*format++)
| 	{
| 	case 's': // string
| 	  str = va_arg (args_copy, const char *);
| 	  break;
| 	case 'd': // int
| 	  number = va_arg (args_copy, int);
| 	  break;
| 	case 'f': // float
| 	  fnumber = va_arg (args_copy, double);
| 	  break;
| 	default:
| 	  break;
| 	}
|     }
|   va_end (args_copy);
|   va_end (args);
| }
| 
| int
| main ()
| {
| 
|   // Check bool.
|   _Bool success = false;
| 
|   // Check restrict.
|   if (test_restrict ("String literal") == 0)
|     success = true;
|   char *restrict newvar = "Another string";
| 
|   // Check varargs.
|   test_varargs ("s, d' f .", "string", 65, 34.234);
|   test_varargs_macros ();
| 
|   // Check flexible array members.
|   struct incomplete_array *ia =
|     malloc (sizeof (struct incomplete_array) + (sizeof (double) * 10));
|   ia->datasize = 10;
|   for (int i = 0; i < ia->datasize; ++i)
|     ia->data[i] = i * 1.234;
| 
|   // Check named initializers.
|   struct named_init ni = {
|     .number = 34,
|     .name = L"Test wide string",
|     .average = 543.34343,
|   };
| 
|   ni.number = 58;
| 
|   int dynamic_array[ni.number];
|   dynamic_array[ni.number - 1] = 543;
| 
|   // work around unused variable warnings
|   return (!success || bignum == 0LL || ubignum == 0uLL || newvar[0] == 'x'
| 	  || dynamic_array[ni.number - 1] != 543);
| 
|   ;
|   return 0;
| }
configure:4127: gcc -std=gnu99 -c -g -O2  conftest.c >&5
configure:4127: $? = 0
configure:4147: result: -std=gnu99
configure:4156: checking whether ln -s works
configure:4160: result: yes
configure:4196: checking build system type
configure:4210: result: x86_64-pc-linux-gnu
configure:4230: checking host system type
configure:4243: result: x86_64-pc-linux-gnu
configure:4284: checking how to print strings
configure:4311: result: printf
configure:4332: checking for a sed that does not truncate output
configure:4396: result: /bin/sed
configure:4414: checking for grep that handles long lines and -e
configure:4472: result: /bin/grep
configure:4477: checking for egrep
configure:4539: result: /bin/grep -E
configure:4544: checking for fgrep
configure:4606: result: /bin/grep -F
configure:4641: checking for ld used by gcc -std=gnu99
configure:4708: result: /bin/ld
configure:4715: checking if the linker (/bin/ld) is GNU ld
configure:4730: result: yes
configure:4742: checking for BSD- or MS-compatible name lister (nm)
configure:4796: result: /bin/nm -B
configure:4926: checking the name lister (/bin/nm -B) interface
configure:4933: gcc -std=gnu99 -c -g -O2  conftest.c >&5
configure:4936: /bin/nm -B "conftest.o"
configure:4939: output
0000000000000000 B some_variable
configure:4946: result: BSD nm
configure:4950: checking the maximum length of command line arguments
configure:5081: result: 1572864
configure:5129: checking how to convert x86_64-pc-linux-gnu file names to x86_64-pc-linux-gnu format
configure:5169: result: func_convert_file_noop
configure:5176: checking how to convert x86_64-pc-linux-gnu file names to toolchain format
configure:5196: result: func_convert_file_noop
configure:5203: checking for /bin/ld option to reload object files
configure:5210: result: -r
configure:5284: checking for objdump
configure:5300: found /bin/objdump
configure:5311: result: objdump
configure:5343: checking how to recognize dependent libraries
configure:5543: result: pass_all
configure:5628: checking for dlltool
configure:5658: result: no
configure:5688: checking how to associate runtime and link libraries
configure:5715: result: printf %s\n
configure:5776: checking for ar
configure:5792: found /bin/ar
configure:5803: result: ar
configure:5840: checking for archiver @FILE support
configure:5857: gcc -std=gnu99 -c -g -O2  conftest.c >&5
configure:5857: $? = 0
configure:5860: ar cru libconftest.a @conftest.lst >&5
configure:5863: $? = 0
configure:5868: ar cru libconftest.a @conftest.lst >&5
ar: conftest.o: No such file or directory
configure:5871: $? = 1
configure:5883: result: @
configure:5941: checking for strip
configure:5957: found /bin/strip
configure:5968: result: strip
configure:6040: checking for ranlib
configure:6056: found /bin/ranlib
configure:6067: result: ranlib
configure:6169: checking command to parse /bin/nm -B output from gcc -std=gnu99 object
configure:6322: gcc -std=gnu99 -c -g -O2  conftest.c >&5
configure:6325: $? = 0
configure:6329: /bin/nm -B conftest.o \| sed -n -e 's/^.*[ ]\([ABCDGIRSTW][ABCDGIRSTW]*\)[ ][ ]*\([_A-Za-z][_A-Za-z0-9]*\)$/\1 \2 \2/p' | sed '/ __gnu_lto/d' \> conftest.nm
configure:6332: $? = 0
configure:6398: gcc -std=gnu99 -o conftest -g -O2   conftest.c conftstm.o >&5
configure:6401: $? = 0
configure:6439: result: ok
configure:6486: checking for sysroot
configure:6516: result: no
configure:6523: checking for a working dd
configure:6561: result: /bin/dd
configure:6565: checking how to truncate binary pipes
configure:6580: result: /bin/dd bs=4096 count=1
configure:6716: gcc -std=gnu99 -c -g -O2  conftest.c >&5
configure:6719: $? = 0
configure:6909: checking for mt
configure:6939: result: no
configure:6959: checking if : is a manifest tool
configure:6965: : '-?'
configure:6973: result: no
configure:7650: checking how to run the C preprocessor
configure:7681: gcc -std=gnu99 -E  conftest.c
configure:7681: $? = 0
configure:7695: gcc -std=gnu99 -E  conftest.c
conftest.c:2:28: fatal error: ac_nonexistent.h: No such file or directory
 #include <ac_nonexistent.h>
                            ^
compilation terminated.
configure:7695: $? = 1
configure: failed program was:
| /* end confdefs.h.  */
| #include <ac_nonexistent.h>
configure:7720: result: gcc -std=gnu99 -E
configure:7740: gcc -std=gnu99 -E  conftest.c
configure:7740: $? = 0
configure:7754: gcc -std=gnu99 -E  conftest.c
conftest.c:2:28: fatal error: ac_nonexistent.h: No such file or directory
 #include <ac_nonexistent.h>
                            ^
compilation terminated.
configure:7754: $? = 1
configure: failed program was:
| /* end confdefs.h.  */
| #include <ac_nonexistent.h>
configure:7783: checking for ANSI C header files
configure:7803: gcc -std=gnu99 -c -g -O2  conftest.c >&5
configure:7803: $? = 0
configure:7876: gcc -std=gnu99 -o conftest -g -O2   conftest.c  >&5
configure:7876: $? = 0
configure:7876: ./conftest
configure:7876: $? = 0
configure:7887: result: yes
configure:7900: checking for sys/types.h
configure:7900: gcc -std=gnu99 -c -g -O2  conftest.c >&5
configure:7900: $? = 0
configure:7900: result: yes
configure:7900: checking for sys/stat.h
configure:7900: gcc -std=gnu99 -c -g -O2  conftest.c >&5
configure:7900: $? = 0
configure:7900: result: yes
configure:7900: checking for stdlib.h
configure:7900: gcc -std=gnu99 -c -g -O2  conftest.c >&5
configure:7900: $? = 0
configure:7900: result: yes
configure:7900: checking for string.h
configure:7900: gcc -std=gnu99 -c -g -O2  conftest.c >&5
configure:7900: $? = 0
configure:7900: result: yes
configure:7900: checking for memory.h
configure:7900: gcc -std=gnu99 -c -g -O2  conftest.c >&5
configure:7900: $? = 0
configure:7900: result: yes
configure:7900: checking for strings.h
configure:7900: gcc -std=gnu99 -c -g -O2  conftest.c >&5
configure:7900: $? = 0
configure:7900: result: yes
configure:7900: checking for inttypes.h
configure:7900: gcc -std=gnu99 -c -g -O2  conftest.c >&5
configure:7900: $? = 0
configure:7900: result: yes
configure:7900: checking for stdint.h
configure:7900: gcc -std=gnu99 -c -g -O2  conftest.c >&5
configure:7900: $? = 0
configure:7900: result: yes
configure:7900: checking for unistd.h
configure:7900: gcc -std=gnu99 -c -g -O2  conftest.c >&5
configure:7900: $? = 0
configure:7900: result: yes
configure:7914: checking for dlfcn.h
configure:7914: gcc -std=gnu99 -c -g -O2  conftest.c >&5
configure:7914: $? = 0
configure:7914: result: yes
configure:8170: checking for objdir
configure:8185: result: .libs
configure:8445: checking if gcc -std=gnu99 supports -fno-rtti -fno-exceptions
configure:8463: gcc -std=gnu99 -c -g -O2  -fno-rtti -fno-exceptions conftest.c >&5
cc1: warning: command line option '-fno-rtti' is valid for C++/ObjC++ but not for C [enabled by default]
configure:8467: $? = 0
configure:8480: result: no
configure:8838: checking for gcc -std=gnu99 option to produce PIC
configure:8845: result: -fPIC -DPIC
configure:8853: checking if gcc -std=gnu99 PIC flag -fPIC -DPIC works
configure:8871: gcc -std=gnu99 -c -g -O2  -fPIC -DPIC -DPIC conftest.c >&5
configure:8875: $? = 0
configure:8888: result: yes
configure:8917: checking if gcc -std=gnu99 static flag -static works
configure:8945: result: no
configure:8960: checking if gcc -std=gnu99 supports -c -o file.o
configure:8981: gcc -std=gnu99 -c -g -O2  -o out/conftest2.o conftest.c >&5
configure:8985: $? = 0
configure:9007: result: yes
configure:9015: checking if gcc -std=gnu99 supports -c -o file.o
configure:9062: result: yes
configure:9095: checking whether the gcc -std=gnu99 linker (/bin/ld -m elf_x86_64) supports shared libraries
configure:10354: result: yes
configure:10391: checking whether -lc should be explicitly linked in
configure:10399: gcc -std=gnu99 -c -g -O2  conftest.c >&5
configure:10402: $? = 0
configure:10417: gcc -std=gnu99 -shared  -fPIC -DPIC conftest.o  -v -Wl,-soname -Wl,conftest -o conftest 2\>\&1 \| /bin/grep  -lc  \>/dev/null 2\>\&1
configure:10420: $? = 0
configure:10434: result: no
configure:10594: checking dynamic linker characteristics
configure:11175: gcc -std=gnu99 -o conftest -g -O2   -Wl,-rpath -Wl,/foo conftest.c  >&5
configure:11175: $? = 0
configure:11415: result: GNU/Linux ld.so
configure:11537: checking how to hardcode library paths into programs
configure:11562: result: immediate
configure:12110: checking whether stripping libraries is possible
configure:12115: result: yes
configure:12150: checking if libtool supports shared libraries
configure:12152: result: yes
configure:12155: checking whether to build shared libraries
configure:12180: result: yes
configure:12183: checking whether to build static libraries
configure:12187: result: yes
configure:12228: checking for perl5
configure:12261: result: no
configure:12228: checking for perl
configure:12246: found /bin/perl
configure:12258: result: /bin/perl
configure:12368: checking for ANSI C header files
configure:12472: result: yes
configure:12483: checking for sys/stat.h
configure:12483: result: yes
configure:12483: checking sys/time.h usability
configure:12483: gcc -std=gnu99 -c -g -O2 -Wall -I.. -I./.. -I../libs -I./../libs  conftest.c >&5
configure:12483: $? = 0
configure:12483: result: yes
configure:12483: checking sys/time.h presence
configure:12483: gcc -std=gnu99 -E  conftest.c
configure:12483: $? = 0
configure:12483: result: yes
configure:12483: checking for sys/time.h
configure:12483: result: yes
configure:12483: checking for unistd.h
configure:12483: result: yes
configure:12483: checking fcntl.h usability
configure:12483: gcc -std=gnu99 -c -g -O2 -Wall -I.. -I./.. -I../libs -I./../libs  conftest.c >&5
configure:12483: $? = 0
configure:12483: result: yes
configure:12483: checking fcntl.h presence
configure:12483: gcc -std=gnu99 -E  conftest.c
configure:12483: $? = 0
configure:12483: result: yes
configure:12483: checking for fcntl.h
configure:12483: result: yes
configure:12483: checking termios.h usability
configure:12483: gcc -std=gnu99 -c -g -O2 -Wall -I.. -I./.. -I../libs -I./../libs  conftest.c >&5
configure:12483: $? = 0
configure:12483: result: yes
configure:12483: checking termios.h presence
configure:12483: gcc -std=gnu99 -E  conftest.c
configure:12483: $? = 0
configure:12483: result: yes
configure:12483: checking for termios.h
configure:12483: result: yes
configure:12483: checking crypt.h usability
configure:12483: gcc -std=gnu99 -c -g -O2 -Wall -I.. -I./.. -I../libs -I./../libs  conftest.c >&5
configure:12483: $? = 0
configure:12483: result: yes
configure:12483: checking crypt.h presence
configure:12483: gcc -std=gnu99 -E  conftest.c
configure:12483: $? = 0
configure:12483: result: yes
configure:12483: checking for crypt.h
configure:12483: result: yes
configure:12493: checking whether time.h and sys/time.h may both be included
configure:12513: gcc -std=gnu99 -c -g -O2 -Wall -I.. -I./.. -I../libs -I./../libs  conftest.c >&5
configure:12513: $? = 0
configure:12520: result: yes
configure:12529: checking for an ANSI C-conforming const
configure:12595: gcc -std=gnu99 -c -g -O2 -Wall -I.. -I./.. -I../libs -I./../libs  conftest.c >&5
configure:12595: $? = 0
configure:12602: result: yes
configure:12610: checking for pid_t
configure:12610: gcc -std=gnu99 -c -g -O2 -Wall -I.. -I./.. -I../libs -I./../libs  conftest.c >&5
configure:12610: $? = 0
configure:12610: gcc -std=gnu99 -c -g -O2 -Wall -I.. -I./.. -I../libs -I./../libs  conftest.c >&5
conftest.c: In function 'main':
conftest.c:60:20: error: expected expression before ')' token
 if (sizeof ((pid_t)))
                    ^
configure:12610: $? = 1
configure: failed program was:
| #define STDC_HEADERS 1
| #define HAVE_SYS_TYPES_H 1
| #define HAVE_SYS_STAT_H 1
| #define HAVE_STDLIB_H 1
| #define HAVE_STRING_H 1
| #define HAVE_MEMORY_H 1
| #define HAVE_STRINGS_H 1
| #define HAVE_INTTYPES_H 1
| #define HAVE_STDINT_H 1
| #define HAVE_UNISTD_H 1
| #define HAVE_DLFCN_H 1
| #define LT_OBJDIR ".libs/"
| #define HAVE_MD5 1
| #define HAVE_HMAC 1
| #define STDC_HEADERS 1
| #define HAVE_SYS_STAT_H 1
| #define HAVE_SYS_TIME_H 1
| #define HAVE_UNISTD_H 1
| #define HAVE_FCNTL_H 1
| #define HAVE_TERMIOS_H 1
| #define HAVE_CRYPT_H 1
| #define TIME_WITH_SYS_TIME 1
| /* end confdefs.h.  */
| #include <stdio.h>
| #ifdef HAVE_SYS_TYPES_H
| # include <sys/types.h>
| #endif
| #ifdef HAVE_SYS_STAT_H
| # include <sys/stat.h>
| #endif
| #ifdef STDC_HEADERS
| # include <stdlib.h>
| # include <stddef.h>
| #else
| # ifdef HAVE_STDLIB_H
| #  include <stdlib.h>
| # endif
| #endif
| #ifdef HAVE_STRING_H
| # if !defined STDC_HEADERS && defined HAVE_MEMORY_H
| #  include <memory.h>
| # endif
| # include <string.h>
| #endif
| #ifdef HAVE_STRINGS_H
| # include <strings.h>
| #endif
| #ifdef HAVE_INTTYPES_H
| # include <inttypes.h>
| #endif
| #ifdef HAVE_STDINT_H
| # include <stdint.h>
| #endif
| #ifdef HAVE_UNISTD_H
| # include <unistd.h>
| #endif
| int
| main ()
| {
| if (sizeof ((pid_t)))
| 	    return 0;
|   ;
|   return 0;
| }
configure:12610: result: yes
configure:12621: checking for uid_t in sys/types.h
configure:12640: result: yes
configure:12651: checking return type of signal handlers
configure:12669: gcc -std=gnu99 -c -g -O2 -Wall -I.. -I./.. -I../libs -I./../libs  conftest.c >&5
conftest.c: In function 'main':
conftest.c:30:1: error: void value not ignored as it ought to be
 return *(signal (0, 0)) (0) == 1;
 ^
configure:12669: $? = 1
configure: failed program was:
| #define STDC_HEADERS 1
| #define HAVE_SYS_TYPES_H 1
| #define HAVE_SYS_STAT_H 1
| #define HAVE_STDLIB_H 1
| #define HAVE_STRING_H 1
| #define HAVE_MEMORY_H 1
| #define HAVE_STRINGS_H 1
| #define HAVE_INTTYPES_H 1
| #define HAVE_STDINT_H 1
| #define HAVE_UNISTD_H 1
| #define HAVE_DLFCN_H 1
| #define LT_OBJDIR ".libs/"
| #define HAVE_MD5 1
| #define HAVE_HMAC 1
| #define STDC_HEADERS 1
| #define HAVE_SYS_STAT_H 1
| #define HAVE_SYS_TIME_H 1
| #define HAVE_UNISTD_H 1
| #define HAVE_FCNTL_H 1
| #define HAVE_TERMIOS_H 1
| #define HAVE_CRYPT_H 1
| #define TIME_WITH_SYS_TIME 1
| /* end confdefs.h.  */
| #include <sys/types.h>
| #include <signal.h>
| 
| int
| main ()
| {
| return *(signal (0, 0)) (0) == 1;
|   ;
|   return 0;
| }
configure:12676: result: void
configure:12691: checking for special C compiler options needed for large files
configure:12736: result: no
configure:12742: checking for _FILE_OFFSET_BITS value needed for large files
configure:12767: gcc -std=gnu99 -c -g -O2 -Wall -I.. -I./.. -I../libs -I./../libs  conftest.c >&5
configure:12767: $? = 0
configure:12799: result: no
configure:12886: checking for crypt in -lcrypt
configure:12911: gcc -std=gnu99 -o conftest -g -O2 -Wall -I.. -I./.. -I../libs -I./../libs   conftest.c -lcrypt   >&5
configure:12911: $? = 0
configure:12920: result: yes
configure:12928: checking for crypt
configure:12928: gcc -std=gnu99 -o conftest -g -O2 -Wall -I.. -I./.. -I../libs -I./../libs   conftest.c -lcrypt  >&5
configure:12928: $? = 0
configure:12928: result: yes
configure:12938: checking for crypt() prototype
configure:12963: gcc -std=gnu99 -c -g -O2 -Wall -I.. -I./.. -I../libs -I./../libs  conftest.c >&5
conftest.c:33:13: error: conflicting types for 'crypt'
         int crypt(int, int);
             ^
In file included from conftest.c:28:0:
/usr/include/crypt.h:33:14: note: previous declaration of 'crypt' was here
 extern char *crypt (const char *__key, const char *__salt)
              ^
configure:12963: $? = 1
configure: failed program was:
| #define STDC_HEADERS 1
| #define HAVE_SYS_TYPES_H 1
| #define HAVE_SYS_STAT_H 1
| #define HAVE_STDLIB_H 1
| #define HAVE_STRING_H 1
| #define HAVE_MEMORY_H 1
| #define HAVE_STRINGS_H 1
| #define HAVE_INTTYPES_H 1
| #define HAVE_STDINT_H 1
| #define HAVE_UNISTD_H 1
| #define HAVE_DLFCN_H 1
| #define LT_OBJDIR ".libs/"
| #define HAVE_MD5 1
| #define HAVE_HMAC 1
| #define STDC_HEADERS 1
| #define HAVE_SYS_STAT_H 1
| #define HAVE_SYS_TIME_H 1
| #define HAVE_UNISTD_H 1
| #define HAVE_FCNTL_H 1
| #define HAVE_TERMIOS_H 1
| #define HAVE_CRYPT_H 1
| #define TIME_WITH_SYS_TIME 1
| #define RETSIGTYPE void
| #define HAVE_CRYPT 1
| /* end confdefs.h.  */
| 
| 	       #if HAVE_CRYPT_H
| 	       #include <crypt.h>
| 	       #endif
| 	       #if HAVE_UNISTD_H
| 	       #include <unistd.h>
| 	       #endif
| 	       int crypt(int, int);
| 
| 
| int
| main ()
| {
| 
|   ;
|   return 0;
| }
configure:12972: result: 0
configure:12985: checking for isatty
configure:12985: gcc -std=gnu99 -o conftest -g -O2 -Wall -I.. -I./.. -I../libs -I./../libs   conftest.c  >&5
configure:12985: $? = 0
configure:12985: result: yes
configure:12985: checking for gettimeofday
configure:12985: gcc -std=gnu99 -o conftest -g -O2 -Wall -I.. -I./.. -I../libs -I./../libs   conftest.c  >&5
configure:12985: $? = 0
configure:12985: result: yes
configure:13008: checking for random source
configure:13026: result: /dev/urandom
configure:13164: checking that generated files are newer than configure
configure:13170: result: done
configure:13197: creating ./config.status

## ---------------------- ##
## Running config.status. ##
## ---------------------- ##

This file was extended by libuserdb config.status 0.10, which was
generated by GNU Autoconf 2.69.  Invocation command line was

  CONFIG_FILES    = 
  CONFIG_HEADERS  = 
  CONFIG_LINKS    = 
  CONFIG_COMMANDS = 
  $ ./config.status 

on RainYun7NQgzU7l

config.status:1106: creating Makefile
config.status:1106: creating userdb.pl
config.status:1106: creating makeuserdb
config.status:1106: creating pw2userdb
config.status:1106: creating config.h
config.status:1335: executing depfiles commands
config.status:1412: cd .       && sed -e '/# am--include-marker/d' Makefile         | make -f - am--depfiles
config.status:1417: $? = 0
config.status:1335: executing libtool commands

## ---------------- ##
## Cache variables. ##
## ---------------- ##

ac_cv_build=x86_64-pc-linux-gnu
ac_cv_c_compiler_gnu=yes
ac_cv_c_const=yes
ac_cv_env_CC_set=
ac_cv_env_CC_value=
ac_cv_env_CFLAGS_set=
ac_cv_env_CFLAGS_value=
ac_cv_env_CPPFLAGS_set=
ac_cv_env_CPPFLAGS_value=
ac_cv_env_CPP_set=
ac_cv_env_CPP_value=
ac_cv_env_LDFLAGS_set=
ac_cv_env_LDFLAGS_value=
ac_cv_env_LIBS_set=
ac_cv_env_LIBS_value=
ac_cv_env_LT_SYS_LIBRARY_PATH_set=
ac_cv_env_LT_SYS_LIBRARY_PATH_value=
ac_cv_env_build_alias_set=
ac_cv_env_build_alias_value=
ac_cv_env_host_alias_set=
ac_cv_env_host_alias_value=
ac_cv_env_target_alias_set=
ac_cv_env_target_alias_value=
ac_cv_func_crypt=yes
ac_cv_func_gettimeofday=yes
ac_cv_func_isatty=yes
ac_cv_header_crypt_h=yes
ac_cv_header_dlfcn_h=yes
ac_cv_header_fcntl_h=yes
ac_cv_header_inttypes_h=yes
ac_cv_header_memory_h=yes
ac_cv_header_stdc=yes
ac_cv_header_stdint_h=yes
ac_cv_header_stdlib_h=yes
ac_cv_header_string_h=yes
ac_cv_header_strings_h=yes
ac_cv_header_sys_stat_h=yes
ac_cv_header_sys_time_h=yes
ac_cv_header_sys_types_h=yes
ac_cv_header_termios_h=yes
ac_cv_header_time=yes
ac_cv_header_unistd_h=yes
ac_cv_host=x86_64-pc-linux-gnu
ac_cv_lib_crypt_crypt=yes
ac_cv_objext=o
ac_cv_path_EGREP='/bin/grep -E'
ac_cv_path_FGREP='/bin/grep -F'
ac_cv_path_GREP=/bin/grep
ac_cv_path_PERL=/bin/perl
ac_cv_path_SED=/bin/sed
ac_cv_path_install='/bin/install -c'
ac_cv_path_lt_DD=/bin/dd
ac_cv_path_mkdir=/bin/mkdir
ac_cv_prog_AWK=gawk
ac_cv_prog_CPP='gcc -std=gnu99 -E'
ac_cv_prog_ac_ct_AR=ar
ac_cv_prog_ac_ct_CC=gcc
ac_cv_prog_ac_ct_OBJDUMP=objdump
ac_cv_prog_ac_ct_RANLIB=ranlib
ac_cv_prog_ac_ct_STRIP=strip
ac_cv_prog_cc_c89=
ac_cv_prog_cc_c99=-std=gnu99
ac_cv_prog_cc_g=yes
ac_cv_prog_make_make_set=yes
ac_cv_sys_file_offset_bits=no
ac_cv_sys_largefile_CC=no
ac_cv_type_pid_t=yes
ac_cv_type_signal=void
ac_cv_type_uid_t=yes
am_cv_CC_dependencies_compiler_type=gcc3
am_cv_make_support_nested_variables=yes
am_cv_prog_cc_c_o=yes
lt_cv_ar_at_file=@
lt_cv_archive_cmds_need_lc=no
lt_cv_deplibs_check_method=pass_all
lt_cv_file_magic_cmd='$MAGIC_CMD'
lt_cv_file_magic_test_file=
lt_cv_ld_reload_flag=-r
lt_cv_nm_interface='BSD nm'
lt_cv_objdir=.libs
lt_cv_path_LD=/bin/ld
lt_cv_path_NM='/bin/nm -B'
lt_cv_path_mainfest_tool=no
lt_cv_prog_compiler_c_o=yes
lt_cv_prog_compiler_pic='-fPIC -DPIC'
lt_cv_prog_compiler_pic_works=yes
lt_cv_prog_compiler_rtti_exceptions=no
lt_cv_prog_compiler_static_works=no
lt_cv_prog_gnu_ld=yes
lt_cv_sharedlib_from_linklib_cmd='printf %s\n'
lt_cv_shlibpath_overrides_runpath=no
lt_cv_sys_global_symbol_pipe='sed -n -e '\''s/^.*[	 ]\([ABCDGIRSTW][ABCDGIRSTW]*\)[	 ][	 ]*\([_A-Za-z][_A-Za-z0-9]*\)$/\1 \2 \2/p'\'' | sed '\''/ __gnu_lto/d'\'''
lt_cv_sys_global_symbol_to_c_name_address='sed -n -e '\''s/^: \(.*\) .*$/  {"\1", (void *) 0},/p'\'' -e '\''s/^[ABCDGIRSTW][ABCDGIRSTW]* .* \(.*\)$/  {"\1", (void *) \&\1},/p'\'''
lt_cv_sys_global_symbol_to_c_name_address_lib_prefix='sed -n -e '\''s/^: \(.*\) .*$/  {"\1", (void *) 0},/p'\'' -e '\''s/^[ABCDGIRSTW][ABCDGIRSTW]* .* \(lib.*\)$/  {"\1", (void *) \&\1},/p'\'' -e '\''s/^[ABCDGIRSTW][ABCDGIRSTW]* .* \(.*\)$/  {"lib\1", (void *) \&\1},/p'\'''
lt_cv_sys_global_symbol_to_cdecl='sed -n -e '\''s/^T .* \(.*\)$/extern int \1();/p'\'' -e '\''s/^[ABCDGIRSTW][ABCDGIRSTW]* .* \(.*\)$/extern char \1;/p'\'''
lt_cv_sys_global_symbol_to_import=
lt_cv_sys_max_cmd_len=1572864
lt_cv_to_host_file_cmd=func_convert_file_noop
lt_cv_to_tool_file_cmd=func_convert_file_noop
lt_cv_truncate_bin='/bin/dd bs=4096 count=1'
userdb_cv_NEED_CRYPT_PROTOTYPE=0
userdb_cv_RANDOM=/dev/urandom

## ----------------- ##
## Output variables. ##
## ----------------- ##

ACLOCAL='${SHELL} /root/bt-mail-system/courier-authlib-0.71.3/missing aclocal-1.16'
AMDEPBACKSLASH='\'
AMDEP_FALSE='#'
AMDEP_TRUE=''
AMTAR='$${TAR-tar}'
AM_BACKSLASH='\'
AM_DEFAULT_V='$(AM_DEFAULT_VERBOSITY)'
AM_DEFAULT_VERBOSITY='1'
AM_V='$(V)'
AR='ar'
AUTOCONF='${SHELL} /root/bt-mail-system/courier-authlib-0.71.3/missing autoconf'
AUTOHEADER='${SHELL} /root/bt-mail-system/courier-authlib-0.71.3/missing autoheader'
AUTOMAKE='${SHELL} /root/bt-mail-system/courier-authlib-0.71.3/missing automake-1.16'
AWK='gawk'
CC='gcc -std=gnu99'
CCDEPMODE='depmode=gcc3'
CFLAGS='-g -O2 -Wall -I.. -I./.. -I../libs -I./../libs'
CPP='gcc -std=gnu99 -E'
CPPFLAGS=''
CRYPTLIBS='-lcrypt'
CYGPATH_W='echo'
DEFS='-DHAVE_CONFIG_H'
DEPDIR='.deps'
DLLTOOL='false'
DSYMUTIL=''
DUMPBIN=''
ECHO_C=''
ECHO_N='-n'
ECHO_T=''
EGREP='/bin/grep -E'
EXEEXT=''
FGREP='/bin/grep -F'
GREP='/bin/grep'
HAVE_SGML_FALSE=''
HAVE_SGML_TRUE='#'
HMACLIB='../libs/libhmac/libhmac.la'
INSTALL_DATA='${INSTALL} -m 644'
INSTALL_PROGRAM='${INSTALL}'
INSTALL_SCRIPT='${INSTALL}'
INSTALL_STRIP_PROGRAM='$(install_sh) -c -s'
LD='/bin/ld -m elf_x86_64'
LDFLAGS=''
LIBOBJS=''
LIBS=''
LIBTOOL='$(SHELL) $(top_builddir)/libtool'
LIPO=''
LN_S='ln -s'
LTLIBOBJS=''
LT_SYS_LIBRARY_PATH=''
MAKEINFO='${SHELL} /root/bt-mail-system/courier-authlib-0.71.3/missing makeinfo'
MANIFEST_TOOL=':'
MD5LIB='../libs/md5/libmd5.la'
MKDIR_P='/bin/mkdir -p'
NM='/bin/nm -B'
NMEDIT=''
OBJDUMP='objdump'
OBJEXT='o'
OTOOL64=''
OTOOL=''
PACKAGE='libuserdb'
PACKAGE_BUGREPORT='courier-users@lists.sourceforge.net'
PACKAGE_NAME='libuserdb'
PACKAGE_STRING='libuserdb 0.10'
PACKAGE_TARNAME='libuserdb'
PACKAGE_URL=''
PACKAGE_VERSION='0.10'
PATH_SEPARATOR=':'
PERL='/bin/perl'
RANLIB='ranlib'
SED='/bin/sed'
SET_MAKE=''
SHA1LIB='../libs/sha1/libsha1.la'
SHELL='/bin/sh'
STRIP='strip'
USERDB='/TEST/ETC/AUTHLIB/USERDB'
VERSION='0.10'
ac_ct_AR='ar'
ac_ct_CC='gcc'
ac_ct_DUMPBIN=''
am__EXEEXT_FALSE=''
am__EXEEXT_TRUE='#'
am__fastdepCC_FALSE='#'
am__fastdepCC_TRUE=''
am__include='include'
am__isrc=''
am__leading_dot='.'
am__nodep='_no'
am__quote=''
am__tar='$${TAR-tar} chof - "$$tardir"'
am__untar='$${TAR-tar} xf -'
bindir='${exec_prefix}/bin'
build='x86_64-pc-linux-gnu'
build_alias=''
build_cpu='x86_64'
build_os='linux-gnu'
build_vendor='pc'
datadir='${datarootdir}'
datarootdir='${prefix}/share'
docdir='${datarootdir}/doc/${PACKAGE_TARNAME}'
dvidir='${docdir}'
exec_prefix='${prefix}'
host='x86_64-pc-linux-gnu'
host_alias=''
host_cpu='x86_64'
host_os='linux-gnu'
host_vendor='pc'
htmldir='${docdir}'
includedir='${prefix}/include'
infodir='${datarootdir}/info'
install_sh='${SHELL} /root/bt-mail-system/courier-authlib-0.71.3/install-sh'
libdir='${exec_prefix}/lib'
libexecdir='${exec_prefix}/libexec'
localedir='${datarootdir}/locale'
localstatedir='${prefix}/var'
makedat='/test/libexec/courier-authlib/makedatprog'
mandir='${datarootdir}/man'
mkdir_p='$(MKDIR_P)'
oldincludedir='/usr/include'
pdfdir='${docdir}'
prefix='/test'
program_transform_name='s,x,x,'
psdir='${docdir}'
sbindir='${exec_prefix}/sbin'
sharedstatedir='${prefix}/com'
sysconfdir='${prefix}/etc'
target_alias=''
tmpdir='/test/etc/authlib'
userdb='/test/etc/authlib/userdb'
userdbtmpdir=''

## ----------- ##
## confdefs.h. ##
## ----------- ##

#define STDC_HEADERS 1
#define HAVE_SYS_TYPES_H 1
#define HAVE_SYS_STAT_H 1
#define HAVE_STDLIB_H 1
#define HAVE_STRING_H 1
#define HAVE_MEMORY_H 1
#define HAVE_STRINGS_H 1
#define HAVE_INTTYPES_H 1
#define HAVE_STDINT_H 1
#define HAVE_UNISTD_H 1
#define HAVE_DLFCN_H 1
#define LT_OBJDIR ".libs/"
#define HAVE_MD5 1
#define HAVE_HMAC 1
#define STDC_HEADERS 1
#define HAVE_SYS_STAT_H 1
#define HAVE_SYS_TIME_H 1
#define HAVE_UNISTD_H 1
#define HAVE_FCNTL_H 1
#define HAVE_TERMIOS_H 1
#define HAVE_CRYPT_H 1
#define TIME_WITH_SYS_TIME 1
#define RETSIGTYPE void
#define HAVE_CRYPT 1
#define NEED_CRYPT_PROTOTYPE 0
#define HAVE_ISATTY 1
#define HAVE_GETTIMEOFDAY 1
#define RANDOM "/dev/urandom"

configure: exit 0


## ---------------------- ##
## Running config.status. ##
## ---------------------- ##

This file was extended by libuserdb config.status 0.10, which was
generated by GNU Autoconf 2.69.  Invocation command line was

  CONFIG_FILES    = 
  CONFIG_HEADERS  = 
  CONFIG_LINKS    = 
  CONFIG_COMMANDS = 
  $ ./config.status --file=userdb.html

on RainYun7NQgzU7l

## ---------------------- ##
## Running config.status. ##
## ---------------------- ##

This file was extended by libuserdb config.status 0.10, which was
generated by GNU Autoconf 2.69.  Invocation command line was

  CONFIG_FILES    = 
  CONFIG_HEADERS  = 
  CONFIG_LINKS    = 
  CONFIG_COMMANDS = 
  $ ./config.status --file=userdbpw.8

on RainYun7NQgzU7l


## ---------------------- ##
## Running config.status. ##
## ---------------------- ##

This file was extended by libuserdb config.status 0.10, which was
generated by GNU Autoconf 2.69.  Invocation command line was

  CONFIG_FILES    = 
  CONFIG_HEADERS  = 
  CONFIG_LINKS    = 
  CONFIG_COMMANDS = 
  $ ./config.status --file=userdb.8

on RainYun7NQgzU7l


## ---------------------- ##
## Running config.status. ##
## ---------------------- ##

This file was extended by libuserdb config.status 0.10, which was
generated by GNU Autoconf 2.69.  Invocation command line was

  CONFIG_FILES    = 
  CONFIG_HEADERS  = 
  CONFIG_LINKS    = 
  CONFIG_COMMANDS = 
  $ ./config.status --file=makeuserdb.html

on RainYun7NQgzU7l


## ---------------------- ##
## Running config.status. ##
## ---------------------- ##

This file was extended by libuserdb config.status 0.10, which was
generated by GNU Autoconf 2.69.  Invocation command line was

  CONFIG_FILES    = 
  CONFIG_HEADERS  = 
  CONFIG_LINKS    = 
  CONFIG_COMMANDS = 
  $ ./config.status --file=makeuserdb.8

on RainYun7NQgzU7l


## ---------------------- ##
## Running config.status. ##
## ---------------------- ##

This file was extended by libuserdb config.status 0.10, which was
generated by GNU Autoconf 2.69.  Invocation command line was

  CONFIG_FILES    = 
  CONFIG_HEADERS  = 
  CONFIG_LINKS    = 
  CONFIG_COMMANDS = 
  $ ./config.status --file=userdbpw.html

on RainYun7NQgzU7l

config.status:1106: creating userdb.html
config.status:1106: creating userdb.8
config.status:1106: creating userdbpw.8
config.status:1106: creating makeuserdb.html
config.status:1106: creating userdbpw.html
config.status:1106: creating makeuserdb.8
