This file contains any messages produced by compilers while
running configure, to aid debugging if configure makes a mistake.

It was created by libhmac configure 1.00, which was
generated by GNU Autoconf 2.69.  Invocation command line was

  $ ./configure --disable-option-checking --prefix=/test --enable-ltdl-convenience --with-db=gdbm --with-makedatprog=/test/libexec/courier-authlib/makedatprog --with-userdb=/test/etc/authlib/userdb --with-mailuser=daemon --with-mailgroup=daemon --cache-file=/dev/null --srcdir=.

## --------- ##
## Platform. ##
## --------- ##

hostname = RainYun7NQgzU7l
uname -m = x86_64
uname -r = 3.10.0-1062.el7.x86_64
uname -s = Linux
uname -v = #1 SMP Wed Aug 7 18:08:02 UTC 2019

/usr/bin/uname -p = x86_64
/bin/uname -X     = unknown

/bin/arch              = x86_64
/usr/bin/arch -k       = unknown
/usr/convex/getsysinfo = unknown
/usr/bin/hostinfo      = unknown
/bin/machine           = unknown
/usr/bin/oslevel       = unknown
/bin/universe          = unknown

PATH: /usr/local/sbin
PATH: /usr/local/bin
PATH: /sbin
PATH: /bin
PATH: /usr/sbin
PATH: /usr/bin
PATH: /root/bin


## ----------- ##
## Core tests. ##
## ----------- ##

configure:2227: checking for a BSD-compatible install
configure:2295: result: /bin/install -c
configure:2306: checking whether build environment is sane
configure:2361: result: yes
configure:2512: checking for a thread-safe mkdir -p
configure:2551: result: /bin/mkdir -p
configure:2558: checking for gawk
configure:2574: found /bin/gawk
configure:2585: result: gawk
configure:2596: checking whether make sets $(MAKE)
configure:2618: result: yes
configure:2647: checking whether make supports nested variables
configure:2664: result: yes
configure:2790: checking for gawk
configure:2817: result: gawk
configure:2829: checking whether ln -s works
configure:2833: result: yes
configure:2888: checking for gcc
configure:2904: found /bin/gcc
configure:2915: result: gcc
configure:3144: checking for C compiler version
configure:3153: gcc --version >&5
gcc (GCC) 4.8.5 20150623 (Red Hat 4.8.5-44)
Copyright (C) 2015 Free Software Foundation, Inc.
This is free software; see the source for copying conditions.  There is NO
warranty; not even for MERCHANTABILITY or FITNESS FOR A PARTICULAR PURPOSE.

configure:3164: $? = 0
configure:3153: gcc -v >&5
Using built-in specs.
COLLECT_GCC=gcc
COLLECT_LTO_WRAPPER=/usr/libexec/gcc/x86_64-redhat-linux/4.8.5/lto-wrapper
Target: x86_64-redhat-linux
Configured with: ../configure --prefix=/usr --mandir=/usr/share/man --infodir=/usr/share/info --with-bugurl=http://bugzilla.redhat.com/bugzilla --enable-bootstrap --enable-shared --enable-threads=posix --enable-checking=release --with-system-zlib --enable-__cxa_atexit --disable-libunwind-exceptions --enable-gnu-unique-object --enable-linker-build-id --with-linker-hash-style=gnu --enable-languages=c,c++,objc,obj-c++,java,fortran,ada,go,lto --enable-plugin --enable-initfini-array --disable-libgcj --with-isl=/builddir/build/BUILD/gcc-4.8.5-20150702/obj-x86_64-redhat-linux/isl-install --with-cloog=/builddir/build/BUILD/gcc-4.8.5-20150702/obj-x86_64-redhat-linux/cloog-install --enable-gnu-indirect-function --with-tune=generic --with-arch_32=x86-64 --build=x86_64-redhat-linux
Thread model: posix
gcc version 4.8.5 20150623 (Red Hat 4.8.5-44) (GCC) 
configure:3164: $? = 0
configure:3153: gcc -V >&5
gcc: error: unrecognized command line option '-V'
gcc: fatal error: no input files
compilation terminated.
configure:3164: $? = 4
configure:3153: gcc -qversion >&5
gcc: error: unrecognized command line option '-qversion'
gcc: fatal error: no input files
compilation terminated.
configure:3164: $? = 4
configure:3184: checking whether the C compiler works
configure:3206: gcc    conftest.c  >&5
configure:3210: $? = 0
configure:3258: result: yes
configure:3261: checking for C compiler default output file name
configure:3263: result: a.out
configure:3269: checking for suffix of executables
configure:3276: gcc -o conftest    conftest.c  >&5
configure:3280: $? = 0
configure:3302: result: 
configure:3324: checking whether we are cross compiling
configure:3332: gcc -o conftest    conftest.c  >&5
configure:3336: $? = 0
configure:3343: ./conftest
configure:3347: $? = 0
configure:3362: result: no
configure:3367: checking for suffix of object files
configure:3389: gcc -c   conftest.c >&5
configure:3393: $? = 0
configure:3414: result: o
configure:3418: checking whether we are using the GNU C compiler
configure:3437: gcc -c   conftest.c >&5
configure:3437: $? = 0
configure:3446: result: yes
configure:3455: checking whether gcc accepts -g
configure:3475: gcc -c -g  conftest.c >&5
configure:3475: $? = 0
configure:3516: result: yes
configure:3533: checking for gcc option to accept ISO C89
configure:3596: gcc  -c -g -O2  conftest.c >&5
configure:3596: $? = 0
configure:3609: result: none needed
configure:3634: checking whether gcc understands -c and -o together
configure:3656: gcc -c conftest.c -o conftest2.o
configure:3659: $? = 0
configure:3656: gcc -c conftest.c -o conftest2.o
configure:3659: $? = 0
configure:3671: result: yes
configure:3691: checking whether make supports the include directive
configure:3706: make -f confmf.GNU && cat confinc.out
this is the am__doit target
configure:3709: $? = 0
configure:3728: result: yes (GNU style)
configure:3753: checking dependency style of gcc
configure:3864: result: gcc3
configure:3879: checking for gcc option to accept ISO C99
configure:4028: gcc  -c -g -O2  conftest.c >&5
conftest.c:52:29: error: expected ';', ',' or ')' before 'text'
 test_restrict (ccp restrict text)
                             ^
conftest.c: In function 'main':
conftest.c:106:18: error: expected '=', ',', ';', 'asm' or '__attribute__' before 'newvar'
   char *restrict newvar = "Another string";
                  ^
conftest.c:106:18: error: 'newvar' undeclared (first use in this function)
conftest.c:106:18: note: each undeclared identifier is reported only once for each function it appears in
conftest.c:116:3: error: 'for' loop initial declarations are only allowed in C99 mode
   for (int i = 0; i < ia->datasize; ++i)
   ^
conftest.c:116:3: note: use option -std=c99 or -std=gnu99 to compile your code
configure:4028: $? = 1
configure: failed program was:
| /* end confdefs.h.  */
| #include <stdarg.h>
| #include <stdbool.h>
| #include <stdlib.h>
| #include <wchar.h>
| #include <stdio.h>
| 
| // Check varargs macros.  These examples are taken from C99 6.10.3.5.
| #define debug(...) fprintf (stderr, __VA_ARGS__)
| #define showlist(...) puts (#__VA_ARGS__)
| #define report(test,...) ((test) ? puts (#test) : printf (__VA_ARGS__))
| static void
| test_varargs_macros (void)
| {
|   int x = 1234;
|   int y = 5678;
|   debug ("Flag");
|   debug ("X = %d\n", x);
|   showlist (The first, second, and third items.);
|   report (x>y, "x is %d but y is %d", x, y);
| }
| 
| // Check long long types.
| #define BIG64 18446744073709551615ull
| #define BIG32 4294967295ul
| #define BIG_OK (BIG64 / BIG32 == 4294967297ull && BIG64 % BIG32 == 0)
| #if !BIG_OK
|   your preprocessor is broken;
| #endif
| #if BIG_OK
| #else
|   your preprocessor is broken;
| #endif
| static long long int bignum = -9223372036854775807LL;
| static unsigned long long int ubignum = BIG64;
| 
| struct incomplete_array
| {
|   int datasize;
|   double data[];
| };
| 
| struct named_init {
|   int number;
|   const wchar_t *name;
|   double average;
| };
| 
| typedef const char *ccp;
| 
| static inline int
| test_restrict (ccp restrict text)
| {
|   // See if C++-style comments work.
|   // Iterate through items via the restricted pointer.
|   // Also check for declarations in for loops.
|   for (unsigned int i = 0; *(text+i) != '\0'; ++i)
|     continue;
|   return 0;
| }
| 
| // Check varargs and va_copy.
| static void
| test_varargs (const char *format, ...)
| {
|   va_list args;
|   va_start (args, format);
|   va_list args_copy;
|   va_copy (args_copy, args);
| 
|   const char *str;
|   int number;
|   float fnumber;
| 
|   while (*format)
|     {
|       switch (*format++)
| 	{
| 	case 's': // string
| 	  str = va_arg (args_copy, const char *);
| 	  break;
| 	case 'd': // int
| 	  number = va_arg (args_copy, int);
| 	  break;
| 	case 'f': // float
| 	  fnumber = va_arg (args_copy, double);
| 	  break;
| 	default:
| 	  break;
| 	}
|     }
|   va_end (args_copy);
|   va_end (args);
| }
| 
| int
| main ()
| {
| 
|   // Check bool.
|   _Bool success = false;
| 
|   // Check restrict.
|   if (test_restrict ("String literal") == 0)
|     success = true;
|   char *restrict newvar = "Another string";
| 
|   // Check varargs.
|   test_varargs ("s, d' f .", "string", 65, 34.234);
|   test_varargs_macros ();
| 
|   // Check flexible array members.
|   struct incomplete_array *ia =
|     malloc (sizeof (struct incomplete_array) + (sizeof (double) * 10));
|   ia->datasize = 10;
|   for (int i = 0; i < ia->datasize; ++i)
|     ia->data[i] = i * 1.234;
| 
|   // Check named initializers.
|   struct named_init ni = {
|     .number = 34,
|     .name = L"Test wide string",
|     .average = 543.34343,
|   };
| 
|   ni.number = 58;
| 
|   int dynamic_array[ni.number];
|   dynamic_array[ni.number - 1] = 543;
| 
|   // work around unused variable warnings
|   return (!success || bignum == 0LL || ubignum == 0uLL || newvar[0] == 'x'
| 	  || dynamic_array[ni.number - 1] != 543);
| 
|   ;
|   return 0;
| }
configure:4028: gcc -std=gnu99 -c -g -O2  conftest.c >&5
configure:4028: $? = 0
configure:4048: result: -std=gnu99
configure:4085: checking build system type
configure:4099: result: x86_64-pc-linux-gnu
configure:4119: checking host system type
configure:4132: result: x86_64-pc-linux-gnu
configure:4173: checking how to print strings
configure:4200: result: printf
configure:4221: checking for a sed that does not truncate output
configure:4285: result: /bin/sed
configure:4303: checking for grep that handles long lines and -e
configure:4361: result: /bin/grep
configure:4366: checking for egrep
configure:4428: result: /bin/grep -E
configure:4433: checking for fgrep
configure:4495: result: /bin/grep -F
configure:4530: checking for ld used by gcc -std=gnu99
configure:4597: result: /bin/ld
configure:4604: checking if the linker (/bin/ld) is GNU ld
configure:4619: result: yes
configure:4631: checking for BSD- or MS-compatible name lister (nm)
configure:4685: result: /bin/nm -B
configure:4815: checking the name lister (/bin/nm -B) interface
configure:4822: gcc -std=gnu99 -c -g -O2  conftest.c >&5
configure:4825: /bin/nm -B "conftest.o"
configure:4828: output
0000000000000000 B some_variable
configure:4835: result: BSD nm
configure:4839: checking the maximum length of command line arguments
configure:4970: result: 1572864
configure:5018: checking how to convert x86_64-pc-linux-gnu file names to x86_64-pc-linux-gnu format
configure:5058: result: func_convert_file_noop
configure:5065: checking how to convert x86_64-pc-linux-gnu file names to toolchain format
configure:5085: result: func_convert_file_noop
configure:5092: checking for /bin/ld option to reload object files
configure:5099: result: -r
configure:5173: checking for objdump
configure:5189: found /bin/objdump
configure:5200: result: objdump
configure:5232: checking how to recognize dependent libraries
configure:5432: result: pass_all
configure:5517: checking for dlltool
configure:5547: result: no
configure:5577: checking how to associate runtime and link libraries
configure:5604: result: printf %s\n
configure:5665: checking for ar
configure:5681: found /bin/ar
configure:5692: result: ar
configure:5729: checking for archiver @FILE support
configure:5746: gcc -std=gnu99 -c -g -O2  conftest.c >&5
configure:5746: $? = 0
configure:5749: ar cru libconftest.a @conftest.lst >&5
configure:5752: $? = 0
configure:5757: ar cru libconftest.a @conftest.lst >&5
ar: conftest.o: No such file or directory
configure:5760: $? = 1
configure:5772: result: @
configure:5830: checking for strip
configure:5846: found /bin/strip
configure:5857: result: strip
configure:5929: checking for ranlib
configure:5945: found /bin/ranlib
configure:5956: result: ranlib
configure:6058: checking command to parse /bin/nm -B output from gcc -std=gnu99 object
configure:6211: gcc -std=gnu99 -c -g -O2  conftest.c >&5
configure:6214: $? = 0
configure:6218: /bin/nm -B conftest.o \| sed -n -e 's/^.*[ ]\([ABCDGIRSTW][ABCDGIRSTW]*\)[ ][ ]*\([_A-Za-z][_A-Za-z0-9]*\)$/\1 \2 \2/p' | sed '/ __gnu_lto/d' \> conftest.nm
configure:6221: $? = 0
configure:6287: gcc -std=gnu99 -o conftest -g -O2   conftest.c conftstm.o >&5
configure:6290: $? = 0
configure:6328: result: ok
configure:6375: checking for sysroot
configure:6405: result: no
configure:6412: checking for a working dd
configure:6450: result: /bin/dd
configure:6454: checking how to truncate binary pipes
configure:6469: result: /bin/dd bs=4096 count=1
configure:6605: gcc -std=gnu99 -c -g -O2  conftest.c >&5
configure:6608: $? = 0
configure:6798: checking for mt
configure:6828: result: no
configure:6848: checking if : is a manifest tool
configure:6854: : '-?'
configure:6862: result: no
configure:7539: checking how to run the C preprocessor
configure:7570: gcc -std=gnu99 -E  conftest.c
configure:7570: $? = 0
configure:7584: gcc -std=gnu99 -E  conftest.c
conftest.c:2:28: fatal error: ac_nonexistent.h: No such file or directory
 #include <ac_nonexistent.h>
                            ^
compilation terminated.
configure:7584: $? = 1
configure: failed program was:
| /* end confdefs.h.  */
| #include <ac_nonexistent.h>
configure:7609: result: gcc -std=gnu99 -E
configure:7629: gcc -std=gnu99 -E  conftest.c
configure:7629: $? = 0
configure:7643: gcc -std=gnu99 -E  conftest.c
conftest.c:2:28: fatal error: ac_nonexistent.h: No such file or directory
 #include <ac_nonexistent.h>
                            ^
compilation terminated.
configure:7643: $? = 1
configure: failed program was:
| /* end confdefs.h.  */
| #include <ac_nonexistent.h>
configure:7672: checking for ANSI C header files
configure:7692: gcc -std=gnu99 -c -g -O2  conftest.c >&5
configure:7692: $? = 0
configure:7765: gcc -std=gnu99 -o conftest -g -O2   conftest.c  >&5
configure:7765: $? = 0
configure:7765: ./conftest
configure:7765: $? = 0
configure:7776: result: yes
configure:7789: checking for sys/types.h
configure:7789: gcc -std=gnu99 -c -g -O2  conftest.c >&5
configure:7789: $? = 0
configure:7789: result: yes
configure:7789: checking for sys/stat.h
configure:7789: gcc -std=gnu99 -c -g -O2  conftest.c >&5
configure:7789: $? = 0
configure:7789: result: yes
configure:7789: checking for stdlib.h
configure:7789: gcc -std=gnu99 -c -g -O2  conftest.c >&5
configure:7789: $? = 0
configure:7789: result: yes
configure:7789: checking for string.h
configure:7789: gcc -std=gnu99 -c -g -O2  conftest.c >&5
configure:7789: $? = 0
configure:7789: result: yes
configure:7789: checking for memory.h
configure:7789: gcc -std=gnu99 -c -g -O2  conftest.c >&5
configure:7789: $? = 0
configure:7789: result: yes
configure:7789: checking for strings.h
configure:7789: gcc -std=gnu99 -c -g -O2  conftest.c >&5
configure:7789: $? = 0
configure:7789: result: yes
configure:7789: checking for inttypes.h
configure:7789: gcc -std=gnu99 -c -g -O2  conftest.c >&5
configure:7789: $? = 0
configure:7789: result: yes
configure:7789: checking for stdint.h
configure:7789: gcc -std=gnu99 -c -g -O2  conftest.c >&5
configure:7789: $? = 0
configure:7789: result: yes
configure:7789: checking for unistd.h
configure:7789: gcc -std=gnu99 -c -g -O2  conftest.c >&5
configure:7789: $? = 0
configure:7789: result: yes
configure:7803: checking for dlfcn.h
configure:7803: gcc -std=gnu99 -c -g -O2  conftest.c >&5
configure:7803: $? = 0
configure:7803: result: yes
configure:8059: checking for objdir
configure:8074: result: .libs
configure:8334: checking if gcc -std=gnu99 supports -fno-rtti -fno-exceptions
configure:8352: gcc -std=gnu99 -c -g -O2  -fno-rtti -fno-exceptions conftest.c >&5
cc1: warning: command line option '-fno-rtti' is valid for C++/ObjC++ but not for C [enabled by default]
configure:8356: $? = 0
configure:8369: result: no
configure:8727: checking for gcc -std=gnu99 option to produce PIC
configure:8734: result: -fPIC -DPIC
configure:8742: checking if gcc -std=gnu99 PIC flag -fPIC -DPIC works
configure:8760: gcc -std=gnu99 -c -g -O2  -fPIC -DPIC -DPIC conftest.c >&5
configure:8764: $? = 0
configure:8777: result: yes
configure:8806: checking if gcc -std=gnu99 static flag -static works
configure:8834: result: no
configure:8849: checking if gcc -std=gnu99 supports -c -o file.o
configure:8870: gcc -std=gnu99 -c -g -O2  -o out/conftest2.o conftest.c >&5
configure:8874: $? = 0
configure:8896: result: yes
configure:8904: checking if gcc -std=gnu99 supports -c -o file.o
configure:8951: result: yes
configure:8984: checking whether the gcc -std=gnu99 linker (/bin/ld -m elf_x86_64) supports shared libraries
configure:10243: result: yes
configure:10280: checking whether -lc should be explicitly linked in
configure:10288: gcc -std=gnu99 -c -g -O2  conftest.c >&5
configure:10291: $? = 0
configure:10306: gcc -std=gnu99 -shared  -fPIC -DPIC conftest.o  -v -Wl,-soname -Wl,conftest -o conftest 2\>\&1 \| /bin/grep  -lc  \>/dev/null 2\>\&1
configure:10309: $? = 0
configure:10323: result: no
configure:10483: checking dynamic linker characteristics
configure:11064: gcc -std=gnu99 -o conftest -g -O2   -Wl,-rpath -Wl,/foo conftest.c  >&5
configure:11064: $? = 0
configure:11304: result: GNU/Linux ld.so
configure:11426: checking how to hardcode library paths into programs
configure:11451: result: immediate
configure:11999: checking whether stripping libraries is possible
configure:12004: result: yes
configure:12039: checking if libtool supports shared libraries
configure:12041: result: yes
configure:12044: checking whether to build shared libraries
configure:12069: result: yes
configure:12072: checking whether to build static libraries
configure:12076: result: yes
configure:12122: checking for ANSI C header files
configure:12226: result: yes
configure:12235: checking for an ANSI C-conforming const
configure:12301: gcc -std=gnu99 -c -Wall -g -O2  -I./.. -I.. conftest.c >&5
configure:12301: $? = 0
configure:12308: result: yes
configure:12316: checking for size_t
configure:12316: gcc -std=gnu99 -c -Wall -g -O2  -I./.. -I.. conftest.c >&5
configure:12316: $? = 0
configure:12316: gcc -std=gnu99 -c -Wall -g -O2  -I./.. -I.. conftest.c >&5
conftest.c: In function 'main':
conftest.c:51:21: error: expected expression before ')' token
 if (sizeof ((size_t)))
                     ^
configure:12316: $? = 1
configure: failed program was:
| #define STDC_HEADERS 1
| #define HAVE_SYS_TYPES_H 1
| #define HAVE_SYS_STAT_H 1
| #define HAVE_STDLIB_H 1
| #define HAVE_STRING_H 1
| #define HAVE_MEMORY_H 1
| #define HAVE_STRINGS_H 1
| #define HAVE_INTTYPES_H 1
| #define HAVE_STDINT_H 1
| #define HAVE_UNISTD_H 1
| #define HAVE_DLFCN_H 1
| #define LT_OBJDIR ".libs/"
| #define STDC_HEADERS 1
| /* end confdefs.h.  */
| #include <stdio.h>
| #ifdef HAVE_SYS_TYPES_H
| # include <sys/types.h>
| #endif
| #ifdef HAVE_SYS_STAT_H
| # include <sys/stat.h>
| #endif
| #ifdef STDC_HEADERS
| # include <stdlib.h>
| # include <stddef.h>
| #else
| # ifdef HAVE_STDLIB_H
| #  include <stdlib.h>
| # endif
| #endif
| #ifdef HAVE_STRING_H
| # if !defined STDC_HEADERS && defined HAVE_MEMORY_H
| #  include <memory.h>
| # endif
| # include <string.h>
| #endif
| #ifdef HAVE_STRINGS_H
| # include <strings.h>
| #endif
| #ifdef HAVE_INTTYPES_H
| # include <inttypes.h>
| #endif
| #ifdef HAVE_STDINT_H
| # include <stdint.h>
| #endif
| #ifdef HAVE_UNISTD_H
| # include <unistd.h>
| #endif
| int
| main ()
| {
| if (sizeof ((size_t)))
| 	    return 0;
|   ;
|   return 0;
| }
configure:12316: result: yes
configure:12470: checking that generated files are newer than configure
configure:12476: result: done
configure:12499: creating ./config.status

## ---------------------- ##
## Running config.status. ##
## ---------------------- ##

This file was extended by libhmac config.status 1.00, which was
generated by GNU Autoconf 2.69.  Invocation command line was

  CONFIG_FILES    = 
  CONFIG_HEADERS  = 
  CONFIG_LINKS    = 
  CONFIG_COMMANDS = 
  $ ./config.status 

on RainYun7NQgzU7l

config.status:1079: creating Makefile
config.status:1079: creating config.h
config.status:1308: executing depfiles commands
config.status:1385: cd .       && sed -e '/# am--include-marker/d' Makefile         | make -f - am--depfiles
config.status:1390: $? = 0
config.status:1308: executing libtool commands

## ---------------- ##
## Cache variables. ##
## ---------------- ##

ac_cv_build=x86_64-pc-linux-gnu
ac_cv_c_compiler_gnu=yes
ac_cv_c_const=yes
ac_cv_env_CC_set=
ac_cv_env_CC_value=
ac_cv_env_CFLAGS_set=
ac_cv_env_CFLAGS_value=
ac_cv_env_CPPFLAGS_set=
ac_cv_env_CPPFLAGS_value=
ac_cv_env_CPP_set=
ac_cv_env_CPP_value=
ac_cv_env_LDFLAGS_set=
ac_cv_env_LDFLAGS_value=
ac_cv_env_LIBS_set=
ac_cv_env_LIBS_value=
ac_cv_env_LT_SYS_LIBRARY_PATH_set=
ac_cv_env_LT_SYS_LIBRARY_PATH_value=
ac_cv_env_build_alias_set=
ac_cv_env_build_alias_value=
ac_cv_env_host_alias_set=
ac_cv_env_host_alias_value=
ac_cv_env_target_alias_set=
ac_cv_env_target_alias_value=
ac_cv_header_dlfcn_h=yes
ac_cv_header_inttypes_h=yes
ac_cv_header_memory_h=yes
ac_cv_header_stdc=yes
ac_cv_header_stdint_h=yes
ac_cv_header_stdlib_h=yes
ac_cv_header_string_h=yes
ac_cv_header_strings_h=yes
ac_cv_header_sys_stat_h=yes
ac_cv_header_sys_types_h=yes
ac_cv_header_unistd_h=yes
ac_cv_host=x86_64-pc-linux-gnu
ac_cv_objext=o
ac_cv_path_EGREP='/bin/grep -E'
ac_cv_path_FGREP='/bin/grep -F'
ac_cv_path_GREP=/bin/grep
ac_cv_path_SED=/bin/sed
ac_cv_path_install='/bin/install -c'
ac_cv_path_lt_DD=/bin/dd
ac_cv_path_mkdir=/bin/mkdir
ac_cv_prog_AWK=gawk
ac_cv_prog_CPP='gcc -std=gnu99 -E'
ac_cv_prog_ac_ct_AR=ar
ac_cv_prog_ac_ct_CC=gcc
ac_cv_prog_ac_ct_OBJDUMP=objdump
ac_cv_prog_ac_ct_RANLIB=ranlib
ac_cv_prog_ac_ct_STRIP=strip
ac_cv_prog_cc_c89=
ac_cv_prog_cc_c99=-std=gnu99
ac_cv_prog_cc_g=yes
ac_cv_prog_make_make_set=yes
ac_cv_type_size_t=yes
am_cv_CC_dependencies_compiler_type=gcc3
am_cv_make_support_nested_variables=yes
am_cv_prog_cc_c_o=yes
lt_cv_ar_at_file=@
lt_cv_archive_cmds_need_lc=no
lt_cv_deplibs_check_method=pass_all
lt_cv_file_magic_cmd='$MAGIC_CMD'
lt_cv_file_magic_test_file=
lt_cv_ld_reload_flag=-r
lt_cv_nm_interface='BSD nm'
lt_cv_objdir=.libs
lt_cv_path_LD=/bin/ld
lt_cv_path_NM='/bin/nm -B'
lt_cv_path_mainfest_tool=no
lt_cv_prog_compiler_c_o=yes
lt_cv_prog_compiler_pic='-fPIC -DPIC'
lt_cv_prog_compiler_pic_works=yes
lt_cv_prog_compiler_rtti_exceptions=no
lt_cv_prog_compiler_static_works=no
lt_cv_prog_gnu_ld=yes
lt_cv_sharedlib_from_linklib_cmd='printf %s\n'
lt_cv_shlibpath_overrides_runpath=no
lt_cv_sys_global_symbol_pipe='sed -n -e '\''s/^.*[	 ]\([ABCDGIRSTW][ABCDGIRSTW]*\)[	 ][	 ]*\([_A-Za-z][_A-Za-z0-9]*\)$/\1 \2 \2/p'\'' | sed '\''/ __gnu_lto/d'\'''
lt_cv_sys_global_symbol_to_c_name_address='sed -n -e '\''s/^: \(.*\) .*$/  {"\1", (void *) 0},/p'\'' -e '\''s/^[ABCDGIRSTW][ABCDGIRSTW]* .* \(.*\)$/  {"\1", (void *) \&\1},/p'\'''
lt_cv_sys_global_symbol_to_c_name_address_lib_prefix='sed -n -e '\''s/^: \(.*\) .*$/  {"\1", (void *) 0},/p'\'' -e '\''s/^[ABCDGIRSTW][ABCDGIRSTW]* .* \(lib.*\)$/  {"\1", (void *) \&\1},/p'\'' -e '\''s/^[ABCDGIRSTW][ABCDGIRSTW]* .* \(.*\)$/  {"lib\1", (void *) \&\1},/p'\'''
lt_cv_sys_global_symbol_to_cdecl='sed -n -e '\''s/^T .* \(.*\)$/extern int \1();/p'\'' -e '\''s/^[ABCDGIRSTW][ABCDGIRSTW]* .* \(.*\)$/extern char \1;/p'\'''
lt_cv_sys_global_symbol_to_import=
lt_cv_sys_max_cmd_len=1572864
lt_cv_to_host_file_cmd=func_convert_file_noop
lt_cv_to_tool_file_cmd=func_convert_file_noop
lt_cv_truncate_bin='/bin/dd bs=4096 count=1'

## ----------------- ##
## Output variables. ##
## ----------------- ##

ACLOCAL='${SHELL} /root/bt-mail-system/courier-authlib-0.71.3/missing aclocal-1.16'
AMDEPBACKSLASH='\'
AMDEP_FALSE='#'
AMDEP_TRUE=''
AMTAR='$${TAR-tar}'
AM_BACKSLASH='\'
AM_DEFAULT_V='$(AM_DEFAULT_VERBOSITY)'
AM_DEFAULT_VERBOSITY='1'
AM_V='$(V)'
AR='ar'
AUTOCONF='${SHELL} /root/bt-mail-system/courier-authlib-0.71.3/missing autoconf'
AUTOHEADER='${SHELL} /root/bt-mail-system/courier-authlib-0.71.3/missing autoheader'
AUTOMAKE='${SHELL} /root/bt-mail-system/courier-authlib-0.71.3/missing automake-1.16'
AWK='gawk'
CC='gcc -std=gnu99'
CCDEPMODE='depmode=gcc3'
CFLAGS='-Wall -g -O2'
CPP='gcc -std=gnu99 -E'
CPPFLAGS=' -I./.. -I..'
CYGPATH_W='echo'
DEFS='-DHAVE_CONFIG_H'
DEPDIR='.deps'
DLLTOOL='false'
DSYMUTIL=''
DUMPBIN=''
ECHO_C=''
ECHO_N='-n'
ECHO_T=''
EGREP='/bin/grep -E'
EXEEXT=''
FGREP='/bin/grep -F'
GREP='/bin/grep'
INSTALL_DATA='${INSTALL} -m 644'
INSTALL_PROGRAM='${INSTALL}'
INSTALL_SCRIPT='${INSTALL}'
INSTALL_STRIP_PROGRAM='$(install_sh) -c -s'
LD='/bin/ld -m elf_x86_64'
LDFLAGS=''
LIBOBJS=''
LIBS=''
LIBTOOL='$(SHELL) $(top_builddir)/libtool'
LIPO=''
LN_S='ln -s'
LTLIBOBJS=''
LT_SYS_LIBRARY_PATH=''
MAKEINFO='${SHELL} /root/bt-mail-system/courier-authlib-0.71.3/missing makeinfo'
MANIFEST_TOOL=':'
MKDIR_P='/bin/mkdir -p'
NM='/bin/nm -B'
NMEDIT=''
OBJDUMP='objdump'
OBJEXT='o'
OTOOL64=''
OTOOL=''
PACKAGE='libhmac'
PACKAGE_BUGREPORT='courier-users@lists.sourceforge.net'
PACKAGE_NAME='libhmac'
PACKAGE_STRING='libhmac 1.00'
PACKAGE_TARNAME='libhmac'
PACKAGE_URL=''
PACKAGE_VERSION='1.00'
PATH_SEPARATOR=':'
RANLIB='ranlib'
SED='/bin/sed'
SET_MAKE=''
SHELL='/bin/sh'
STRIP='strip'
TESTPROGS=' md5hmactest sha1hmactest'
VERSION='1.00'
ac_ct_AR='ar'
ac_ct_CC='gcc'
ac_ct_DUMPBIN=''
am__EXEEXT_FALSE=''
am__EXEEXT_TRUE='#'
am__fastdepCC_FALSE='#'
am__fastdepCC_TRUE=''
am__include='include'
am__isrc=''
am__leading_dot='.'
am__nodep='_no'
am__quote=''
am__tar='$${TAR-tar} chof - "$$tardir"'
am__untar='$${TAR-tar} xf -'
bindir='${exec_prefix}/bin'
build='x86_64-pc-linux-gnu'
build_alias=''
build_cpu='x86_64'
build_os='linux-gnu'
build_vendor='pc'
datadir='${datarootdir}'
datarootdir='${prefix}/share'
docdir='${datarootdir}/doc/${PACKAGE_TARNAME}'
dvidir='${docdir}'
exec_prefix='${prefix}'
hashlibs=' ../md5/libmd5.la ../sha1/libsha1.la'
host='x86_64-pc-linux-gnu'
host_alias=''
host_cpu='x86_64'
host_os='linux-gnu'
host_vendor='pc'
htmldir='${docdir}'
includedir='${prefix}/include'
infodir='${datarootdir}/info'
install_sh='${SHELL} /root/bt-mail-system/courier-authlib-0.71.3/install-sh'
libdir='${exec_prefix}/lib'
libexecdir='${exec_prefix}/libexec'
localedir='${datarootdir}/locale'
localstatedir='${prefix}/var'
mandir='${datarootdir}/man'
mkdir_p='$(MKDIR_P)'
oldincludedir='/usr/include'
pdfdir='${docdir}'
prefix='/test'
program_transform_name='s,x,x,'
psdir='${docdir}'
sbindir='${exec_prefix}/sbin'
sharedstatedir='${prefix}/com'
sysconfdir='${prefix}/etc'
target_alias=''

## ----------- ##
## confdefs.h. ##
## ----------- ##

#define STDC_HEADERS 1
#define HAVE_SYS_TYPES_H 1
#define HAVE_SYS_STAT_H 1
#define HAVE_STDLIB_H 1
#define HAVE_STRING_H 1
#define HAVE_MEMORY_H 1
#define HAVE_STRINGS_H 1
#define HAVE_INTTYPES_H 1
#define HAVE_STDINT_H 1
#define HAVE_UNISTD_H 1
#define HAVE_DLFCN_H 1
#define LT_OBJDIR ".libs/"
#define STDC_HEADERS 1
#define HMAC_LIST  &hmac_md5, &hmac_sha1, &hmac_sha256,  0

configure: exit 0
