This file contains any messages produced by compilers while
running configure, to aid debugging if configure makes a mistake.

It was created by libsha1 configure 1.21, which was
generated by GNU Autoconf 2.69.  Invocation command line was

  $ ./configure --disable-option-checking --prefix=/test --enable-ltdl-convenience --with-db=gdbm --with-makedatprog=/test/libexec/courier-authlib/makedatprog --with-userdb=/test/etc/authlib/userdb --with-mailuser=daemon --with-mailgroup=daemon --cache-file=/dev/null --srcdir=.

## --------- ##
## Platform. ##
## --------- ##

hostname = RainYun7NQgzU7l
uname -m = x86_64
uname -r = 3.10.0-1062.el7.x86_64
uname -s = Linux
uname -v = #1 SMP Wed Aug 7 18:08:02 UTC 2019

/usr/bin/uname -p = x86_64
/bin/uname -X     = unknown

/bin/arch              = x86_64
/usr/bin/arch -k       = unknown
/usr/convex/getsysinfo = unknown
/usr/bin/hostinfo      = unknown
/bin/machine           = unknown
/usr/bin/oslevel       = unknown
/bin/universe          = unknown

PATH: /usr/local/sbin
PATH: /usr/local/bin
PATH: /sbin
PATH: /bin
PATH: /usr/sbin
PATH: /usr/bin
PATH: /root/bin


## ----------- ##
## Core tests. ##
## ----------- ##

configure:2457: checking for a BSD-compatible install
configure:2525: result: /bin/install -c
configure:2536: checking whether build environment is sane
configure:2591: result: yes
configure:2742: checking for a thread-safe mkdir -p
configure:2781: result: /bin/mkdir -p
configure:2788: checking for gawk
configure:2804: found /bin/gawk
configure:2815: result: gawk
configure:2826: checking whether make sets $(MAKE)
configure:2848: result: yes
configure:2877: checking whether make supports nested variables
configure:2894: result: yes
configure:3069: checking for gcc
configure:3085: found /bin/gcc
configure:3096: result: gcc
configure:3325: checking for C compiler version
configure:3334: gcc --version >&5
gcc (GCC) 4.8.5 20150623 (Red Hat 4.8.5-44)
Copyright (C) 2015 Free Software Foundation, Inc.
This is free software; see the source for copying conditions.  There is NO
warranty; not even for MERCHANTABILITY or FITNESS FOR A PARTICULAR PURPOSE.

configure:3345: $? = 0
configure:3334: gcc -v >&5
Using built-in specs.
COLLECT_GCC=gcc
COLLECT_LTO_WRAPPER=/usr/libexec/gcc/x86_64-redhat-linux/4.8.5/lto-wrapper
Target: x86_64-redhat-linux
Configured with: ../configure --prefix=/usr --mandir=/usr/share/man --infodir=/usr/share/info --with-bugurl=http://bugzilla.redhat.com/bugzilla --enable-bootstrap --enable-shared --enable-threads=posix --enable-checking=release --with-system-zlib --enable-__cxa_atexit --disable-libunwind-exceptions --enable-gnu-unique-object --enable-linker-build-id --with-linker-hash-style=gnu --enable-languages=c,c++,objc,obj-c++,java,fortran,ada,go,lto --enable-plugin --enable-initfini-array --disable-libgcj --with-isl=/builddir/build/BUILD/gcc-4.8.5-20150702/obj-x86_64-redhat-linux/isl-install --with-cloog=/builddir/build/BUILD/gcc-4.8.5-20150702/obj-x86_64-redhat-linux/cloog-install --enable-gnu-indirect-function --with-tune=generic --with-arch_32=x86-64 --build=x86_64-redhat-linux
Thread model: posix
gcc version 4.8.5 20150623 (Red Hat 4.8.5-44) (GCC) 
configure:3345: $? = 0
configure:3334: gcc -V >&5
gcc: error: unrecognized command line option '-V'
gcc: fatal error: no input files
compilation terminated.
configure:3345: $? = 4
configure:3334: gcc -qversion >&5
gcc: error: unrecognized command line option '-qversion'
gcc: fatal error: no input files
compilation terminated.
configure:3345: $? = 4
configure:3365: checking whether the C compiler works
configure:3387: gcc    conftest.c  >&5
configure:3391: $? = 0
configure:3439: result: yes
configure:3442: checking for C compiler default output file name
configure:3444: result: a.out
configure:3450: checking for suffix of executables
configure:3457: gcc -o conftest    conftest.c  >&5
configure:3461: $? = 0
configure:3483: result: 
configure:3505: checking whether we are cross compiling
configure:3513: gcc -o conftest    conftest.c  >&5
configure:3517: $? = 0
configure:3524: ./conftest
configure:3528: $? = 0
configure:3543: result: no
configure:3548: checking for suffix of object files
configure:3570: gcc -c   conftest.c >&5
configure:3574: $? = 0
configure:3595: result: o
configure:3599: checking whether we are using the GNU C compiler
configure:3618: gcc -c   conftest.c >&5
configure:3618: $? = 0
configure:3627: result: yes
configure:3636: checking whether gcc accepts -g
configure:3656: gcc -c -g  conftest.c >&5
configure:3656: $? = 0
configure:3697: result: yes
configure:3714: checking for gcc option to accept ISO C89
configure:3777: gcc  -c -g -O2  conftest.c >&5
configure:3777: $? = 0
configure:3790: result: none needed
configure:3815: checking whether gcc understands -c and -o together
configure:3837: gcc -c conftest.c -o conftest2.o
configure:3840: $? = 0
configure:3837: gcc -c conftest.c -o conftest2.o
configure:3840: $? = 0
configure:3852: result: yes
configure:3872: checking whether make supports the include directive
configure:3887: make -f confmf.GNU && cat confinc.out
this is the am__doit target
configure:3890: $? = 0
configure:3909: result: yes (GNU style)
configure:3934: checking dependency style of gcc
configure:4045: result: gcc3
configure:4060: checking for gcc option to accept ISO C99
configure:4209: gcc  -c -g -O2  conftest.c >&5
conftest.c:52:29: error: expected ';', ',' or ')' before 'text'
 test_restrict (ccp restrict text)
                             ^
conftest.c: In function 'main':
conftest.c:106:18: error: expected '=', ',', ';', 'asm' or '__attribute__' before 'newvar'
   char *restrict newvar = "Another string";
                  ^
conftest.c:106:18: error: 'newvar' undeclared (first use in this function)
conftest.c:106:18: note: each undeclared identifier is reported only once for each function it appears in
conftest.c:116:3: error: 'for' loop initial declarations are only allowed in C99 mode
   for (int i = 0; i < ia->datasize; ++i)
   ^
conftest.c:116:3: note: use option -std=c99 or -std=gnu99 to compile your code
configure:4209: $? = 1
configure: failed program was:
| /* end confdefs.h.  */
| #include <stdarg.h>
| #include <stdbool.h>
| #include <stdlib.h>
| #include <wchar.h>
| #include <stdio.h>
| 
| // Check varargs macros.  These examples are taken from C99 6.10.3.5.
| #define debug(...) fprintf (stderr, __VA_ARGS__)
| #define showlist(...) puts (#__VA_ARGS__)
| #define report(test,...) ((test) ? puts (#test) : printf (__VA_ARGS__))
| static void
| test_varargs_macros (void)
| {
|   int x = 1234;
|   int y = 5678;
|   debug ("Flag");
|   debug ("X = %d\n", x);
|   showlist (The first, second, and third items.);
|   report (x>y, "x is %d but y is %d", x, y);
| }
| 
| // Check long long types.
| #define BIG64 18446744073709551615ull
| #define BIG32 4294967295ul
| #define BIG_OK (BIG64 / BIG32 == 4294967297ull && BIG64 % BIG32 == 0)
| #if !BIG_OK
|   your preprocessor is broken;
| #endif
| #if BIG_OK
| #else
|   your preprocessor is broken;
| #endif
| static long long int bignum = -9223372036854775807LL;
| static unsigned long long int ubignum = BIG64;
| 
| struct incomplete_array
| {
|   int datasize;
|   double data[];
| };
| 
| struct named_init {
|   int number;
|   const wchar_t *name;
|   double average;
| };
| 
| typedef const char *ccp;
| 
| static inline int
| test_restrict (ccp restrict text)
| {
|   // See if C++-style comments work.
|   // Iterate through items via the restricted pointer.
|   // Also check for declarations in for loops.
|   for (unsigned int i = 0; *(text+i) != '\0'; ++i)
|     continue;
|   return 0;
| }
| 
| // Check varargs and va_copy.
| static void
| test_varargs (const char *format, ...)
| {
|   va_list args;
|   va_start (args, format);
|   va_list args_copy;
|   va_copy (args_copy, args);
| 
|   const char *str;
|   int number;
|   float fnumber;
| 
|   while (*format)
|     {
|       switch (*format++)
| 	{
| 	case 's': // string
| 	  str = va_arg (args_copy, const char *);
| 	  break;
| 	case 'd': // int
| 	  number = va_arg (args_copy, int);
| 	  break;
| 	case 'f': // float
| 	  fnumber = va_arg (args_copy, double);
| 	  break;
| 	default:
| 	  break;
| 	}
|     }
|   va_end (args_copy);
|   va_end (args);
| }
| 
| int
| main ()
| {
| 
|   // Check bool.
|   _Bool success = false;
| 
|   // Check restrict.
|   if (test_restrict ("String literal") == 0)
|     success = true;
|   char *restrict newvar = "Another string";
| 
|   // Check varargs.
|   test_varargs ("s, d' f .", "string", 65, 34.234);
|   test_varargs_macros ();
| 
|   // Check flexible array members.
|   struct incomplete_array *ia =
|     malloc (sizeof (struct incomplete_array) + (sizeof (double) * 10));
|   ia->datasize = 10;
|   for (int i = 0; i < ia->datasize; ++i)
|     ia->data[i] = i * 1.234;
| 
|   // Check named initializers.
|   struct named_init ni = {
|     .number = 34,
|     .name = L"Test wide string",
|     .average = 543.34343,
|   };
| 
|   ni.number = 58;
| 
|   int dynamic_array[ni.number];
|   dynamic_array[ni.number - 1] = 543;
| 
|   // work around unused variable warnings
|   return (!success || bignum == 0LL || ubignum == 0uLL || newvar[0] == 'x'
| 	  || dynamic_array[ni.number - 1] != 543);
| 
|   ;
|   return 0;
| }
configure:4209: gcc -std=gnu99 -c -g -O2  conftest.c >&5
configure:4209: $? = 0
configure:4229: result: -std=gnu99
configure:4238: checking whether ln -s works
configure:4242: result: yes
configure:4278: checking build system type
configure:4292: result: x86_64-pc-linux-gnu
configure:4312: checking host system type
configure:4325: result: x86_64-pc-linux-gnu
configure:4366: checking how to print strings
configure:4393: result: printf
configure:4414: checking for a sed that does not truncate output
configure:4478: result: /bin/sed
configure:4496: checking for grep that handles long lines and -e
configure:4554: result: /bin/grep
configure:4559: checking for egrep
configure:4621: result: /bin/grep -E
configure:4626: checking for fgrep
configure:4688: result: /bin/grep -F
configure:4723: checking for ld used by gcc -std=gnu99
configure:4790: result: /bin/ld
configure:4797: checking if the linker (/bin/ld) is GNU ld
configure:4812: result: yes
configure:4824: checking for BSD- or MS-compatible name lister (nm)
configure:4878: result: /bin/nm -B
configure:5008: checking the name lister (/bin/nm -B) interface
configure:5015: gcc -std=gnu99 -c -g -O2  conftest.c >&5
configure:5018: /bin/nm -B "conftest.o"
configure:5021: output
0000000000000000 B some_variable
configure:5028: result: BSD nm
configure:5032: checking the maximum length of command line arguments
configure:5163: result: 1572864
configure:5211: checking how to convert x86_64-pc-linux-gnu file names to x86_64-pc-linux-gnu format
configure:5251: result: func_convert_file_noop
configure:5258: checking how to convert x86_64-pc-linux-gnu file names to toolchain format
configure:5278: result: func_convert_file_noop
configure:5285: checking for /bin/ld option to reload object files
configure:5292: result: -r
configure:5366: checking for objdump
configure:5382: found /bin/objdump
configure:5393: result: objdump
configure:5425: checking how to recognize dependent libraries
configure:5625: result: pass_all
configure:5710: checking for dlltool
configure:5740: result: no
configure:5770: checking how to associate runtime and link libraries
configure:5797: result: printf %s\n
configure:5858: checking for ar
configure:5874: found /bin/ar
configure:5885: result: ar
configure:5922: checking for archiver @FILE support
configure:5939: gcc -std=gnu99 -c -g -O2  conftest.c >&5
configure:5939: $? = 0
configure:5942: ar cru libconftest.a @conftest.lst >&5
configure:5945: $? = 0
configure:5950: ar cru libconftest.a @conftest.lst >&5
ar: conftest.o: No such file or directory
configure:5953: $? = 1
configure:5965: result: @
configure:6023: checking for strip
configure:6039: found /bin/strip
configure:6050: result: strip
configure:6122: checking for ranlib
configure:6138: found /bin/ranlib
configure:6149: result: ranlib
configure:6251: checking command to parse /bin/nm -B output from gcc -std=gnu99 object
configure:6404: gcc -std=gnu99 -c -g -O2  conftest.c >&5
configure:6407: $? = 0
configure:6411: /bin/nm -B conftest.o \| sed -n -e 's/^.*[ ]\([ABCDGIRSTW][ABCDGIRSTW]*\)[ ][ ]*\([_A-Za-z][_A-Za-z0-9]*\)$/\1 \2 \2/p' | sed '/ __gnu_lto/d' \> conftest.nm
configure:6414: $? = 0
configure:6480: gcc -std=gnu99 -o conftest -g -O2   conftest.c conftstm.o >&5
configure:6483: $? = 0
configure:6521: result: ok
configure:6568: checking for sysroot
configure:6598: result: no
configure:6605: checking for a working dd
configure:6643: result: /bin/dd
configure:6647: checking how to truncate binary pipes
configure:6662: result: /bin/dd bs=4096 count=1
configure:6798: gcc -std=gnu99 -c -g -O2  conftest.c >&5
configure:6801: $? = 0
configure:6991: checking for mt
configure:7021: result: no
configure:7041: checking if : is a manifest tool
configure:7047: : '-?'
configure:7055: result: no
configure:7732: checking how to run the C preprocessor
configure:7763: gcc -std=gnu99 -E  conftest.c
configure:7763: $? = 0
configure:7777: gcc -std=gnu99 -E  conftest.c
conftest.c:2:28: fatal error: ac_nonexistent.h: No such file or directory
 #include <ac_nonexistent.h>
                            ^
compilation terminated.
configure:7777: $? = 1
configure: failed program was:
| /* end confdefs.h.  */
| #include <ac_nonexistent.h>
configure:7802: result: gcc -std=gnu99 -E
configure:7822: gcc -std=gnu99 -E  conftest.c
configure:7822: $? = 0
configure:7836: gcc -std=gnu99 -E  conftest.c
conftest.c:2:28: fatal error: ac_nonexistent.h: No such file or directory
 #include <ac_nonexistent.h>
                            ^
compilation terminated.
configure:7836: $? = 1
configure: failed program was:
| /* end confdefs.h.  */
| #include <ac_nonexistent.h>
configure:7865: checking for ANSI C header files
configure:7885: gcc -std=gnu99 -c -g -O2  conftest.c >&5
configure:7885: $? = 0
configure:7958: gcc -std=gnu99 -o conftest -g -O2   conftest.c  >&5
configure:7958: $? = 0
configure:7958: ./conftest
configure:7958: $? = 0
configure:7969: result: yes
configure:7982: checking for sys/types.h
configure:7982: gcc -std=gnu99 -c -g -O2  conftest.c >&5
configure:7982: $? = 0
configure:7982: result: yes
configure:7982: checking for sys/stat.h
configure:7982: gcc -std=gnu99 -c -g -O2  conftest.c >&5
configure:7982: $? = 0
configure:7982: result: yes
configure:7982: checking for stdlib.h
configure:7982: gcc -std=gnu99 -c -g -O2  conftest.c >&5
configure:7982: $? = 0
configure:7982: result: yes
configure:7982: checking for string.h
configure:7982: gcc -std=gnu99 -c -g -O2  conftest.c >&5
configure:7982: $? = 0
configure:7982: result: yes
configure:7982: checking for memory.h
configure:7982: gcc -std=gnu99 -c -g -O2  conftest.c >&5
configure:7982: $? = 0
configure:7982: result: yes
configure:7982: checking for strings.h
configure:7982: gcc -std=gnu99 -c -g -O2  conftest.c >&5
configure:7982: $? = 0
configure:7982: result: yes
configure:7982: checking for inttypes.h
configure:7982: gcc -std=gnu99 -c -g -O2  conftest.c >&5
configure:7982: $? = 0
configure:7982: result: yes
configure:7982: checking for stdint.h
configure:7982: gcc -std=gnu99 -c -g -O2  conftest.c >&5
configure:7982: $? = 0
configure:7982: result: yes
configure:7982: checking for unistd.h
configure:7982: gcc -std=gnu99 -c -g -O2  conftest.c >&5
configure:7982: $? = 0
configure:7982: result: yes
configure:7996: checking for dlfcn.h
configure:7996: gcc -std=gnu99 -c -g -O2  conftest.c >&5
configure:7996: $? = 0
configure:7996: result: yes
configure:8252: checking for objdir
configure:8267: result: .libs
configure:8527: checking if gcc -std=gnu99 supports -fno-rtti -fno-exceptions
configure:8545: gcc -std=gnu99 -c -g -O2  -fno-rtti -fno-exceptions conftest.c >&5
cc1: warning: command line option '-fno-rtti' is valid for C++/ObjC++ but not for C [enabled by default]
configure:8549: $? = 0
configure:8562: result: no
configure:8920: checking for gcc -std=gnu99 option to produce PIC
configure:8927: result: -fPIC -DPIC
configure:8935: checking if gcc -std=gnu99 PIC flag -fPIC -DPIC works
configure:8953: gcc -std=gnu99 -c -g -O2  -fPIC -DPIC -DPIC conftest.c >&5
configure:8957: $? = 0
configure:8970: result: yes
configure:8999: checking if gcc -std=gnu99 static flag -static works
configure:9027: result: no
configure:9042: checking if gcc -std=gnu99 supports -c -o file.o
configure:9063: gcc -std=gnu99 -c -g -O2  -o out/conftest2.o conftest.c >&5
configure:9067: $? = 0
configure:9089: result: yes
configure:9097: checking if gcc -std=gnu99 supports -c -o file.o
configure:9144: result: yes
configure:9177: checking whether the gcc -std=gnu99 linker (/bin/ld -m elf_x86_64) supports shared libraries
configure:10436: result: yes
configure:10473: checking whether -lc should be explicitly linked in
configure:10481: gcc -std=gnu99 -c -g -O2  conftest.c >&5
configure:10484: $? = 0
configure:10499: gcc -std=gnu99 -shared  -fPIC -DPIC conftest.o  -v -Wl,-soname -Wl,conftest -o conftest 2\>\&1 \| /bin/grep  -lc  \>/dev/null 2\>\&1
configure:10502: $? = 0
configure:10516: result: no
configure:10676: checking dynamic linker characteristics
configure:11257: gcc -std=gnu99 -o conftest -g -O2   -Wl,-rpath -Wl,/foo conftest.c  >&5
configure:11257: $? = 0
configure:11497: result: GNU/Linux ld.so
configure:11619: checking how to hardcode library paths into programs
configure:11644: result: immediate
configure:12192: checking whether stripping libraries is possible
configure:12197: result: yes
configure:12232: checking if libtool supports shared libraries
configure:12234: result: yes
configure:12237: checking whether to build shared libraries
configure:12262: result: yes
configure:12265: checking whether to build static libraries
configure:12269: result: yes
configure:12317: checking for sys/types.h
configure:12317: result: yes
configure:12335: checking for uint32_t
configure:12355: gcc -std=gnu99 -c -Wall -g -O2 -I./.. -I..  conftest.c >&5
conftest.c: In function 'main':
conftest.c:24:4: error: unknown type name 'uint32_t'
    uint32_t i=0;
    ^
conftest.c:24:13: warning: unused variable 'i' [-Wunused-variable]
    uint32_t i=0;
             ^
configure:12355: $? = 1
configure: failed program was:
| #define STDC_HEADERS 1
| #define HAVE_SYS_TYPES_H 1
| #define HAVE_SYS_STAT_H 1
| #define HAVE_STDLIB_H 1
| #define HAVE_STRING_H 1
| #define HAVE_MEMORY_H 1
| #define HAVE_STRINGS_H 1
| #define HAVE_INTTYPES_H 1
| #define HAVE_STDINT_H 1
| #define HAVE_UNISTD_H 1
| #define HAVE_DLFCN_H 1
| #define LT_OBJDIR ".libs/"
| #define HAVE_SYS_TYPES_H 1
| /* end confdefs.h.  */
| 
| #if HAVE_SYS_TYPES_H
| #include	<sys/types.h>
| #endif
| 
| int
| main ()
| {
| 
| 			uint32_t	i=0;
| 
|   ;
|   return 0;
| }
configure:12361: result: no
configure:12363: checking for u_int_32_t
configure:12383: gcc -std=gnu99 -c -Wall -g -O2 -I./.. -I..  conftest.c >&5
conftest.c: In function 'main':
conftest.c:24:15: warning: unused variable 'i' [-Wunused-variable]
     u_int32_t i=0;
               ^
configure:12383: $? = 0
configure:12384: result: yes
configure:12531: checking for uint64_t
configure:12551: gcc -std=gnu99 -c -Wall -g -O2 -I./.. -I..  conftest.c >&5
conftest.c: In function 'main':
conftest.c:25:4: error: unknown type name 'uint64_t'
    uint64_t i=0;
    ^
conftest.c:25:13: warning: unused variable 'i' [-Wunused-variable]
    uint64_t i=0;
             ^
configure:12551: $? = 1
configure: failed program was:
| #define STDC_HEADERS 1
| #define HAVE_SYS_TYPES_H 1
| #define HAVE_SYS_STAT_H 1
| #define HAVE_STDLIB_H 1
| #define HAVE_STRING_H 1
| #define HAVE_MEMORY_H 1
| #define HAVE_STRINGS_H 1
| #define HAVE_INTTYPES_H 1
| #define HAVE_STDINT_H 1
| #define HAVE_UNISTD_H 1
| #define HAVE_DLFCN_H 1
| #define LT_OBJDIR ".libs/"
| #define HAVE_SYS_TYPES_H 1
| #define SHA1_WORD u_int32_t
| /* end confdefs.h.  */
| 
| #if HAVE_SYS_TYPES_H
| #include	<sys/types.h>
| #endif
| 
| int
| main ()
| {
| 
| 			uint64_t	i=0;
| 
|   ;
|   return 0;
| }
configure:12557: result: no
configure:12559: checking for u_int_64_t
configure:12579: gcc -std=gnu99 -c -Wall -g -O2 -I./.. -I..  conftest.c >&5
conftest.c: In function 'main':
conftest.c:25:15: warning: unused variable 'i' [-Wunused-variable]
     u_int64_t i=0;
               ^
configure:12579: $? = 0
configure:12580: result: yes
configure:12757: checking for an ANSI C-conforming const
configure:12823: gcc -std=gnu99 -c -Wall -g -O2 -I./.. -I..  conftest.c >&5
configure:12823: $? = 0
configure:12830: result: yes
configure:12845: checking for special C compiler options needed for large files
configure:12890: result: no
configure:12896: checking for _FILE_OFFSET_BITS value needed for large files
configure:12921: gcc -std=gnu99 -c -Wall -g -O2 -I./.. -I..  conftest.c >&5
configure:12921: $? = 0
configure:12953: result: no
configure:13039: checking for ANSI C header files
configure:13143: result: yes
configure:13263: checking that generated files are newer than configure
configure:13269: result: done
configure:13296: creating ./config.status

## ---------------------- ##
## Running config.status. ##
## ---------------------- ##

This file was extended by libsha1 config.status 1.21, which was
generated by GNU Autoconf 2.69.  Invocation command line was

  CONFIG_FILES    = 
  CONFIG_HEADERS  = 
  CONFIG_LINKS    = 
  CONFIG_COMMANDS = 
  $ ./config.status 

on RainYun7NQgzU7l

config.status:1081: creating Makefile
config.status:1081: creating config.h
config.status:1310: executing depfiles commands
config.status:1387: cd .       && sed -e '/# am--include-marker/d' Makefile         | make -f - am--depfiles
config.status:1392: $? = 0
config.status:1310: executing libtool commands

## ---------------- ##
## Cache variables. ##
## ---------------- ##

ac_cv_build=x86_64-pc-linux-gnu
ac_cv_c_compiler_gnu=yes
ac_cv_c_const=yes
ac_cv_env_CC_set=
ac_cv_env_CC_value=
ac_cv_env_CFLAGS_set=
ac_cv_env_CFLAGS_value=
ac_cv_env_CPPFLAGS_set=
ac_cv_env_CPPFLAGS_value=
ac_cv_env_CPP_set=
ac_cv_env_CPP_value=
ac_cv_env_LDFLAGS_set=
ac_cv_env_LDFLAGS_value=
ac_cv_env_LIBS_set=
ac_cv_env_LIBS_value=
ac_cv_env_LT_SYS_LIBRARY_PATH_set=
ac_cv_env_LT_SYS_LIBRARY_PATH_value=
ac_cv_env_build_alias_set=
ac_cv_env_build_alias_value=
ac_cv_env_host_alias_set=
ac_cv_env_host_alias_value=
ac_cv_env_target_alias_set=
ac_cv_env_target_alias_value=
ac_cv_header_dlfcn_h=yes
ac_cv_header_inttypes_h=yes
ac_cv_header_memory_h=yes
ac_cv_header_stdc=yes
ac_cv_header_stdint_h=yes
ac_cv_header_stdlib_h=yes
ac_cv_header_string_h=yes
ac_cv_header_strings_h=yes
ac_cv_header_sys_stat_h=yes
ac_cv_header_sys_types_h=yes
ac_cv_header_unistd_h=yes
ac_cv_host=x86_64-pc-linux-gnu
ac_cv_objext=o
ac_cv_path_EGREP='/bin/grep -E'
ac_cv_path_FGREP='/bin/grep -F'
ac_cv_path_GREP=/bin/grep
ac_cv_path_SED=/bin/sed
ac_cv_path_install='/bin/install -c'
ac_cv_path_lt_DD=/bin/dd
ac_cv_path_mkdir=/bin/mkdir
ac_cv_prog_AWK=gawk
ac_cv_prog_CPP='gcc -std=gnu99 -E'
ac_cv_prog_ac_ct_AR=ar
ac_cv_prog_ac_ct_CC=gcc
ac_cv_prog_ac_ct_OBJDUMP=objdump
ac_cv_prog_ac_ct_RANLIB=ranlib
ac_cv_prog_ac_ct_STRIP=strip
ac_cv_prog_cc_c89=
ac_cv_prog_cc_c99=-std=gnu99
ac_cv_prog_cc_g=yes
ac_cv_prog_make_make_set=yes
ac_cv_sys_file_offset_bits=no
ac_cv_sys_largefile_CC=no
am_cv_CC_dependencies_compiler_type=gcc3
am_cv_make_support_nested_variables=yes
am_cv_prog_cc_c_o=yes
lt_cv_ar_at_file=@
lt_cv_archive_cmds_need_lc=no
lt_cv_deplibs_check_method=pass_all
lt_cv_file_magic_cmd='$MAGIC_CMD'
lt_cv_file_magic_test_file=
lt_cv_ld_reload_flag=-r
lt_cv_nm_interface='BSD nm'
lt_cv_objdir=.libs
lt_cv_path_LD=/bin/ld
lt_cv_path_NM='/bin/nm -B'
lt_cv_path_mainfest_tool=no
lt_cv_prog_compiler_c_o=yes
lt_cv_prog_compiler_pic='-fPIC -DPIC'
lt_cv_prog_compiler_pic_works=yes
lt_cv_prog_compiler_rtti_exceptions=no
lt_cv_prog_compiler_static_works=no
lt_cv_prog_gnu_ld=yes
lt_cv_sharedlib_from_linklib_cmd='printf %s\n'
lt_cv_shlibpath_overrides_runpath=no
lt_cv_sys_global_symbol_pipe='sed -n -e '\''s/^.*[	 ]\([ABCDGIRSTW][ABCDGIRSTW]*\)[	 ][	 ]*\([_A-Za-z][_A-Za-z0-9]*\)$/\1 \2 \2/p'\'' | sed '\''/ __gnu_lto/d'\'''
lt_cv_sys_global_symbol_to_c_name_address='sed -n -e '\''s/^: \(.*\) .*$/  {"\1", (void *) 0},/p'\'' -e '\''s/^[ABCDGIRSTW][ABCDGIRSTW]* .* \(.*\)$/  {"\1", (void *) \&\1},/p'\'''
lt_cv_sys_global_symbol_to_c_name_address_lib_prefix='sed -n -e '\''s/^: \(.*\) .*$/  {"\1", (void *) 0},/p'\'' -e '\''s/^[ABCDGIRSTW][ABCDGIRSTW]* .* \(lib.*\)$/  {"\1", (void *) \&\1},/p'\'' -e '\''s/^[ABCDGIRSTW][ABCDGIRSTW]* .* \(.*\)$/  {"lib\1", (void *) \&\1},/p'\'''
lt_cv_sys_global_symbol_to_cdecl='sed -n -e '\''s/^T .* \(.*\)$/extern int \1();/p'\'' -e '\''s/^[ABCDGIRSTW][ABCDGIRSTW]* .* \(.*\)$/extern char \1;/p'\'''
lt_cv_sys_global_symbol_to_import=
lt_cv_sys_max_cmd_len=1572864
lt_cv_to_host_file_cmd=func_convert_file_noop
lt_cv_to_tool_file_cmd=func_convert_file_noop
lt_cv_truncate_bin='/bin/dd bs=4096 count=1'

## ----------------- ##
## Output variables. ##
## ----------------- ##

ACLOCAL='${SHELL} /root/bt-mail-system/courier-authlib-0.71.3/missing aclocal-1.16'
AMDEPBACKSLASH='\'
AMDEP_FALSE='#'
AMDEP_TRUE=''
AMTAR='$${TAR-tar}'
AM_BACKSLASH='\'
AM_DEFAULT_V='$(AM_DEFAULT_VERBOSITY)'
AM_DEFAULT_VERBOSITY='1'
AM_V='$(V)'
AR='ar'
AUTOCONF='${SHELL} /root/bt-mail-system/courier-authlib-0.71.3/missing autoconf'
AUTOHEADER='${SHELL} /root/bt-mail-system/courier-authlib-0.71.3/missing autoheader'
AUTOMAKE='${SHELL} /root/bt-mail-system/courier-authlib-0.71.3/missing automake-1.16'
AWK='gawk'
CC='gcc -std=gnu99'
CCDEPMODE='depmode=gcc3'
CFLAGS='-Wall -g -O2 -I./.. -I..'
CPP='gcc -std=gnu99 -E'
CPPFLAGS=''
CYGPATH_W='echo'
DEFS='-DHAVE_CONFIG_H'
DEPDIR='.deps'
DLLTOOL='false'
DSYMUTIL=''
DUMPBIN=''
ECHO_C=''
ECHO_N='-n'
ECHO_T=''
EGREP='/bin/grep -E'
EXEEXT=''
FGREP='/bin/grep -F'
GREP='/bin/grep'
HMACC_FALSE='#'
HMACC_TRUE=''
INSTALL_DATA='${INSTALL} -m 644'
INSTALL_PROGRAM='${INSTALL}'
INSTALL_SCRIPT='${INSTALL}'
INSTALL_STRIP_PROGRAM='$(install_sh) -c -s'
LD='/bin/ld -m elf_x86_64'
LDFLAGS=''
LIBOBJS=''
LIBS=''
LIBTOOL='$(SHELL) $(top_builddir)/libtool'
LIPO=''
LN_S='ln -s'
LTLIBOBJS=''
LT_SYS_LIBRARY_PATH=''
MAKEINFO='${SHELL} /root/bt-mail-system/courier-authlib-0.71.3/missing makeinfo'
MANIFEST_TOOL=':'
MKDIR_P='/bin/mkdir -p'
NM='/bin/nm -B'
NMEDIT=''
OBJDUMP='objdump'
OBJEXT='o'
OTOOL64=''
OTOOL=''
PACKAGE='libsha1'
PACKAGE_BUGREPORT='courier-users@lists.sourceforge.net'
PACKAGE_NAME='libsha1'
PACKAGE_STRING='libsha1 1.21'
PACKAGE_TARNAME='libsha1'
PACKAGE_URL=''
PACKAGE_VERSION='1.21'
PATH_SEPARATOR=':'
RANLIB='ranlib'
SED='/bin/sed'
SET_MAKE=''
SHELL='/bin/sh'
STRIP='strip'
VERSION='1.21'
ac_ct_AR='ar'
ac_ct_CC='gcc'
ac_ct_DUMPBIN=''
am__EXEEXT_FALSE=''
am__EXEEXT_TRUE='#'
am__fastdepCC_FALSE='#'
am__fastdepCC_TRUE=''
am__include='include'
am__isrc=''
am__leading_dot='.'
am__nodep='_no'
am__quote=''
am__tar='$${TAR-tar} chof - "$$tardir"'
am__untar='$${TAR-tar} xf -'
bindir='${exec_prefix}/bin'
build='x86_64-pc-linux-gnu'
build_alias=''
build_cpu='x86_64'
build_os='linux-gnu'
build_vendor='pc'
datadir='${datarootdir}'
datarootdir='${prefix}/share'
docdir='${datarootdir}/doc/${PACKAGE_TARNAME}'
dvidir='${docdir}'
exec_prefix='${prefix}'
host='x86_64-pc-linux-gnu'
host_alias=''
host_cpu='x86_64'
host_os='linux-gnu'
host_vendor='pc'
htmldir='${docdir}'
includedir='${prefix}/include'
infodir='${datarootdir}/info'
install_sh='${SHELL} /root/bt-mail-system/courier-authlib-0.71.3/install-sh'
libdir='${exec_prefix}/lib'
libexecdir='${exec_prefix}/libexec'
localedir='${datarootdir}/locale'
localstatedir='${prefix}/var'
mandir='${datarootdir}/man'
mkdir_p='$(MKDIR_P)'
oldincludedir='/usr/include'
pdfdir='${docdir}'
prefix='/test'
program_transform_name='s,x,x,'
psdir='${docdir}'
sbindir='${exec_prefix}/sbin'
sharedstatedir='${prefix}/com'
sysconfdir='${prefix}/etc'
target_alias=''

## ----------- ##
## confdefs.h. ##
## ----------- ##

#define STDC_HEADERS 1
#define HAVE_SYS_TYPES_H 1
#define HAVE_SYS_STAT_H 1
#define HAVE_STDLIB_H 1
#define HAVE_STRING_H 1
#define HAVE_MEMORY_H 1
#define HAVE_STRINGS_H 1
#define HAVE_INTTYPES_H 1
#define HAVE_STDINT_H 1
#define HAVE_UNISTD_H 1
#define HAVE_DLFCN_H 1
#define LT_OBJDIR ".libs/"
#define HAVE_SYS_TYPES_H 1
#define SHA1_WORD u_int32_t
#define SHA512_WORD u_int64_t
#define STDC_HEADERS 1

configure: exit 0
