This file contains any messages produced by compilers while
running configure, to aid debugging if configure makes a mistake.

It was created by rfc822lib configure 0.13, which was
generated by GNU Autoconf 2.69.  Invocation command line was

  $ ./configure --disable-option-checking --prefix=/test --enable-ltdl-convenience --with-db=gdbm --with-makedatprog=/test/libexec/courier-authlib/makedatprog --with-userdb=/test/etc/authlib/userdb --with-mailuser=daemon --with-mailgroup=daemon --cache-file=/dev/null --srcdir=.

## --------- ##
## Platform. ##
## --------- ##

hostname = RainYun7NQgzU7l
uname -m = x86_64
uname -r = 3.10.0-1062.el7.x86_64
uname -s = Linux
uname -v = #1 SMP Wed Aug 7 18:08:02 UTC 2019

/usr/bin/uname -p = x86_64
/bin/uname -X     = unknown

/bin/arch              = x86_64
/usr/bin/arch -k       = unknown
/usr/convex/getsysinfo = unknown
/usr/bin/hostinfo      = unknown
/bin/machine           = unknown
/usr/bin/oslevel       = unknown
/bin/universe          = unknown

PATH: /usr/local/sbin
PATH: /usr/local/bin
PATH: /sbin
PATH: /bin
PATH: /usr/sbin
PATH: /usr/bin
PATH: /root/bin


## ----------- ##
## Core tests. ##
## ----------- ##

configure:2340: checking for a BSD-compatible install
configure:2408: result: /bin/install -c
configure:2419: checking whether build environment is sane
configure:2474: result: yes
configure:2625: checking for a thread-safe mkdir -p
configure:2664: result: /bin/mkdir -p
configure:2671: checking for gawk
configure:2687: found /bin/gawk
configure:2698: result: gawk
configure:2709: checking whether make sets $(MAKE)
configure:2731: result: yes
configure:2760: checking whether make supports nested variables
configure:2777: result: yes
configure:2901: checking whether make supports the include directive
configure:2916: make -f confmf.GNU && cat confinc.out
this is the am__doit target
configure:2919: $? = 0
configure:2938: result: yes (GNU style)
configure:3008: checking for gcc
configure:3024: found /bin/gcc
configure:3035: result: gcc
configure:3264: checking for C compiler version
configure:3273: gcc --version >&5
gcc (GCC) 4.8.5 20150623 (Red Hat 4.8.5-44)
Copyright (C) 2015 Free Software Foundation, Inc.
This is free software; see the source for copying conditions.  There is NO
warranty; not even for MERCHANTABILITY or FITNESS FOR A PARTICULAR PURPOSE.

configure:3284: $? = 0
configure:3273: gcc -v >&5
Using built-in specs.
COLLECT_GCC=gcc
COLLECT_LTO_WRAPPER=/usr/libexec/gcc/x86_64-redhat-linux/4.8.5/lto-wrapper
Target: x86_64-redhat-linux
Configured with: ../configure --prefix=/usr --mandir=/usr/share/man --infodir=/usr/share/info --with-bugurl=http://bugzilla.redhat.com/bugzilla --enable-bootstrap --enable-shared --enable-threads=posix --enable-checking=release --with-system-zlib --enable-__cxa_atexit --disable-libunwind-exceptions --enable-gnu-unique-object --enable-linker-build-id --with-linker-hash-style=gnu --enable-languages=c,c++,objc,obj-c++,java,fortran,ada,go,lto --enable-plugin --enable-initfini-array --disable-libgcj --with-isl=/builddir/build/BUILD/gcc-4.8.5-20150702/obj-x86_64-redhat-linux/isl-install --with-cloog=/builddir/build/BUILD/gcc-4.8.5-20150702/obj-x86_64-redhat-linux/cloog-install --enable-gnu-indirect-function --with-tune=generic --with-arch_32=x86-64 --build=x86_64-redhat-linux
Thread model: posix
gcc version 4.8.5 20150623 (Red Hat 4.8.5-44) (GCC) 
configure:3284: $? = 0
configure:3273: gcc -V >&5
gcc: error: unrecognized command line option '-V'
gcc: fatal error: no input files
compilation terminated.
configure:3284: $? = 4
configure:3273: gcc -qversion >&5
gcc: error: unrecognized command line option '-qversion'
gcc: fatal error: no input files
compilation terminated.
configure:3284: $? = 4
configure:3304: checking whether the C compiler works
configure:3326: gcc    conftest.c  >&5
configure:3330: $? = 0
configure:3378: result: yes
configure:3381: checking for C compiler default output file name
configure:3383: result: a.out
configure:3389: checking for suffix of executables
configure:3396: gcc -o conftest    conftest.c  >&5
configure:3400: $? = 0
configure:3422: result: 
configure:3444: checking whether we are cross compiling
configure:3452: gcc -o conftest    conftest.c  >&5
configure:3456: $? = 0
configure:3463: ./conftest
configure:3467: $? = 0
configure:3482: result: no
configure:3487: checking for suffix of object files
configure:3509: gcc -c   conftest.c >&5
configure:3513: $? = 0
configure:3534: result: o
configure:3538: checking whether we are using the GNU C compiler
configure:3557: gcc -c   conftest.c >&5
configure:3557: $? = 0
configure:3566: result: yes
configure:3575: checking whether gcc accepts -g
configure:3595: gcc -c -g  conftest.c >&5
configure:3595: $? = 0
configure:3636: result: yes
configure:3653: checking for gcc option to accept ISO C89
configure:3716: gcc  -c -g -O2  conftest.c >&5
configure:3716: $? = 0
configure:3729: result: none needed
configure:3754: checking whether gcc understands -c and -o together
configure:3776: gcc -c conftest.c -o conftest2.o
configure:3779: $? = 0
configure:3776: gcc -c conftest.c -o conftest2.o
configure:3779: $? = 0
configure:3791: result: yes
configure:3810: checking dependency style of gcc
configure:3921: result: gcc3
configure:3942: checking how to run the C preprocessor
configure:3973: gcc -E  conftest.c
configure:3973: $? = 0
configure:3987: gcc -E  conftest.c
conftest.c:2:28: fatal error: ac_nonexistent.h: No such file or directory
 #include <ac_nonexistent.h>
                            ^
compilation terminated.
configure:3987: $? = 1
configure: failed program was:
| /* end confdefs.h.  */
| #include <ac_nonexistent.h>
configure:4012: result: gcc -E
configure:4032: gcc -E  conftest.c
configure:4032: $? = 0
configure:4046: gcc -E  conftest.c
conftest.c:2:28: fatal error: ac_nonexistent.h: No such file or directory
 #include <ac_nonexistent.h>
                            ^
compilation terminated.
configure:4046: $? = 1
configure: failed program was:
| /* end confdefs.h.  */
| #include <ac_nonexistent.h>
configure:4075: checking for grep that handles long lines and -e
configure:4133: result: /bin/grep
configure:4138: checking for egrep
configure:4200: result: /bin/grep -E
configure:4205: checking for ANSI C header files
configure:4225: gcc -c -g -O2  conftest.c >&5
configure:4225: $? = 0
configure:4298: gcc -o conftest -g -O2   conftest.c  >&5
configure:4298: $? = 0
configure:4298: ./conftest
configure:4298: $? = 0
configure:4309: result: yes
configure:4322: checking for sys/types.h
configure:4322: gcc -c -g -O2  conftest.c >&5
configure:4322: $? = 0
configure:4322: result: yes
configure:4322: checking for sys/stat.h
configure:4322: gcc -c -g -O2  conftest.c >&5
configure:4322: $? = 0
configure:4322: result: yes
configure:4322: checking for stdlib.h
configure:4322: gcc -c -g -O2  conftest.c >&5
configure:4322: $? = 0
configure:4322: result: yes
configure:4322: checking for string.h
configure:4322: gcc -c -g -O2  conftest.c >&5
configure:4322: $? = 0
configure:4322: result: yes
configure:4322: checking for memory.h
configure:4322: gcc -c -g -O2  conftest.c >&5
configure:4322: $? = 0
configure:4322: result: yes
configure:4322: checking for strings.h
configure:4322: gcc -c -g -O2  conftest.c >&5
configure:4322: $? = 0
configure:4322: result: yes
configure:4322: checking for inttypes.h
configure:4322: gcc -c -g -O2  conftest.c >&5
configure:4322: $? = 0
configure:4322: result: yes
configure:4322: checking for stdint.h
configure:4322: gcc -c -g -O2  conftest.c >&5
configure:4322: $? = 0
configure:4322: result: yes
configure:4322: checking for unistd.h
configure:4322: gcc -c -g -O2  conftest.c >&5
configure:4322: $? = 0
configure:4322: result: yes
configure:4335: checking minix/config.h usability
configure:4335: gcc -c -g -O2  conftest.c >&5
conftest.c:45:26: fatal error: minix/config.h: No such file or directory
 #include <minix/config.h>
                          ^
compilation terminated.
configure:4335: $? = 1
configure: failed program was:
| #define STDC_HEADERS 1
| #define HAVE_SYS_TYPES_H 1
| #define HAVE_SYS_STAT_H 1
| #define HAVE_STDLIB_H 1
| #define HAVE_STRING_H 1
| #define HAVE_MEMORY_H 1
| #define HAVE_STRINGS_H 1
| #define HAVE_INTTYPES_H 1
| #define HAVE_STDINT_H 1
| #define HAVE_UNISTD_H 1
| /* end confdefs.h.  */
| #include <stdio.h>
| #ifdef HAVE_SYS_TYPES_H
| # include <sys/types.h>
| #endif
| #ifdef HAVE_SYS_STAT_H
| # include <sys/stat.h>
| #endif
| #ifdef STDC_HEADERS
| # include <stdlib.h>
| # include <stddef.h>
| #else
| # ifdef HAVE_STDLIB_H
| #  include <stdlib.h>
| # endif
| #endif
| #ifdef HAVE_STRING_H
| # if !defined STDC_HEADERS && defined HAVE_MEMORY_H
| #  include <memory.h>
| # endif
| # include <string.h>
| #endif
| #ifdef HAVE_STRINGS_H
| # include <strings.h>
| #endif
| #ifdef HAVE_INTTYPES_H
| # include <inttypes.h>
| #endif
| #ifdef HAVE_STDINT_H
| # include <stdint.h>
| #endif
| #ifdef HAVE_UNISTD_H
| # include <unistd.h>
| #endif
| #include <minix/config.h>
configure:4335: result: no
configure:4335: checking minix/config.h presence
configure:4335: gcc -E  conftest.c
conftest.c:12:26: fatal error: minix/config.h: No such file or directory
 #include <minix/config.h>
                          ^
compilation terminated.
configure:4335: $? = 1
configure: failed program was:
| #define STDC_HEADERS 1
| #define HAVE_SYS_TYPES_H 1
| #define HAVE_SYS_STAT_H 1
| #define HAVE_STDLIB_H 1
| #define HAVE_STRING_H 1
| #define HAVE_MEMORY_H 1
| #define HAVE_STRINGS_H 1
| #define HAVE_INTTYPES_H 1
| #define HAVE_STDINT_H 1
| #define HAVE_UNISTD_H 1
| /* end confdefs.h.  */
| #include <minix/config.h>
configure:4335: result: no
configure:4335: checking for minix/config.h
configure:4335: result: no
configure:4356: checking whether it is safe to define __EXTENSIONS__
configure:4374: gcc -c -g -O2  conftest.c >&5
configure:4374: $? = 0
configure:4381: result: yes
configure:4443: checking for gcc
configure:4470: result: gcc
configure:4699: checking for C compiler version
configure:4708: gcc --version >&5
gcc (GCC) 4.8.5 20150623 (Red Hat 4.8.5-44)
Copyright (C) 2015 Free Software Foundation, Inc.
This is free software; see the source for copying conditions.  There is NO
warranty; not even for MERCHANTABILITY or FITNESS FOR A PARTICULAR PURPOSE.

configure:4719: $? = 0
configure:4708: gcc -v >&5
Using built-in specs.
COLLECT_GCC=gcc
COLLECT_LTO_WRAPPER=/usr/libexec/gcc/x86_64-redhat-linux/4.8.5/lto-wrapper
Target: x86_64-redhat-linux
Configured with: ../configure --prefix=/usr --mandir=/usr/share/man --infodir=/usr/share/info --with-bugurl=http://bugzilla.redhat.com/bugzilla --enable-bootstrap --enable-shared --enable-threads=posix --enable-checking=release --with-system-zlib --enable-__cxa_atexit --disable-libunwind-exceptions --enable-gnu-unique-object --enable-linker-build-id --with-linker-hash-style=gnu --enable-languages=c,c++,objc,obj-c++,java,fortran,ada,go,lto --enable-plugin --enable-initfini-array --disable-libgcj --with-isl=/builddir/build/BUILD/gcc-4.8.5-20150702/obj-x86_64-redhat-linux/isl-install --with-cloog=/builddir/build/BUILD/gcc-4.8.5-20150702/obj-x86_64-redhat-linux/cloog-install --enable-gnu-indirect-function --with-tune=generic --with-arch_32=x86-64 --build=x86_64-redhat-linux
Thread model: posix
gcc version 4.8.5 20150623 (Red Hat 4.8.5-44) (GCC) 
configure:4719: $? = 0
configure:4708: gcc -V >&5
gcc: error: unrecognized command line option '-V'
gcc: fatal error: no input files
compilation terminated.
configure:4719: $? = 4
configure:4708: gcc -qversion >&5
gcc: error: unrecognized command line option '-qversion'
gcc: fatal error: no input files
compilation terminated.
configure:4719: $? = 4
configure:4723: checking whether we are using the GNU C compiler
configure:4751: result: yes
configure:4760: checking whether gcc accepts -g
configure:4821: result: yes
configure:4838: checking for gcc option to accept ISO C89
configure:4914: result: none needed
configure:4939: checking whether gcc understands -c and -o together
configure:4976: result: yes
configure:4995: checking dependency style of gcc
configure:5106: result: gcc3
configure:5121: checking for gcc option to accept ISO C99
configure:5270: gcc  -c -g -O2  conftest.c >&5
conftest.c:67:29: error: expected ';', ',' or ')' before 'text'
 test_restrict (ccp restrict text)
                             ^
conftest.c: In function 'main':
conftest.c:121:18: error: expected '=', ',', ';', 'asm' or '__attribute__' before 'newvar'
   char *restrict newvar = "Another string";
                  ^
conftest.c:121:18: error: 'newvar' undeclared (first use in this function)
conftest.c:121:18: note: each undeclared identifier is reported only once for each function it appears in
conftest.c:131:3: error: 'for' loop initial declarations are only allowed in C99 mode
   for (int i = 0; i < ia->datasize; ++i)
   ^
conftest.c:131:3: note: use option -std=c99 or -std=gnu99 to compile your code
configure:5270: $? = 1
configure: failed program was:
| #define STDC_HEADERS 1
| #define HAVE_SYS_TYPES_H 1
| #define HAVE_SYS_STAT_H 1
| #define HAVE_STDLIB_H 1
| #define HAVE_STRING_H 1
| #define HAVE_MEMORY_H 1
| #define HAVE_STRINGS_H 1
| #define HAVE_INTTYPES_H 1
| #define HAVE_STDINT_H 1
| #define HAVE_UNISTD_H 1
| #define __EXTENSIONS__ 1
| #define _ALL_SOURCE 1
| #define _GNU_SOURCE 1
| #define _POSIX_PTHREAD_SEMANTICS 1
| #define _TANDEM_SOURCE 1
| /* end confdefs.h.  */
| #include <stdarg.h>
| #include <stdbool.h>
| #include <stdlib.h>
| #include <wchar.h>
| #include <stdio.h>
| 
| // Check varargs macros.  These examples are taken from C99 6.10.3.5.
| #define debug(...) fprintf (stderr, __VA_ARGS__)
| #define showlist(...) puts (#__VA_ARGS__)
| #define report(test,...) ((test) ? puts (#test) : printf (__VA_ARGS__))
| static void
| test_varargs_macros (void)
| {
|   int x = 1234;
|   int y = 5678;
|   debug ("Flag");
|   debug ("X = %d\n", x);
|   showlist (The first, second, and third items.);
|   report (x>y, "x is %d but y is %d", x, y);
| }
| 
| // Check long long types.
| #define BIG64 18446744073709551615ull
| #define BIG32 4294967295ul
| #define BIG_OK (BIG64 / BIG32 == 4294967297ull && BIG64 % BIG32 == 0)
| #if !BIG_OK
|   your preprocessor is broken;
| #endif
| #if BIG_OK
| #else
|   your preprocessor is broken;
| #endif
| static long long int bignum = -9223372036854775807LL;
| static unsigned long long int ubignum = BIG64;
| 
| struct incomplete_array
| {
|   int datasize;
|   double data[];
| };
| 
| struct named_init {
|   int number;
|   const wchar_t *name;
|   double average;
| };
| 
| typedef const char *ccp;
| 
| static inline int
| test_restrict (ccp restrict text)
| {
|   // See if C++-style comments work.
|   // Iterate through items via the restricted pointer.
|   // Also check for declarations in for loops.
|   for (unsigned int i = 0; *(text+i) != '\0'; ++i)
|     continue;
|   return 0;
| }
| 
| // Check varargs and va_copy.
| static void
| test_varargs (const char *format, ...)
| {
|   va_list args;
|   va_start (args, format);
|   va_list args_copy;
|   va_copy (args_copy, args);
| 
|   const char *str;
|   int number;
|   float fnumber;
| 
|   while (*format)
|     {
|       switch (*format++)
| 	{
| 	case 's': // string
| 	  str = va_arg (args_copy, const char *);
| 	  break;
| 	case 'd': // int
| 	  number = va_arg (args_copy, int);
| 	  break;
| 	case 'f': // float
| 	  fnumber = va_arg (args_copy, double);
| 	  break;
| 	default:
| 	  break;
| 	}
|     }
|   va_end (args_copy);
|   va_end (args);
| }
| 
| int
| main ()
| {
| 
|   // Check bool.
|   _Bool success = false;
| 
|   // Check restrict.
|   if (test_restrict ("String literal") == 0)
|     success = true;
|   char *restrict newvar = "Another string";
| 
|   // Check varargs.
|   test_varargs ("s, d' f .", "string", 65, 34.234);
|   test_varargs_macros ();
| 
|   // Check flexible array members.
|   struct incomplete_array *ia =
|     malloc (sizeof (struct incomplete_array) + (sizeof (double) * 10));
|   ia->datasize = 10;
|   for (int i = 0; i < ia->datasize; ++i)
|     ia->data[i] = i * 1.234;
| 
|   // Check named initializers.
|   struct named_init ni = {
|     .number = 34,
|     .name = L"Test wide string",
|     .average = 543.34343,
|   };
| 
|   ni.number = 58;
| 
|   int dynamic_array[ni.number];
|   dynamic_array[ni.number - 1] = 543;
| 
|   // work around unused variable warnings
|   return (!success || bignum == 0LL || ubignum == 0uLL || newvar[0] == 'x'
| 	  || dynamic_array[ni.number - 1] != 543);
| 
|   ;
|   return 0;
| }
configure:5270: gcc -std=gnu99 -c -g -O2  conftest.c >&5
configure:5270: $? = 0
configure:5290: result: -std=gnu99
configure:5327: checking build system type
configure:5341: result: x86_64-pc-linux-gnu
configure:5361: checking host system type
configure:5374: result: x86_64-pc-linux-gnu
configure:5415: checking how to print strings
configure:5442: result: printf
configure:5463: checking for a sed that does not truncate output
configure:5527: result: /bin/sed
configure:5545: checking for fgrep
configure:5607: result: /bin/grep -F
configure:5642: checking for ld used by gcc -std=gnu99
configure:5709: result: /bin/ld
configure:5716: checking if the linker (/bin/ld) is GNU ld
configure:5731: result: yes
configure:5743: checking for BSD- or MS-compatible name lister (nm)
configure:5797: result: /bin/nm -B
configure:5927: checking the name lister (/bin/nm -B) interface
configure:5934: gcc -std=gnu99 -c -g -O2  conftest.c >&5
configure:5937: /bin/nm -B "conftest.o"
configure:5940: output
0000000000000000 B some_variable
configure:5947: result: BSD nm
configure:5950: checking whether ln -s works
configure:5954: result: yes
configure:5962: checking the maximum length of command line arguments
configure:6093: result: 1572864
configure:6141: checking how to convert x86_64-pc-linux-gnu file names to x86_64-pc-linux-gnu format
configure:6181: result: func_convert_file_noop
configure:6188: checking how to convert x86_64-pc-linux-gnu file names to toolchain format
configure:6208: result: func_convert_file_noop
configure:6215: checking for /bin/ld option to reload object files
configure:6222: result: -r
configure:6296: checking for objdump
configure:6312: found /bin/objdump
configure:6323: result: objdump
configure:6355: checking how to recognize dependent libraries
configure:6555: result: pass_all
configure:6640: checking for dlltool
configure:6670: result: no
configure:6700: checking how to associate runtime and link libraries
configure:6727: result: printf %s\n
configure:6787: checking for ar
configure:6803: found /bin/ar
configure:6814: result: ar
configure:6851: checking for archiver @FILE support
configure:6868: gcc -std=gnu99 -c -g -O2  conftest.c >&5
configure:6868: $? = 0
configure:6871: ar cru libconftest.a @conftest.lst >&5
configure:6874: $? = 0
configure:6879: ar cru libconftest.a @conftest.lst >&5
ar: conftest.o: No such file or directory
configure:6882: $? = 1
configure:6894: result: @
configure:6952: checking for strip
configure:6968: found /bin/strip
configure:6979: result: strip
configure:7051: checking for ranlib
configure:7067: found /bin/ranlib
configure:7078: result: ranlib
configure:7180: checking command to parse /bin/nm -B output from gcc -std=gnu99 object
configure:7333: gcc -std=gnu99 -c -g -O2  conftest.c >&5
configure:7336: $? = 0
configure:7340: /bin/nm -B conftest.o \| sed -n -e 's/^.*[ ]\([ABCDGIRSTW][ABCDGIRSTW]*\)[ ][ ]*\([_A-Za-z][_A-Za-z0-9]*\)$/\1 \2 \2/p' | sed '/ __gnu_lto/d' \> conftest.nm
configure:7343: $? = 0
configure:7409: gcc -std=gnu99 -o conftest -g -O2   conftest.c conftstm.o >&5
configure:7412: $? = 0
configure:7450: result: ok
configure:7497: checking for sysroot
configure:7527: result: no
configure:7534: checking for a working dd
configure:7572: result: /bin/dd
configure:7576: checking how to truncate binary pipes
configure:7591: result: /bin/dd bs=4096 count=1
configure:7727: gcc -std=gnu99 -c -g -O2  conftest.c >&5
configure:7730: $? = 0
configure:7920: checking for mt
configure:7950: result: no
configure:7970: checking if : is a manifest tool
configure:7976: : '-?'
configure:7984: result: no
configure:8658: checking for dlfcn.h
configure:8658: gcc -std=gnu99 -c -g -O2  conftest.c >&5
configure:8658: $? = 0
configure:8658: result: yes
configure:8914: checking for objdir
configure:8929: result: .libs
configure:9189: checking if gcc -std=gnu99 supports -fno-rtti -fno-exceptions
configure:9207: gcc -std=gnu99 -c -g -O2  -fno-rtti -fno-exceptions conftest.c >&5
cc1: warning: command line option '-fno-rtti' is valid for C++/ObjC++ but not for C [enabled by default]
configure:9211: $? = 0
configure:9224: result: no
configure:9582: checking for gcc -std=gnu99 option to produce PIC
configure:9589: result: -fPIC -DPIC
configure:9597: checking if gcc -std=gnu99 PIC flag -fPIC -DPIC works
configure:9615: gcc -std=gnu99 -c -g -O2  -fPIC -DPIC -DPIC conftest.c >&5
configure:9619: $? = 0
configure:9632: result: yes
configure:9661: checking if gcc -std=gnu99 static flag -static works
configure:9689: result: no
configure:9704: checking if gcc -std=gnu99 supports -c -o file.o
configure:9725: gcc -std=gnu99 -c -g -O2  -o out/conftest2.o conftest.c >&5
configure:9729: $? = 0
configure:9751: result: yes
configure:9759: checking if gcc -std=gnu99 supports -c -o file.o
configure:9806: result: yes
configure:9839: checking whether the gcc -std=gnu99 linker (/bin/ld -m elf_x86_64) supports shared libraries
configure:11098: result: yes
configure:11135: checking whether -lc should be explicitly linked in
configure:11143: gcc -std=gnu99 -c -g -O2  conftest.c >&5
configure:11146: $? = 0
configure:11161: gcc -std=gnu99 -shared  -fPIC -DPIC conftest.o  -v -Wl,-soname -Wl,conftest -o conftest 2\>\&1 \| /bin/grep  -lc  \>/dev/null 2\>\&1
configure:11164: $? = 0
configure:11178: result: no
configure:11338: checking dynamic linker characteristics
configure:11919: gcc -std=gnu99 -o conftest -g -O2   -Wl,-rpath -Wl,/foo conftest.c  >&5
configure:11919: $? = 0
configure:12159: result: GNU/Linux ld.so
configure:12281: checking how to hardcode library paths into programs
configure:12306: result: immediate
configure:12854: checking whether stripping libraries is possible
configure:12859: result: yes
configure:12894: checking if libtool supports shared libraries
configure:12896: result: yes
configure:12899: checking whether to build shared libraries
configure:12924: result: yes
configure:12927: checking whether to build static libraries
configure:12931: result: yes
configure:12977: checking for ANSI C header files
configure:13081: result: yes
configure:13091: checking locale.h usability
configure:13091: gcc -std=gnu99 -c -g -O2 -Wall -I.. -I./..  conftest.c >&5
configure:13091: $? = 0
configure:13091: result: yes
configure:13091: checking locale.h presence
configure:13091: gcc -E  conftest.c
configure:13091: $? = 0
configure:13091: result: yes
configure:13091: checking for locale.h
configure:13091: result: yes
configure:13102: checking for an ANSI C-conforming const
configure:13168: gcc -std=gnu99 -c -g -O2 -Wall -I.. -I./..  conftest.c >&5
configure:13168: $? = 0
configure:13175: result: yes
configure:13183: checking for size_t
configure:13183: gcc -std=gnu99 -c -g -O2 -Wall -I.. -I./..  conftest.c >&5
configure:13183: $? = 0
configure:13183: gcc -std=gnu99 -c -g -O2 -Wall -I.. -I./..  conftest.c >&5
conftest.c: In function 'main':
conftest.c:57:21: error: expected expression before ')' token
 if (sizeof ((size_t)))
                     ^
configure:13183: $? = 1
configure: failed program was:
| #define STDC_HEADERS 1
| #define HAVE_SYS_TYPES_H 1
| #define HAVE_SYS_STAT_H 1
| #define HAVE_STDLIB_H 1
| #define HAVE_STRING_H 1
| #define HAVE_MEMORY_H 1
| #define HAVE_STRINGS_H 1
| #define HAVE_INTTYPES_H 1
| #define HAVE_STDINT_H 1
| #define HAVE_UNISTD_H 1
| #define __EXTENSIONS__ 1
| #define _ALL_SOURCE 1
| #define _GNU_SOURCE 1
| #define _POSIX_PTHREAD_SEMANTICS 1
| #define _TANDEM_SOURCE 1
| #define HAVE_DLFCN_H 1
| #define LT_OBJDIR ".libs/"
| #define STDC_HEADERS 1
| #define HAVE_LOCALE_H 1
| /* end confdefs.h.  */
| #include <stdio.h>
| #ifdef HAVE_SYS_TYPES_H
| # include <sys/types.h>
| #endif
| #ifdef HAVE_SYS_STAT_H
| # include <sys/stat.h>
| #endif
| #ifdef STDC_HEADERS
| # include <stdlib.h>
| # include <stddef.h>
| #else
| # ifdef HAVE_STDLIB_H
| #  include <stdlib.h>
| # endif
| #endif
| #ifdef HAVE_STRING_H
| # if !defined STDC_HEADERS && defined HAVE_MEMORY_H
| #  include <memory.h>
| # endif
| # include <string.h>
| #endif
| #ifdef HAVE_STRINGS_H
| # include <strings.h>
| #endif
| #ifdef HAVE_INTTYPES_H
| # include <inttypes.h>
| #endif
| #ifdef HAVE_STDINT_H
| # include <stdint.h>
| #endif
| #ifdef HAVE_UNISTD_H
| # include <unistd.h>
| #endif
| int
| main ()
| {
| if (sizeof ((size_t)))
| 	    return 0;
|   ;
|   return 0;
| }
configure:13183: result: yes
configure:13194: checking whether struct tm is in sys/time.h or time.h
configure:13214: gcc -std=gnu99 -c -g -O2 -Wall -I.. -I./..  conftest.c >&5
configure:13214: $? = 0
configure:13221: result: time.h
configure:13236: checking for special C compiler options needed for large files
configure:13281: result: no
configure:13287: checking for _FILE_OFFSET_BITS value needed for large files
configure:13312: gcc -std=gnu99 -c -g -O2 -Wall -I.. -I./..  conftest.c >&5
configure:13312: $? = 0
configure:13344: result: no
configure:13496: checking for pkg-config
configure:13514: found /bin/pkg-config
configure:13526: result: /bin/pkg-config
configure:13551: checking pkg-config is at least version 0.9.0
configure:13554: result: yes
configure:13564: checking for LIBIDN
configure:13571: $PKG_CONFIG --exists --print-errors "libidn >= 0.0.0"
configure:13574: $? = 0
configure:13588: $PKG_CONFIG --exists --print-errors "libidn >= 0.0.0"
configure:13591: $? = 0
configure:13629: result: yes
configure:13645: checking if Libidn should be used
configure:13647: result: yes
configure:13653: checking for strcasecmp
configure:13653: gcc -std=gnu99 -o conftest -g -O2 -Wall -I.. -I./..   conftest.c  >&5
conftest.c:45:6: warning: conflicting types for built-in function 'strcasecmp' [enabled by default]
 char strcasecmp ();
      ^
configure:13653: $? = 0
configure:13653: result: yes
configure:13653: checking for strncasecmp
configure:13653: gcc -std=gnu99 -o conftest -g -O2 -Wall -I.. -I./..   conftest.c  >&5
conftest.c:46:6: warning: conflicting types for built-in function 'strncasecmp' [enabled by default]
 char strncasecmp ();
      ^
configure:13653: $? = 0
configure:13653: result: yes
configure:13653: checking for setlocale
configure:13653: gcc -std=gnu99 -o conftest -g -O2 -Wall -I.. -I./..   conftest.c  >&5
configure:13653: $? = 0
configure:13653: result: yes
configure:13663: checking how to calculate alternate timezone
configure:13683: gcc -std=gnu99 -c -g -O2 -Wall -I.. -I./..  conftest.c >&5
conftest.c: In function 'main':
conftest.c:32:10: error: 'altzone' undeclared (first use in this function)
 time_t t=altzone;
          ^
conftest.c:32:10: note: each undeclared identifier is reported only once for each function it appears in
conftest.c:32:8: warning: unused variable 't' [-Wunused-variable]
 time_t t=altzone;
        ^
configure:13683: $? = 1
configure: failed program was:
| #define STDC_HEADERS 1
| #define HAVE_SYS_TYPES_H 1
| #define HAVE_SYS_STAT_H 1
| #define HAVE_STDLIB_H 1
| #define HAVE_STRING_H 1
| #define HAVE_MEMORY_H 1
| #define HAVE_STRINGS_H 1
| #define HAVE_INTTYPES_H 1
| #define HAVE_STDINT_H 1
| #define HAVE_UNISTD_H 1
| #define __EXTENSIONS__ 1
| #define _ALL_SOURCE 1
| #define _GNU_SOURCE 1
| #define _POSIX_PTHREAD_SEMANTICS 1
| #define _TANDEM_SOURCE 1
| #define HAVE_DLFCN_H 1
| #define LT_OBJDIR ".libs/"
| #define STDC_HEADERS 1
| #define HAVE_LOCALE_H 1
| #define LIBIDN 1
| #define HAVE_STRCASECMP 1
| #define HAVE_STRNCASECMP 1
| #define HAVE_SETLOCALE 1
| /* end confdefs.h.  */
| 
| #include	<time.h>
| 
| int
| main ()
| {
| 
| time_t	t=altzone;
| 
|   ;
|   return 0;
| }
configure:13701: gcc -std=gnu99 -c -g -O2 -Wall -I.. -I./..  conftest.c >&5
conftest.c: In function 'main':
conftest.c:32:5: warning: unused variable 'n' [-Wunused-variable]
 int n=daylight;
     ^
configure:13701: $? = 0
configure:13736: result: daylight
configure:13888: checking that generated files are newer than configure
configure:13894: result: done
configure:13925: creating ./config.status

## ---------------------- ##
## Running config.status. ##
## ---------------------- ##

This file was extended by rfc822lib config.status 0.13, which was
generated by GNU Autoconf 2.69.  Invocation command line was

  CONFIG_FILES    = 
  CONFIG_HEADERS  = 
  CONFIG_LINKS    = 
  CONFIG_COMMANDS = 
  $ ./config.status 

on RainYun7NQgzU7l

config.status:1094: creating Makefile
config.status:1094: creating config.h
config.status:1323: executing depfiles commands
config.status:1400: cd .       && sed -e '/# am--include-marker/d' Makefile         | make -f - am--depfiles
config.status:1405: $? = 0
config.status:1323: executing libtool commands

## ---------------- ##
## Cache variables. ##
## ---------------- ##

ac_cv_build=x86_64-pc-linux-gnu
ac_cv_c_compiler_gnu=yes
ac_cv_c_const=yes
ac_cv_env_CC_set=
ac_cv_env_CC_value=
ac_cv_env_CFLAGS_set=
ac_cv_env_CFLAGS_value=
ac_cv_env_CPPFLAGS_set=
ac_cv_env_CPPFLAGS_value=
ac_cv_env_CPP_set=
ac_cv_env_CPP_value=
ac_cv_env_LDFLAGS_set=
ac_cv_env_LDFLAGS_value=
ac_cv_env_LIBIDN_CFLAGS_set=
ac_cv_env_LIBIDN_CFLAGS_value=
ac_cv_env_LIBIDN_LIBS_set=
ac_cv_env_LIBIDN_LIBS_value=
ac_cv_env_LIBS_set=
ac_cv_env_LIBS_value=
ac_cv_env_LT_SYS_LIBRARY_PATH_set=
ac_cv_env_LT_SYS_LIBRARY_PATH_value=
ac_cv_env_PKG_CONFIG_LIBDIR_set=
ac_cv_env_PKG_CONFIG_LIBDIR_value=
ac_cv_env_PKG_CONFIG_PATH_set=
ac_cv_env_PKG_CONFIG_PATH_value=
ac_cv_env_PKG_CONFIG_set=
ac_cv_env_PKG_CONFIG_value=
ac_cv_env_build_alias_set=
ac_cv_env_build_alias_value=
ac_cv_env_host_alias_set=
ac_cv_env_host_alias_value=
ac_cv_env_target_alias_set=
ac_cv_env_target_alias_value=
ac_cv_func_setlocale=yes
ac_cv_func_strcasecmp=yes
ac_cv_func_strncasecmp=yes
ac_cv_header_dlfcn_h=yes
ac_cv_header_inttypes_h=yes
ac_cv_header_locale_h=yes
ac_cv_header_memory_h=yes
ac_cv_header_minix_config_h=no
ac_cv_header_stdc=yes
ac_cv_header_stdint_h=yes
ac_cv_header_stdlib_h=yes
ac_cv_header_string_h=yes
ac_cv_header_strings_h=yes
ac_cv_header_sys_stat_h=yes
ac_cv_header_sys_types_h=yes
ac_cv_header_unistd_h=yes
ac_cv_host=x86_64-pc-linux-gnu
ac_cv_objext=o
ac_cv_path_EGREP='/bin/grep -E'
ac_cv_path_FGREP='/bin/grep -F'
ac_cv_path_GREP=/bin/grep
ac_cv_path_SED=/bin/sed
ac_cv_path_ac_pt_PKG_CONFIG=/bin/pkg-config
ac_cv_path_install='/bin/install -c'
ac_cv_path_lt_DD=/bin/dd
ac_cv_path_mkdir=/bin/mkdir
ac_cv_prog_AWK=gawk
ac_cv_prog_CPP='gcc -E'
ac_cv_prog_ac_ct_AR=ar
ac_cv_prog_ac_ct_CC=gcc
ac_cv_prog_ac_ct_OBJDUMP=objdump
ac_cv_prog_ac_ct_RANLIB=ranlib
ac_cv_prog_ac_ct_STRIP=strip
ac_cv_prog_cc_c89=
ac_cv_prog_cc_c99=-std=gnu99
ac_cv_prog_cc_g=yes
ac_cv_prog_make_make_set=yes
ac_cv_safe_to_define___extensions__=yes
ac_cv_struct_tm=time.h
ac_cv_sys_file_offset_bits=no
ac_cv_sys_largefile_CC=no
ac_cv_type_size_t=yes
am_cv_CC_dependencies_compiler_type=gcc3
am_cv_make_support_nested_variables=yes
am_cv_prog_cc_c_o=yes
librfc822_cv_SYS_TIMEZONE=daylight
lt_cv_ar_at_file=@
lt_cv_archive_cmds_need_lc=no
lt_cv_deplibs_check_method=pass_all
lt_cv_file_magic_cmd='$MAGIC_CMD'
lt_cv_file_magic_test_file=
lt_cv_ld_reload_flag=-r
lt_cv_nm_interface='BSD nm'
lt_cv_objdir=.libs
lt_cv_path_LD=/bin/ld
lt_cv_path_NM='/bin/nm -B'
lt_cv_path_mainfest_tool=no
lt_cv_prog_compiler_c_o=yes
lt_cv_prog_compiler_pic='-fPIC -DPIC'
lt_cv_prog_compiler_pic_works=yes
lt_cv_prog_compiler_rtti_exceptions=no
lt_cv_prog_compiler_static_works=no
lt_cv_prog_gnu_ld=yes
lt_cv_sharedlib_from_linklib_cmd='printf %s\n'
lt_cv_shlibpath_overrides_runpath=no
lt_cv_sys_global_symbol_pipe='sed -n -e '\''s/^.*[	 ]\([ABCDGIRSTW][ABCDGIRSTW]*\)[	 ][	 ]*\([_A-Za-z][_A-Za-z0-9]*\)$/\1 \2 \2/p'\'' | sed '\''/ __gnu_lto/d'\'''
lt_cv_sys_global_symbol_to_c_name_address='sed -n -e '\''s/^: \(.*\) .*$/  {"\1", (void *) 0},/p'\'' -e '\''s/^[ABCDGIRSTW][ABCDGIRSTW]* .* \(.*\)$/  {"\1", (void *) \&\1},/p'\'''
lt_cv_sys_global_symbol_to_c_name_address_lib_prefix='sed -n -e '\''s/^: \(.*\) .*$/  {"\1", (void *) 0},/p'\'' -e '\''s/^[ABCDGIRSTW][ABCDGIRSTW]* .* \(lib.*\)$/  {"\1", (void *) \&\1},/p'\'' -e '\''s/^[ABCDGIRSTW][ABCDGIRSTW]* .* \(.*\)$/  {"lib\1", (void *) \&\1},/p'\'''
lt_cv_sys_global_symbol_to_cdecl='sed -n -e '\''s/^T .* \(.*\)$/extern int \1();/p'\'' -e '\''s/^[ABCDGIRSTW][ABCDGIRSTW]* .* \(.*\)$/extern char \1;/p'\'''
lt_cv_sys_global_symbol_to_import=
lt_cv_sys_max_cmd_len=1572864
lt_cv_to_host_file_cmd=func_convert_file_noop
lt_cv_to_tool_file_cmd=func_convert_file_noop
lt_cv_truncate_bin='/bin/dd bs=4096 count=1'
pkg_cv_LIBIDN_CFLAGS=' '
pkg_cv_LIBIDN_LIBS='-lidn  '

## ----------------- ##
## Output variables. ##
## ----------------- ##

ACLOCAL='${SHELL} /root/bt-mail-system/courier-authlib-0.71.3/missing aclocal-1.16'
AMDEPBACKSLASH='\'
AMDEP_FALSE='#'
AMDEP_TRUE=''
AMTAR='$${TAR-tar}'
AM_BACKSLASH='\'
AM_DEFAULT_V='$(AM_DEFAULT_VERBOSITY)'
AM_DEFAULT_VERBOSITY='1'
AM_V='$(V)'
AR='ar'
AUTOCONF='${SHELL} /root/bt-mail-system/courier-authlib-0.71.3/missing autoconf'
AUTOHEADER='${SHELL} /root/bt-mail-system/courier-authlib-0.71.3/missing autoheader'
AUTOMAKE='${SHELL} /root/bt-mail-system/courier-authlib-0.71.3/missing automake-1.16'
AWK='gawk'
CC='gcc -std=gnu99'
CCDEPMODE='depmode=gcc3'
CFLAGS='-g -O2 -Wall -I.. -I./..'
CPP='gcc -E'
CPPFLAGS=''
CYGPATH_W='echo'
DEFS='-DHAVE_CONFIG_H'
DEPDIR='.deps'
DLLTOOL='false'
DSYMUTIL=''
DUMPBIN=''
ECHO_C=''
ECHO_N='-n'
ECHO_T=''
EGREP='/bin/grep -E'
EXEEXT=''
FGREP='/bin/grep -F'
GREP='/bin/grep'
HAVE_SGML_FALSE=''
HAVE_SGML_TRUE='#'
INSTALL_DATA='${INSTALL} -m 644'
INSTALL_PROGRAM='${INSTALL}'
INSTALL_SCRIPT='${INSTALL}'
INSTALL_STRIP_PROGRAM='$(install_sh) -c -s'
LD='/bin/ld -m elf_x86_64'
LDFLAGS=''
LIBIDN_CFLAGS=' '
LIBIDN_LIBS='-lidn  '
LIBOBJS=''
LIBS=''
LIBTOOL='$(SHELL) $(top_builddir)/libtool'
LIPO=''
LN_S='ln -s'
LTLIBOBJS=''
LT_SYS_LIBRARY_PATH=''
MAKEINFO='${SHELL} /root/bt-mail-system/courier-authlib-0.71.3/missing makeinfo'
MANIFEST_TOOL=':'
MKDIR_P='/bin/mkdir -p'
NM='/bin/nm -B'
NMEDIT=''
OBJDUMP='objdump'
OBJEXT='o'
OTOOL64=''
OTOOL=''
PACKAGE='rfc822lib'
PACKAGE_BUGREPORT='courier-users@lists.sourceforge.net'
PACKAGE_NAME='rfc822lib'
PACKAGE_STRING='rfc822lib 0.13'
PACKAGE_TARNAME='rfc822lib'
PACKAGE_URL=''
PACKAGE_VERSION='0.13'
PATH_SEPARATOR=':'
PKG_CONFIG='/bin/pkg-config'
PKG_CONFIG_LIBDIR=''
PKG_CONFIG_PATH=''
RANLIB='ranlib'
SED='/bin/sed'
SET_MAKE=''
SHELL='/bin/sh'
STRIP='strip'
VERSION='0.13'
ac_ct_AR='ar'
ac_ct_CC='gcc'
ac_ct_DUMPBIN=''
am__EXEEXT_FALSE=''
am__EXEEXT_TRUE='#'
am__fastdepCC_FALSE='#'
am__fastdepCC_TRUE=''
am__include='include'
am__isrc=''
am__leading_dot='.'
am__nodep='_no'
am__quote=''
am__tar='$${TAR-tar} chof - "$$tardir"'
am__untar='$${TAR-tar} xf -'
bindir='${exec_prefix}/bin'
build='x86_64-pc-linux-gnu'
build_alias=''
build_cpu='x86_64'
build_os='linux-gnu'
build_vendor='pc'
datadir='${datarootdir}'
datarootdir='${prefix}/share'
docdir='${datarootdir}/doc/${PACKAGE_TARNAME}'
dvidir='${docdir}'
exec_prefix='${prefix}'
host='x86_64-pc-linux-gnu'
host_alias=''
host_cpu='x86_64'
host_os='linux-gnu'
host_vendor='pc'
htmldir='${docdir}'
includedir='${prefix}/include'
infodir='${datarootdir}/info'
install_sh='${SHELL} /root/bt-mail-system/courier-authlib-0.71.3/install-sh'
libdir='${exec_prefix}/lib'
libexecdir='${exec_prefix}/libexec'
localedir='${datarootdir}/locale'
localstatedir='${prefix}/var'
mandir='${datarootdir}/man'
mkdir_p='$(MKDIR_P)'
oldincludedir='/usr/include'
pdfdir='${docdir}'
prefix='/test'
program_transform_name='s,x,x,'
psdir='${docdir}'
sbindir='${exec_prefix}/sbin'
sharedstatedir='${prefix}/com'
sysconfdir='${prefix}/etc'
target_alias=''

## ----------- ##
## confdefs.h. ##
## ----------- ##

#define STDC_HEADERS 1
#define HAVE_SYS_TYPES_H 1
#define HAVE_SYS_STAT_H 1
#define HAVE_STDLIB_H 1
#define HAVE_STRING_H 1
#define HAVE_MEMORY_H 1
#define HAVE_STRINGS_H 1
#define HAVE_INTTYPES_H 1
#define HAVE_STDINT_H 1
#define HAVE_UNISTD_H 1
#define __EXTENSIONS__ 1
#define _ALL_SOURCE 1
#define _GNU_SOURCE 1
#define _POSIX_PTHREAD_SEMANTICS 1
#define _TANDEM_SOURCE 1
#define HAVE_DLFCN_H 1
#define LT_OBJDIR ".libs/"
#define STDC_HEADERS 1
#define HAVE_LOCALE_H 1
#define LIBIDN 1
#define HAVE_STRCASECMP 1
#define HAVE_STRNCASECMP 1
#define HAVE_SETLOCALE 1
#define USE_TIME_DAYLIGHT 1

configure: exit 0
