This file contains any messages produced by compilers while
running configure, to aid debugging if configure makes a mistake.

It was created by liblock configure 0.60, which was
generated by GNU Autoconf 2.69.  Invocation command line was

  $ ./configure --disable-option-checking --prefix=/test --enable-ltdl-convenience --with-db=gdbm --with-makedatprog=/test/libexec/courier-authlib/makedatprog --with-userdb=/test/etc/authlib/userdb --with-mailuser=daemon --with-mailgroup=daemon --cache-file=/dev/null --srcdir=.

## --------- ##
## Platform. ##
## --------- ##

hostname = RainYun7NQgzU7l
uname -m = x86_64
uname -r = 3.10.0-1062.el7.x86_64
uname -s = Linux
uname -v = #1 SMP Wed Aug 7 18:08:02 UTC 2019

/usr/bin/uname -p = x86_64
/bin/uname -X     = unknown

/bin/arch              = x86_64
/usr/bin/arch -k       = unknown
/usr/convex/getsysinfo = unknown
/usr/bin/hostinfo      = unknown
/bin/machine           = unknown
/usr/bin/oslevel       = unknown
/bin/universe          = unknown

PATH: /usr/local/sbin
PATH: /usr/local/bin
PATH: /sbin
PATH: /bin
PATH: /usr/sbin
PATH: /usr/bin
PATH: /root/bin


## ----------- ##
## Core tests. ##
## ----------- ##

configure:2330: checking for a BSD-compatible install
configure:2398: result: /bin/install -c
configure:2409: checking whether build environment is sane
configure:2464: result: yes
configure:2615: checking for a thread-safe mkdir -p
configure:2654: result: /bin/mkdir -p
configure:2661: checking for gawk
configure:2677: found /bin/gawk
configure:2688: result: gawk
configure:2699: checking whether make sets $(MAKE)
configure:2721: result: yes
configure:2750: checking whether make supports nested variables
configure:2767: result: yes
configure:2891: checking for gawk
configure:2918: result: gawk
configure:2977: checking for gcc
configure:2993: found /bin/gcc
configure:3004: result: gcc
configure:3233: checking for C compiler version
configure:3242: gcc --version >&5
gcc (GCC) 4.8.5 20150623 (Red Hat 4.8.5-44)
Copyright (C) 2015 Free Software Foundation, Inc.
This is free software; see the source for copying conditions.  There is NO
warranty; not even for MERCHANTABILITY or FITNESS FOR A PARTICULAR PURPOSE.

configure:3253: $? = 0
configure:3242: gcc -v >&5
Using built-in specs.
COLLECT_GCC=gcc
COLLECT_LTO_WRAPPER=/usr/libexec/gcc/x86_64-redhat-linux/4.8.5/lto-wrapper
Target: x86_64-redhat-linux
Configured with: ../configure --prefix=/usr --mandir=/usr/share/man --infodir=/usr/share/info --with-bugurl=http://bugzilla.redhat.com/bugzilla --enable-bootstrap --enable-shared --enable-threads=posix --enable-checking=release --with-system-zlib --enable-__cxa_atexit --disable-libunwind-exceptions --enable-gnu-unique-object --enable-linker-build-id --with-linker-hash-style=gnu --enable-languages=c,c++,objc,obj-c++,java,fortran,ada,go,lto --enable-plugin --enable-initfini-array --disable-libgcj --with-isl=/builddir/build/BUILD/gcc-4.8.5-20150702/obj-x86_64-redhat-linux/isl-install --with-cloog=/builddir/build/BUILD/gcc-4.8.5-20150702/obj-x86_64-redhat-linux/cloog-install --enable-gnu-indirect-function --with-tune=generic --with-arch_32=x86-64 --build=x86_64-redhat-linux
Thread model: posix
gcc version 4.8.5 20150623 (Red Hat 4.8.5-44) (GCC) 
configure:3253: $? = 0
configure:3242: gcc -V >&5
gcc: error: unrecognized command line option '-V'
gcc: fatal error: no input files
compilation terminated.
configure:3253: $? = 4
configure:3242: gcc -qversion >&5
gcc: error: unrecognized command line option '-qversion'
gcc: fatal error: no input files
compilation terminated.
configure:3253: $? = 4
configure:3273: checking whether the C compiler works
configure:3295: gcc -I.. -I./..    conftest.c  >&5
configure:3299: $? = 0
configure:3347: result: yes
configure:3350: checking for C compiler default output file name
configure:3352: result: a.out
configure:3358: checking for suffix of executables
configure:3365: gcc -o conftest -I.. -I./..    conftest.c  >&5
configure:3369: $? = 0
configure:3391: result: 
configure:3413: checking whether we are cross compiling
configure:3421: gcc -o conftest -I.. -I./..    conftest.c  >&5
configure:3425: $? = 0
configure:3432: ./conftest
configure:3436: $? = 0
configure:3451: result: no
configure:3456: checking for suffix of object files
configure:3478: gcc -c -I.. -I./..   conftest.c >&5
configure:3482: $? = 0
configure:3503: result: o
configure:3507: checking whether we are using the GNU C compiler
configure:3526: gcc -c -I.. -I./..   conftest.c >&5
configure:3526: $? = 0
configure:3535: result: yes
configure:3544: checking whether gcc accepts -g
configure:3564: gcc -c -g  conftest.c >&5
configure:3564: $? = 0
configure:3605: result: yes
configure:3622: checking for gcc option to accept ISO C89
configure:3685: gcc  -c -I.. -I./..   conftest.c >&5
configure:3685: $? = 0
configure:3698: result: none needed
configure:3723: checking whether gcc understands -c and -o together
configure:3745: gcc -c conftest.c -o conftest2.o
configure:3748: $? = 0
configure:3745: gcc -c conftest.c -o conftest2.o
configure:3748: $? = 0
configure:3760: result: yes
configure:3780: checking whether make supports the include directive
configure:3795: make -f confmf.GNU && cat confinc.out
this is the am__doit target
configure:3798: $? = 0
configure:3817: result: yes (GNU style)
configure:3842: checking dependency style of gcc
configure:3953: result: gcc3
configure:3968: checking for gcc option to accept ISO C99
configure:4117: gcc  -c -I.. -I./..   conftest.c >&5
conftest.c:52:29: error: expected ';', ',' or ')' before 'text'
 test_restrict (ccp restrict text)
                             ^
conftest.c: In function 'main':
conftest.c:106:18: error: expected '=', ',', ';', 'asm' or '__attribute__' before 'newvar'
   char *restrict newvar = "Another string";
                  ^
conftest.c:106:18: error: 'newvar' undeclared (first use in this function)
conftest.c:106:18: note: each undeclared identifier is reported only once for each function it appears in
conftest.c:116:3: error: 'for' loop initial declarations are only allowed in C99 mode
   for (int i = 0; i < ia->datasize; ++i)
   ^
conftest.c:116:3: note: use option -std=c99 or -std=gnu99 to compile your code
configure:4117: $? = 1
configure: failed program was:
| /* end confdefs.h.  */
| #include <stdarg.h>
| #include <stdbool.h>
| #include <stdlib.h>
| #include <wchar.h>
| #include <stdio.h>
| 
| // Check varargs macros.  These examples are taken from C99 6.10.3.5.
| #define debug(...) fprintf (stderr, __VA_ARGS__)
| #define showlist(...) puts (#__VA_ARGS__)
| #define report(test,...) ((test) ? puts (#test) : printf (__VA_ARGS__))
| static void
| test_varargs_macros (void)
| {
|   int x = 1234;
|   int y = 5678;
|   debug ("Flag");
|   debug ("X = %d\n", x);
|   showlist (The first, second, and third items.);
|   report (x>y, "x is %d but y is %d", x, y);
| }
| 
| // Check long long types.
| #define BIG64 18446744073709551615ull
| #define BIG32 4294967295ul
| #define BIG_OK (BIG64 / BIG32 == 4294967297ull && BIG64 % BIG32 == 0)
| #if !BIG_OK
|   your preprocessor is broken;
| #endif
| #if BIG_OK
| #else
|   your preprocessor is broken;
| #endif
| static long long int bignum = -9223372036854775807LL;
| static unsigned long long int ubignum = BIG64;
| 
| struct incomplete_array
| {
|   int datasize;
|   double data[];
| };
| 
| struct named_init {
|   int number;
|   const wchar_t *name;
|   double average;
| };
| 
| typedef const char *ccp;
| 
| static inline int
| test_restrict (ccp restrict text)
| {
|   // See if C++-style comments work.
|   // Iterate through items via the restricted pointer.
|   // Also check for declarations in for loops.
|   for (unsigned int i = 0; *(text+i) != '\0'; ++i)
|     continue;
|   return 0;
| }
| 
| // Check varargs and va_copy.
| static void
| test_varargs (const char *format, ...)
| {
|   va_list args;
|   va_start (args, format);
|   va_list args_copy;
|   va_copy (args_copy, args);
| 
|   const char *str;
|   int number;
|   float fnumber;
| 
|   while (*format)
|     {
|       switch (*format++)
| 	{
| 	case 's': // string
| 	  str = va_arg (args_copy, const char *);
| 	  break;
| 	case 'd': // int
| 	  number = va_arg (args_copy, int);
| 	  break;
| 	case 'f': // float
| 	  fnumber = va_arg (args_copy, double);
| 	  break;
| 	default:
| 	  break;
| 	}
|     }
|   va_end (args_copy);
|   va_end (args);
| }
| 
| int
| main ()
| {
| 
|   // Check bool.
|   _Bool success = false;
| 
|   // Check restrict.
|   if (test_restrict ("String literal") == 0)
|     success = true;
|   char *restrict newvar = "Another string";
| 
|   // Check varargs.
|   test_varargs ("s, d' f .", "string", 65, 34.234);
|   test_varargs_macros ();
| 
|   // Check flexible array members.
|   struct incomplete_array *ia =
|     malloc (sizeof (struct incomplete_array) + (sizeof (double) * 10));
|   ia->datasize = 10;
|   for (int i = 0; i < ia->datasize; ++i)
|     ia->data[i] = i * 1.234;
| 
|   // Check named initializers.
|   struct named_init ni = {
|     .number = 34,
|     .name = L"Test wide string",
|     .average = 543.34343,
|   };
| 
|   ni.number = 58;
| 
|   int dynamic_array[ni.number];
|   dynamic_array[ni.number - 1] = 543;
| 
|   // work around unused variable warnings
|   return (!success || bignum == 0LL || ubignum == 0uLL || newvar[0] == 'x'
| 	  || dynamic_array[ni.number - 1] != 543);
| 
|   ;
|   return 0;
| }
configure:4117: gcc -std=gnu99 -c -I.. -I./..   conftest.c >&5
configure:4117: $? = 0
configure:4137: result: -std=gnu99
configure:4146: checking whether ln -s works
configure:4150: result: yes
configure:4186: checking build system type
configure:4200: result: x86_64-pc-linux-gnu
configure:4220: checking host system type
configure:4233: result: x86_64-pc-linux-gnu
configure:4274: checking how to print strings
configure:4301: result: printf
configure:4322: checking for a sed that does not truncate output
configure:4386: result: /bin/sed
configure:4404: checking for grep that handles long lines and -e
configure:4462: result: /bin/grep
configure:4467: checking for egrep
configure:4529: result: /bin/grep -E
configure:4534: checking for fgrep
configure:4596: result: /bin/grep -F
configure:4631: checking for ld used by gcc -std=gnu99
configure:4698: result: /bin/ld
configure:4705: checking if the linker (/bin/ld) is GNU ld
configure:4720: result: yes
configure:4732: checking for BSD- or MS-compatible name lister (nm)
configure:4786: result: /bin/nm -B
configure:4916: checking the name lister (/bin/nm -B) interface
configure:4923: gcc -std=gnu99 -c -I.. -I./..   conftest.c >&5
configure:4926: /bin/nm -B "conftest.o"
configure:4929: output
0000000000000000 B some_variable
configure:4936: result: BSD nm
configure:4940: checking the maximum length of command line arguments
configure:5071: result: 1572864
configure:5119: checking how to convert x86_64-pc-linux-gnu file names to x86_64-pc-linux-gnu format
configure:5159: result: func_convert_file_noop
configure:5166: checking how to convert x86_64-pc-linux-gnu file names to toolchain format
configure:5186: result: func_convert_file_noop
configure:5193: checking for /bin/ld option to reload object files
configure:5200: result: -r
configure:5274: checking for objdump
configure:5290: found /bin/objdump
configure:5301: result: objdump
configure:5333: checking how to recognize dependent libraries
configure:5533: result: pass_all
configure:5618: checking for dlltool
configure:5648: result: no
configure:5678: checking how to associate runtime and link libraries
configure:5705: result: printf %s\n
configure:5766: checking for ar
configure:5782: found /bin/ar
configure:5793: result: ar
configure:5830: checking for archiver @FILE support
configure:5847: gcc -std=gnu99 -c -I.. -I./..   conftest.c >&5
configure:5847: $? = 0
configure:5850: ar cru libconftest.a @conftest.lst >&5
configure:5853: $? = 0
configure:5858: ar cru libconftest.a @conftest.lst >&5
ar: conftest.o: No such file or directory
configure:5861: $? = 1
configure:5873: result: @
configure:5931: checking for strip
configure:5947: found /bin/strip
configure:5958: result: strip
configure:6030: checking for ranlib
configure:6046: found /bin/ranlib
configure:6057: result: ranlib
configure:6159: checking command to parse /bin/nm -B output from gcc -std=gnu99 object
configure:6312: gcc -std=gnu99 -c -I.. -I./..   conftest.c >&5
configure:6315: $? = 0
configure:6319: /bin/nm -B conftest.o \| sed -n -e 's/^.*[ ]\([ABCDGIRSTW][ABCDGIRSTW]*\)[ ][ ]*\([_A-Za-z][_A-Za-z0-9]*\)$/\1 \2 \2/p' | sed '/ __gnu_lto/d' \> conftest.nm
configure:6322: $? = 0
configure:6388: gcc -std=gnu99 -o conftest -I.. -I./..    conftest.c conftstm.o >&5
configure:6391: $? = 0
configure:6429: result: ok
configure:6476: checking for sysroot
configure:6506: result: no
configure:6513: checking for a working dd
configure:6551: result: /bin/dd
configure:6555: checking how to truncate binary pipes
configure:6570: result: /bin/dd bs=4096 count=1
configure:6706: gcc -std=gnu99 -c -I.. -I./..   conftest.c >&5
configure:6709: $? = 0
configure:6899: checking for mt
configure:6929: result: no
configure:6949: checking if : is a manifest tool
configure:6955: : '-?'
configure:6963: result: no
configure:7640: checking how to run the C preprocessor
configure:7671: gcc -std=gnu99 -E  conftest.c
configure:7671: $? = 0
configure:7685: gcc -std=gnu99 -E  conftest.c
conftest.c:2:28: fatal error: ac_nonexistent.h: No such file or directory
 #include <ac_nonexistent.h>
                            ^
compilation terminated.
configure:7685: $? = 1
configure: failed program was:
| /* end confdefs.h.  */
| #include <ac_nonexistent.h>
configure:7710: result: gcc -std=gnu99 -E
configure:7730: gcc -std=gnu99 -E  conftest.c
configure:7730: $? = 0
configure:7744: gcc -std=gnu99 -E  conftest.c
conftest.c:2:28: fatal error: ac_nonexistent.h: No such file or directory
 #include <ac_nonexistent.h>
                            ^
compilation terminated.
configure:7744: $? = 1
configure: failed program was:
| /* end confdefs.h.  */
| #include <ac_nonexistent.h>
configure:7773: checking for ANSI C header files
configure:7793: gcc -std=gnu99 -c -I.. -I./..   conftest.c >&5
configure:7793: $? = 0
configure:7866: gcc -std=gnu99 -o conftest -I.. -I./..    conftest.c  >&5
configure:7866: $? = 0
configure:7866: ./conftest
configure:7866: $? = 0
configure:7877: result: yes
configure:7890: checking for sys/types.h
configure:7890: gcc -std=gnu99 -c -I.. -I./..   conftest.c >&5
configure:7890: $? = 0
configure:7890: result: yes
configure:7890: checking for sys/stat.h
configure:7890: gcc -std=gnu99 -c -I.. -I./..   conftest.c >&5
configure:7890: $? = 0
configure:7890: result: yes
configure:7890: checking for stdlib.h
configure:7890: gcc -std=gnu99 -c -I.. -I./..   conftest.c >&5
configure:7890: $? = 0
configure:7890: result: yes
configure:7890: checking for string.h
configure:7890: gcc -std=gnu99 -c -I.. -I./..   conftest.c >&5
configure:7890: $? = 0
configure:7890: result: yes
configure:7890: checking for memory.h
configure:7890: gcc -std=gnu99 -c -I.. -I./..   conftest.c >&5
configure:7890: $? = 0
configure:7890: result: yes
configure:7890: checking for strings.h
configure:7890: gcc -std=gnu99 -c -I.. -I./..   conftest.c >&5
configure:7890: $? = 0
configure:7890: result: yes
configure:7890: checking for inttypes.h
configure:7890: gcc -std=gnu99 -c -I.. -I./..   conftest.c >&5
configure:7890: $? = 0
configure:7890: result: yes
configure:7890: checking for stdint.h
configure:7890: gcc -std=gnu99 -c -I.. -I./..   conftest.c >&5
configure:7890: $? = 0
configure:7890: result: yes
configure:7890: checking for unistd.h
configure:7890: gcc -std=gnu99 -c -I.. -I./..   conftest.c >&5
configure:7890: $? = 0
configure:7890: result: yes
configure:7904: checking for dlfcn.h
configure:7904: gcc -std=gnu99 -c -I.. -I./..   conftest.c >&5
configure:7904: $? = 0
configure:7904: result: yes
configure:8160: checking for objdir
configure:8175: result: .libs
configure:8435: checking if gcc -std=gnu99 supports -fno-rtti -fno-exceptions
configure:8453: gcc -std=gnu99 -c -I.. -I./..   -fno-rtti -fno-exceptions conftest.c >&5
cc1: warning: command line option '-fno-rtti' is valid for C++/ObjC++ but not for C [enabled by default]
configure:8457: $? = 0
configure:8470: result: no
configure:8828: checking for gcc -std=gnu99 option to produce PIC
configure:8835: result: -fPIC -DPIC
configure:8843: checking if gcc -std=gnu99 PIC flag -fPIC -DPIC works
configure:8861: gcc -std=gnu99 -c -I.. -I./..   -fPIC -DPIC -DPIC conftest.c >&5
configure:8865: $? = 0
configure:8878: result: yes
configure:8907: checking if gcc -std=gnu99 static flag -static works
configure:8935: result: no
configure:8950: checking if gcc -std=gnu99 supports -c -o file.o
configure:8971: gcc -std=gnu99 -c -I.. -I./..   -o out/conftest2.o conftest.c >&5
configure:8975: $? = 0
configure:8997: result: yes
configure:9005: checking if gcc -std=gnu99 supports -c -o file.o
configure:9052: result: yes
configure:9085: checking whether the gcc -std=gnu99 linker (/bin/ld -m elf_x86_64) supports shared libraries
configure:10344: result: yes
configure:10381: checking whether -lc should be explicitly linked in
configure:10389: gcc -std=gnu99 -c -I.. -I./..   conftest.c >&5
configure:10392: $? = 0
configure:10407: gcc -std=gnu99 -shared  -fPIC -DPIC conftest.o  -v -Wl,-soname -Wl,conftest -o conftest 2\>\&1 \| /bin/grep  -lc  \>/dev/null 2\>\&1
configure:10410: $? = 0
configure:10424: result: no
configure:10584: checking dynamic linker characteristics
configure:11165: gcc -std=gnu99 -o conftest -I.. -I./..    -Wl,-rpath -Wl,/foo conftest.c  >&5
configure:11165: $? = 0
configure:11405: result: GNU/Linux ld.so
configure:11527: checking how to hardcode library paths into programs
configure:11552: result: immediate
configure:12100: checking whether stripping libraries is possible
configure:12105: result: yes
configure:12140: checking if libtool supports shared libraries
configure:12142: result: yes
configure:12145: checking whether to build shared libraries
configure:12170: result: yes
configure:12173: checking whether to build static libraries
configure:12177: result: yes
configure:12219: checking errno.h usability
configure:12219: gcc -std=gnu99 -c -I.. -I./..   conftest.c >&5
configure:12219: $? = 0
configure:12219: result: yes
configure:12219: checking errno.h presence
configure:12219: gcc -std=gnu99 -E  conftest.c
configure:12219: $? = 0
configure:12219: result: yes
configure:12219: checking for errno.h
configure:12219: result: yes
configure:12219: checking fcntl.h usability
configure:12219: gcc -std=gnu99 -c -I.. -I./..   conftest.c >&5
configure:12219: $? = 0
configure:12219: result: yes
configure:12219: checking fcntl.h presence
configure:12219: gcc -std=gnu99 -E  conftest.c
configure:12219: $? = 0
configure:12219: result: yes
configure:12219: checking for fcntl.h
configure:12219: result: yes
configure:12219: checking sys/fcntl.h usability
configure:12219: gcc -std=gnu99 -c -I.. -I./..   conftest.c >&5
configure:12219: $? = 0
configure:12219: result: yes
configure:12219: checking sys/fcntl.h presence
configure:12219: gcc -std=gnu99 -E  conftest.c
configure:12219: $? = 0
configure:12219: result: yes
configure:12219: checking for sys/fcntl.h
configure:12219: result: yes
configure:12219: checking sys/ioctl.h usability
configure:12219: gcc -std=gnu99 -c -I.. -I./..   conftest.c >&5
configure:12219: $? = 0
configure:12219: result: yes
configure:12219: checking sys/ioctl.h presence
configure:12219: gcc -std=gnu99 -E  conftest.c
configure:12219: $? = 0
configure:12219: result: yes
configure:12219: checking for sys/ioctl.h
configure:12219: result: yes
configure:12219: checking sys/file.h usability
configure:12219: gcc -std=gnu99 -c -I.. -I./..   conftest.c >&5
configure:12219: $? = 0
configure:12219: result: yes
configure:12219: checking sys/file.h presence
configure:12219: gcc -std=gnu99 -E  conftest.c
configure:12219: $? = 0
configure:12219: result: yes
configure:12219: checking for sys/file.h
configure:12219: result: yes
configure:12219: checking for unistd.h
configure:12219: result: yes
configure:12219: checking sysexits.h usability
configure:12219: gcc -std=gnu99 -c -I.. -I./..   conftest.c >&5
configure:12219: $? = 0
configure:12219: result: yes
configure:12219: checking sysexits.h presence
configure:12219: gcc -std=gnu99 -E  conftest.c
configure:12219: $? = 0
configure:12219: result: yes
configure:12219: checking for sysexits.h
configure:12219: result: yes
configure:12229: checking for ANSI C header files
configure:12333: result: yes
configure:12341: checking for sys/wait.h that is POSIX.1 compatible
configure:12367: gcc -std=gnu99 -c -I.. -I./..   conftest.c >&5
configure:12367: $? = 0
configure:12374: result: yes
configure:12384: checking for an ANSI C-conforming const
configure:12450: gcc -std=gnu99 -c -I.. -I./..   conftest.c >&5
configure:12450: $? = 0
configure:12457: result: yes
configure:12465: checking for off_t
configure:12465: gcc -std=gnu99 -c -I.. -I./..   conftest.c >&5
configure:12465: $? = 0
configure:12465: gcc -std=gnu99 -c -I.. -I./..   conftest.c >&5
conftest.c: In function 'main':
conftest.c:59:20: error: expected expression before ')' token
 if (sizeof ((off_t)))
                    ^
configure:12465: $? = 1
configure: failed program was:
| #define STDC_HEADERS 1
| #define HAVE_SYS_TYPES_H 1
| #define HAVE_SYS_STAT_H 1
| #define HAVE_STDLIB_H 1
| #define HAVE_STRING_H 1
| #define HAVE_MEMORY_H 1
| #define HAVE_STRINGS_H 1
| #define HAVE_INTTYPES_H 1
| #define HAVE_STDINT_H 1
| #define HAVE_UNISTD_H 1
| #define HAVE_DLFCN_H 1
| #define LT_OBJDIR ".libs/"
| #define HAVE_ERRNO_H 1
| #define HAVE_FCNTL_H 1
| #define HAVE_SYS_FCNTL_H 1
| #define HAVE_SYS_IOCTL_H 1
| #define HAVE_SYS_FILE_H 1
| #define HAVE_UNISTD_H 1
| #define HAVE_SYSEXITS_H 1
| #define STDC_HEADERS 1
| #define HAVE_SYS_WAIT_H 1
| /* end confdefs.h.  */
| #include <stdio.h>
| #ifdef HAVE_SYS_TYPES_H
| # include <sys/types.h>
| #endif
| #ifdef HAVE_SYS_STAT_H
| # include <sys/stat.h>
| #endif
| #ifdef STDC_HEADERS
| # include <stdlib.h>
| # include <stddef.h>
| #else
| # ifdef HAVE_STDLIB_H
| #  include <stdlib.h>
| # endif
| #endif
| #ifdef HAVE_STRING_H
| # if !defined STDC_HEADERS && defined HAVE_MEMORY_H
| #  include <memory.h>
| # endif
| # include <string.h>
| #endif
| #ifdef HAVE_STRINGS_H
| # include <strings.h>
| #endif
| #ifdef HAVE_INTTYPES_H
| # include <inttypes.h>
| #endif
| #ifdef HAVE_STDINT_H
| # include <stdint.h>
| #endif
| #ifdef HAVE_UNISTD_H
| # include <unistd.h>
| #endif
| int
| main ()
| {
| if (sizeof ((off_t)))
| 	    return 0;
|   ;
|   return 0;
| }
configure:12465: result: yes
configure:12476: checking for pid_t
configure:12476: gcc -std=gnu99 -c -I.. -I./..   conftest.c >&5
configure:12476: $? = 0
configure:12476: gcc -std=gnu99 -c -I.. -I./..   conftest.c >&5
conftest.c: In function 'main':
conftest.c:59:20: error: expected expression before ')' token
 if (sizeof ((pid_t)))
                    ^
configure:12476: $? = 1
configure: failed program was:
| #define STDC_HEADERS 1
| #define HAVE_SYS_TYPES_H 1
| #define HAVE_SYS_STAT_H 1
| #define HAVE_STDLIB_H 1
| #define HAVE_STRING_H 1
| #define HAVE_MEMORY_H 1
| #define HAVE_STRINGS_H 1
| #define HAVE_INTTYPES_H 1
| #define HAVE_STDINT_H 1
| #define HAVE_UNISTD_H 1
| #define HAVE_DLFCN_H 1
| #define LT_OBJDIR ".libs/"
| #define HAVE_ERRNO_H 1
| #define HAVE_FCNTL_H 1
| #define HAVE_SYS_FCNTL_H 1
| #define HAVE_SYS_IOCTL_H 1
| #define HAVE_SYS_FILE_H 1
| #define HAVE_UNISTD_H 1
| #define HAVE_SYSEXITS_H 1
| #define STDC_HEADERS 1
| #define HAVE_SYS_WAIT_H 1
| /* end confdefs.h.  */
| #include <stdio.h>
| #ifdef HAVE_SYS_TYPES_H
| # include <sys/types.h>
| #endif
| #ifdef HAVE_SYS_STAT_H
| # include <sys/stat.h>
| #endif
| #ifdef STDC_HEADERS
| # include <stdlib.h>
| # include <stddef.h>
| #else
| # ifdef HAVE_STDLIB_H
| #  include <stdlib.h>
| # endif
| #endif
| #ifdef HAVE_STRING_H
| # if !defined STDC_HEADERS && defined HAVE_MEMORY_H
| #  include <memory.h>
| # endif
| # include <string.h>
| #endif
| #ifdef HAVE_STRINGS_H
| # include <strings.h>
| #endif
| #ifdef HAVE_INTTYPES_H
| # include <inttypes.h>
| #endif
| #ifdef HAVE_STDINT_H
| # include <stdint.h>
| #endif
| #ifdef HAVE_UNISTD_H
| # include <unistd.h>
| #endif
| int
| main ()
| {
| if (sizeof ((pid_t)))
| 	    return 0;
|   ;
|   return 0;
| }
configure:12476: result: yes
configure:12487: checking return type of signal handlers
configure:12505: gcc -std=gnu99 -c -I.. -I./..   conftest.c >&5
conftest.c: In function 'main':
conftest.c:29:1: error: void value not ignored as it ought to be
 return *(signal (0, 0)) (0) == 1;
 ^
configure:12505: $? = 1
configure: failed program was:
| #define STDC_HEADERS 1
| #define HAVE_SYS_TYPES_H 1
| #define HAVE_SYS_STAT_H 1
| #define HAVE_STDLIB_H 1
| #define HAVE_STRING_H 1
| #define HAVE_MEMORY_H 1
| #define HAVE_STRINGS_H 1
| #define HAVE_INTTYPES_H 1
| #define HAVE_STDINT_H 1
| #define HAVE_UNISTD_H 1
| #define HAVE_DLFCN_H 1
| #define LT_OBJDIR ".libs/"
| #define HAVE_ERRNO_H 1
| #define HAVE_FCNTL_H 1
| #define HAVE_SYS_FCNTL_H 1
| #define HAVE_SYS_IOCTL_H 1
| #define HAVE_SYS_FILE_H 1
| #define HAVE_UNISTD_H 1
| #define HAVE_SYSEXITS_H 1
| #define STDC_HEADERS 1
| #define HAVE_SYS_WAIT_H 1
| /* end confdefs.h.  */
| #include <sys/types.h>
| #include <signal.h>
| 
| int
| main ()
| {
| return *(signal (0, 0)) (0) == 1;
|   ;
|   return 0;
| }
configure:12512: result: void
configure:12527: checking for special C compiler options needed for large files
configure:12572: result: no
configure:12578: checking for _FILE_OFFSET_BITS value needed for large files
configure:12603: gcc -std=gnu99 -c -I.. -I./..   conftest.c >&5
configure:12603: $? = 0
configure:12635: result: no
configure:12721: checking for off64_t
configure:12744: gcc -std=gnu99 -c -I.. -I./..   conftest.c >&5
conftest.c: In function 'main':
conftest.c:31:1: error: unknown type name 'off64_t'
 off64_t n;
 ^
configure:12744: $? = 1
configure: failed program was:
| #define STDC_HEADERS 1
| #define HAVE_SYS_TYPES_H 1
| #define HAVE_SYS_STAT_H 1
| #define HAVE_STDLIB_H 1
| #define HAVE_STRING_H 1
| #define HAVE_MEMORY_H 1
| #define HAVE_STRINGS_H 1
| #define HAVE_INTTYPES_H 1
| #define HAVE_STDINT_H 1
| #define HAVE_UNISTD_H 1
| #define HAVE_DLFCN_H 1
| #define LT_OBJDIR ".libs/"
| #define HAVE_ERRNO_H 1
| #define HAVE_FCNTL_H 1
| #define HAVE_SYS_FCNTL_H 1
| #define HAVE_SYS_IOCTL_H 1
| #define HAVE_SYS_FILE_H 1
| #define HAVE_UNISTD_H 1
| #define HAVE_SYSEXITS_H 1
| #define STDC_HEADERS 1
| #define HAVE_SYS_WAIT_H 1
| #define RETSIGTYPE void
| /* end confdefs.h.  */
| 
| #include <sys/types.h>
| 
| int
| main ()
| {
| 
| off64_t	n;
| 
| 	n=0;
| 
|   ;
|   return 0;
| }
configure:12751: result: no
configure:12766: checking for flock_t
configure:12796: gcc -std=gnu99 -c -I.. -I./..   conftest.c >&5
conftest.c: In function 'main':
conftest.c:41:1: error: unknown type name 'flock_t'
 flock_t t;
 ^
configure:12796: $? = 1
configure: failed program was:
| #define STDC_HEADERS 1
| #define HAVE_SYS_TYPES_H 1
| #define HAVE_SYS_STAT_H 1
| #define HAVE_STDLIB_H 1
| #define HAVE_STRING_H 1
| #define HAVE_MEMORY_H 1
| #define HAVE_STRINGS_H 1
| #define HAVE_INTTYPES_H 1
| #define HAVE_STDINT_H 1
| #define HAVE_UNISTD_H 1
| #define HAVE_DLFCN_H 1
| #define LT_OBJDIR ".libs/"
| #define HAVE_ERRNO_H 1
| #define HAVE_FCNTL_H 1
| #define HAVE_SYS_FCNTL_H 1
| #define HAVE_SYS_IOCTL_H 1
| #define HAVE_SYS_FILE_H 1
| #define HAVE_UNISTD_H 1
| #define HAVE_SYSEXITS_H 1
| #define STDC_HEADERS 1
| #define HAVE_SYS_WAIT_H 1
| #define RETSIGTYPE void
| #define LL_OFFSET_TYPE off_t
| /* end confdefs.h.  */
| 
| #if     HAVE_CONFIG_H
| #include        "config.h"
| #endif
| #include        <sys/types.h>
| #if     HAVE_FCNTL_H
| #include        <fcntl.h>
| #endif
| #if     HAVE_SYS_FCNTL_H
| #include        <sys/fcntl.h>
| #endif
| 
| int
| main ()
| {
| 
| flock_t t;
| 
|   ;
|   return 0;
| }
configure:12801: result: no
configure:12817: checking for getdtablesize
configure:12817: gcc -std=gnu99 -o conftest -I.. -I./..    conftest.c  >&5
configure:12817: $? = 0
configure:12817: result: yes
configure:12817: checking for setpgrp
configure:12817: gcc -std=gnu99 -o conftest -I.. -I./..    conftest.c  >&5
configure:12817: $? = 0
configure:12817: result: yes
configure:12817: checking for sysconf
configure:12817: gcc -std=gnu99 -o conftest -I.. -I./..    conftest.c  >&5
configure:12817: $? = 0
configure:12817: result: yes
configure:12826: checking for setpgrp
configure:12826: result: yes
configure:12829: checking whether setpgrp takes no argument
configure:12851: gcc -std=gnu99 -o conftest -I.. -I./..    conftest.c  >&5
conftest.c: In function 'main':
conftest.c:67:3: error: too many arguments to function 'setpgrp'
   return setpgrp (1,1) != -1;
   ^
In file included from conftest.c:59:0:
/usr/include/unistd.h:672:12: note: declared here
 extern int setpgrp (void) __THROW;
            ^
configure:12851: $? = 1
configure: program exited with status 1
configure: failed program was:
| #define STDC_HEADERS 1
| #define HAVE_SYS_TYPES_H 1
| #define HAVE_SYS_STAT_H 1
| #define HAVE_STDLIB_H 1
| #define HAVE_STRING_H 1
| #define HAVE_MEMORY_H 1
| #define HAVE_STRINGS_H 1
| #define HAVE_INTTYPES_H 1
| #define HAVE_STDINT_H 1
| #define HAVE_UNISTD_H 1
| #define HAVE_DLFCN_H 1
| #define LT_OBJDIR ".libs/"
| #define HAVE_ERRNO_H 1
| #define HAVE_FCNTL_H 1
| #define HAVE_SYS_FCNTL_H 1
| #define HAVE_SYS_IOCTL_H 1
| #define HAVE_SYS_FILE_H 1
| #define HAVE_UNISTD_H 1
| #define HAVE_SYSEXITS_H 1
| #define STDC_HEADERS 1
| #define HAVE_SYS_WAIT_H 1
| #define RETSIGTYPE void
| #define LL_OFFSET_TYPE off_t
| #define HAVE_GETDTABLESIZE 1
| #define HAVE_SETPGRP 1
| #define HAVE_SYSCONF 1
| /* end confdefs.h.  */
| #include <stdio.h>
| #ifdef HAVE_SYS_TYPES_H
| # include <sys/types.h>
| #endif
| #ifdef HAVE_SYS_STAT_H
| # include <sys/stat.h>
| #endif
| #ifdef STDC_HEADERS
| # include <stdlib.h>
| # include <stddef.h>
| #else
| # ifdef HAVE_STDLIB_H
| #  include <stdlib.h>
| # endif
| #endif
| #ifdef HAVE_STRING_H
| # if !defined STDC_HEADERS && defined HAVE_MEMORY_H
| #  include <memory.h>
| # endif
| # include <string.h>
| #endif
| #ifdef HAVE_STRINGS_H
| # include <strings.h>
| #endif
| #ifdef HAVE_INTTYPES_H
| # include <inttypes.h>
| #endif
| #ifdef HAVE_STDINT_H
| # include <stdint.h>
| #endif
| #ifdef HAVE_UNISTD_H
| # include <unistd.h>
| #endif
| int
| main ()
| {
| /* If this system has a BSD-style setpgrp which takes arguments,
|   setpgrp(1, 1) will fail with ESRCH and return -1, in that case
|   exit successfully. */
|   return setpgrp (1,1) != -1;
|   ;
|   return 0;
| }
configure:12861: result: yes
configure:12874: checking for fcntl
configure:12896: gcc -std=gnu99 -o conftest -I.. -I./..    conftest.c  >&5
configure:12896: $? = 0
configure:12902: result: yes
configure:12913: checking for flock
configure:12935: gcc -std=gnu99 -o conftest -I.. -I./..    conftest.c  >&5
configure:12935: $? = 0
configure:12941: result: yes
configure:12952: checking for lockf
configure:12974: gcc -std=gnu99 -o conftest -I.. -I./..    conftest.c  >&5
configure:12974: $? = 0
configure:12980: result: yes
configure:12991: checking for locking method
configure:13038: gcc -std=gnu99 -o conftest -I.. -I./..    conftest.c  >&5
In file included from conftest.c:35:0:
./locktest.c: In function 'main':
./locktest.c:43:2: warning: implicit declaration of function 'pipe' [-Wimplicit-function-declaration]
  if (pipe(fd))
  ^
./locktest.c:55:2: warning: implicit declaration of function 'fork' [-Wimplicit-function-declaration]
  if ((p=fork()) == (pid_t)-1)
  ^
./locktest.c:65:3: warning: implicit declaration of function 'close' [-Wimplicit-function-declaration]
   close(fd[1]);
   ^
./locktest.c:66:3: warning: implicit declaration of function 'read' [-Wimplicit-function-declaration]
   read(fd[0], &c, 1);
   ^
./locktest.c:74:3: warning: implicit declaration of function 'alarm' [-Wimplicit-function-declaration]
   alarm(5);
   ^
./locktest.c:79:4: warning: implicit declaration of function 'unlink' [-Wimplicit-function-declaration]
    unlink(name);
    ^
./locktest.c:95:2: warning: implicit declaration of function 'wait' [-Wimplicit-function-declaration]
  while (wait(&s) != p)
  ^
configure:13038: $? = 0
configure:13038: ./conftest
configure:13038: $? = 0
configure:13153: result: fcntl
configure:13307: checking that generated files are newer than configure
configure:13313: result: done
configure:13352: creating ./config.status

## ---------------------- ##
## Running config.status. ##
## ---------------------- ##

This file was extended by liblock config.status 0.60, which was
generated by GNU Autoconf 2.69.  Invocation command line was

  CONFIG_FILES    = 
  CONFIG_HEADERS  = 
  CONFIG_LINKS    = 
  CONFIG_COMMANDS = 
  $ ./config.status 

on RainYun7NQgzU7l

config.status:1102: creating Makefile
config.status:1102: creating config.h
config.status:1331: executing depfiles commands
config.status:1408: cd .       && sed -e '/# am--include-marker/d' Makefile         | make -f - am--depfiles
config.status:1413: $? = 0
config.status:1331: executing libtool commands

## ---------------- ##
## Cache variables. ##
## ---------------- ##

ac_cv_build=x86_64-pc-linux-gnu
ac_cv_c_compiler_gnu=yes
ac_cv_c_const=yes
ac_cv_env_CC_set=
ac_cv_env_CC_value=
ac_cv_env_CFLAGS_set=
ac_cv_env_CFLAGS_value=
ac_cv_env_CPPFLAGS_set=
ac_cv_env_CPPFLAGS_value=
ac_cv_env_CPP_set=
ac_cv_env_CPP_value=
ac_cv_env_LDFLAGS_set=
ac_cv_env_LDFLAGS_value=
ac_cv_env_LIBS_set=
ac_cv_env_LIBS_value=
ac_cv_env_LT_SYS_LIBRARY_PATH_set=
ac_cv_env_LT_SYS_LIBRARY_PATH_value=
ac_cv_env_build_alias_set=
ac_cv_env_build_alias_value=
ac_cv_env_host_alias_set=
ac_cv_env_host_alias_value=
ac_cv_env_target_alias_set=
ac_cv_env_target_alias_value=
ac_cv_func_getdtablesize=yes
ac_cv_func_setpgrp=yes
ac_cv_func_setpgrp_void=yes
ac_cv_func_sysconf=yes
ac_cv_header_dlfcn_h=yes
ac_cv_header_errno_h=yes
ac_cv_header_fcntl_h=yes
ac_cv_header_inttypes_h=yes
ac_cv_header_memory_h=yes
ac_cv_header_stdc=yes
ac_cv_header_stdint_h=yes
ac_cv_header_stdlib_h=yes
ac_cv_header_string_h=yes
ac_cv_header_strings_h=yes
ac_cv_header_sys_fcntl_h=yes
ac_cv_header_sys_file_h=yes
ac_cv_header_sys_ioctl_h=yes
ac_cv_header_sys_stat_h=yes
ac_cv_header_sys_types_h=yes
ac_cv_header_sys_wait_h=yes
ac_cv_header_sysexits_h=yes
ac_cv_header_unistd_h=yes
ac_cv_host=x86_64-pc-linux-gnu
ac_cv_objext=o
ac_cv_path_EGREP='/bin/grep -E'
ac_cv_path_FGREP='/bin/grep -F'
ac_cv_path_GREP=/bin/grep
ac_cv_path_SED=/bin/sed
ac_cv_path_install='/bin/install -c'
ac_cv_path_lt_DD=/bin/dd
ac_cv_path_mkdir=/bin/mkdir
ac_cv_prog_AWK=gawk
ac_cv_prog_CPP='gcc -std=gnu99 -E'
ac_cv_prog_ac_ct_AR=ar
ac_cv_prog_ac_ct_CC=gcc
ac_cv_prog_ac_ct_OBJDUMP=objdump
ac_cv_prog_ac_ct_RANLIB=ranlib
ac_cv_prog_ac_ct_STRIP=strip
ac_cv_prog_cc_c89=
ac_cv_prog_cc_c99=-std=gnu99
ac_cv_prog_cc_g=yes
ac_cv_prog_make_make_set=yes
ac_cv_sys_file_offset_bits=no
ac_cv_sys_largefile_CC=no
ac_cv_type_off_t=yes
ac_cv_type_pid_t=yes
ac_cv_type_signal=void
am_cv_CC_dependencies_compiler_type=gcc3
am_cv_make_support_nested_variables=yes
am_cv_prog_cc_c_o=yes
liblock_cv_hasfcntl=yes
liblock_cv_hasflock=yes
liblock_cv_hasflock_t=no
liblock_cv_haslockf=yes
liblock_cv_hasoff64t=no
lt_cv_ar_at_file=@
lt_cv_archive_cmds_need_lc=no
lt_cv_deplibs_check_method=pass_all
lt_cv_file_magic_cmd='$MAGIC_CMD'
lt_cv_file_magic_test_file=
lt_cv_ld_reload_flag=-r
lt_cv_nm_interface='BSD nm'
lt_cv_objdir=.libs
lt_cv_path_LD=/bin/ld
lt_cv_path_NM='/bin/nm -B'
lt_cv_path_mainfest_tool=no
lt_cv_prog_compiler_c_o=yes
lt_cv_prog_compiler_pic='-fPIC -DPIC'
lt_cv_prog_compiler_pic_works=yes
lt_cv_prog_compiler_rtti_exceptions=no
lt_cv_prog_compiler_static_works=no
lt_cv_prog_gnu_ld=yes
lt_cv_sharedlib_from_linklib_cmd='printf %s\n'
lt_cv_shlibpath_overrides_runpath=no
lt_cv_sys_global_symbol_pipe='sed -n -e '\''s/^.*[	 ]\([ABCDGIRSTW][ABCDGIRSTW]*\)[	 ][	 ]*\([_A-Za-z][_A-Za-z0-9]*\)$/\1 \2 \2/p'\'' | sed '\''/ __gnu_lto/d'\'''
lt_cv_sys_global_symbol_to_c_name_address='sed -n -e '\''s/^: \(.*\) .*$/  {"\1", (void *) 0},/p'\'' -e '\''s/^[ABCDGIRSTW][ABCDGIRSTW]* .* \(.*\)$/  {"\1", (void *) \&\1},/p'\'''
lt_cv_sys_global_symbol_to_c_name_address_lib_prefix='sed -n -e '\''s/^: \(.*\) .*$/  {"\1", (void *) 0},/p'\'' -e '\''s/^[ABCDGIRSTW][ABCDGIRSTW]* .* \(lib.*\)$/  {"\1", (void *) \&\1},/p'\'' -e '\''s/^[ABCDGIRSTW][ABCDGIRSTW]* .* \(.*\)$/  {"lib\1", (void *) \&\1},/p'\'''
lt_cv_sys_global_symbol_to_cdecl='sed -n -e '\''s/^T .* \(.*\)$/extern int \1();/p'\'' -e '\''s/^[ABCDGIRSTW][ABCDGIRSTW]* .* \(.*\)$/extern char \1;/p'\'''
lt_cv_sys_global_symbol_to_import=
lt_cv_sys_max_cmd_len=1572864
lt_cv_to_host_file_cmd=func_convert_file_noop
lt_cv_to_tool_file_cmd=func_convert_file_noop
lt_cv_truncate_bin='/bin/dd bs=4096 count=1'

## ----------------- ##
## Output variables. ##
## ----------------- ##

ACLOCAL='${SHELL} /root/bt-mail-system/courier-authlib-0.71.3/missing aclocal-1.16'
AMDEPBACKSLASH='\'
AMDEP_FALSE='#'
AMDEP_TRUE=''
AMTAR='$${TAR-tar}'
AM_BACKSLASH='\'
AM_DEFAULT_V='$(AM_DEFAULT_VERBOSITY)'
AM_DEFAULT_VERBOSITY='1'
AM_V='$(V)'
AR='ar'
AUTOCONF='${SHELL} /root/bt-mail-system/courier-authlib-0.71.3/missing autoconf'
AUTOHEADER='${SHELL} /root/bt-mail-system/courier-authlib-0.71.3/missing autoheader'
AUTOMAKE='${SHELL} /root/bt-mail-system/courier-authlib-0.71.3/missing automake-1.16'
AWK='gawk'
CC='gcc -std=gnu99'
CCDEPMODE='depmode=gcc3'
CFLAGS='-I.. -I./.. '
CPP='gcc -std=gnu99 -E'
CPPFLAGS=''
CYGPATH_W='echo'
DEFS='-DHAVE_CONFIG_H'
DEPDIR='.deps'
DLLTOOL='false'
DSYMUTIL=''
DUMPBIN=''
ECHO_C=''
ECHO_N='-n'
ECHO_T=''
EGREP='/bin/grep -E'
EXEEXT=''
FGREP='/bin/grep -F'
GREP='/bin/grep'
HAVE_SGML_FALSE=''
HAVE_SGML_TRUE='#'
INSTALL_DATA='${INSTALL} -m 644'
INSTALL_PROGRAM='${INSTALL}'
INSTALL_SCRIPT='${INSTALL}'
INSTALL_STRIP_PROGRAM='$(install_sh) -c -s'
LD='/bin/ld -m elf_x86_64'
LDFLAGS=''
LIBOBJS=''
LIBS=''
LIBTOOL='$(SHELL) $(top_builddir)/libtool'
LIPO=''
LN_S='ln -s'
LTLIBOBJS=''
LT_SYS_LIBRARY_PATH=''
MAKEINFO='${SHELL} /root/bt-mail-system/courier-authlib-0.71.3/missing makeinfo'
MANIFEST_TOOL=':'
MKDIR_P='/bin/mkdir -p'
NM='/bin/nm -B'
NMEDIT=''
OBJDUMP='objdump'
OBJEXT='o'
OTOOL64=''
OTOOL=''
PACKAGE='liblock'
PACKAGE_BUGREPORT='courier-users@lists.sourceforge.net'
PACKAGE_NAME='liblock'
PACKAGE_STRING='liblock 0.60'
PACKAGE_TARNAME='liblock'
PACKAGE_URL=''
PACKAGE_VERSION='0.60'
PATH_SEPARATOR=':'
RANLIB='ranlib'
SED='/bin/sed'
SET_MAKE=''
SHELL='/bin/sh'
STRIP='strip'
USE_FCNTL_FALSE='#'
USE_FCNTL_TRUE=''
USE_FLOCK_FALSE=''
USE_FLOCK_TRUE='#'
USE_LOCKF_FALSE=''
USE_LOCKF_TRUE='#'
VERSION='0.60'
ac_ct_AR='ar'
ac_ct_CC='gcc'
ac_ct_DUMPBIN=''
am__EXEEXT_FALSE=''
am__EXEEXT_TRUE='#'
am__fastdepCC_FALSE='#'
am__fastdepCC_TRUE=''
am__include='include'
am__isrc=''
am__leading_dot='.'
am__nodep='_no'
am__quote=''
am__tar='$${TAR-tar} chof - "$$tardir"'
am__untar='$${TAR-tar} xf -'
bindir='${exec_prefix}/bin'
build='x86_64-pc-linux-gnu'
build_alias=''
build_cpu='x86_64'
build_os='linux-gnu'
build_vendor='pc'
datadir='${datarootdir}'
datarootdir='${prefix}/share'
docdir='${datarootdir}/doc/${PACKAGE_TARNAME}'
dvidir='${docdir}'
exec_prefix='${prefix}'
host='x86_64-pc-linux-gnu'
host_alias=''
host_cpu='x86_64'
host_os='linux-gnu'
host_vendor='pc'
htmldir='${docdir}'
includedir='${prefix}/include'
infodir='${datarootdir}/info'
install_sh='${SHELL} /root/bt-mail-system/courier-authlib-0.71.3/install-sh'
libdir='${exec_prefix}/lib'
libexecdir='${exec_prefix}/libexec'
localedir='${datarootdir}/locale'
localstatedir='${prefix}/var'
mandir='${datarootdir}/man'
mkdir_p='$(MKDIR_P)'
oldincludedir='/usr/include'
pdfdir='${docdir}'
prefix='/test'
program_transform_name='s,x,x,'
psdir='${docdir}'
sbindir='${exec_prefix}/sbin'
sharedstatedir='${prefix}/com'
sysconfdir='${prefix}/etc'
target_alias=''

## ----------- ##
## confdefs.h. ##
## ----------- ##

#define STDC_HEADERS 1
#define HAVE_SYS_TYPES_H 1
#define HAVE_SYS_STAT_H 1
#define HAVE_STDLIB_H 1
#define HAVE_STRING_H 1
#define HAVE_MEMORY_H 1
#define HAVE_STRINGS_H 1
#define HAVE_INTTYPES_H 1
#define HAVE_STDINT_H 1
#define HAVE_UNISTD_H 1
#define HAVE_DLFCN_H 1
#define LT_OBJDIR ".libs/"
#define HAVE_ERRNO_H 1
#define HAVE_FCNTL_H 1
#define HAVE_SYS_FCNTL_H 1
#define HAVE_SYS_IOCTL_H 1
#define HAVE_SYS_FILE_H 1
#define HAVE_UNISTD_H 1
#define HAVE_SYSEXITS_H 1
#define STDC_HEADERS 1
#define HAVE_SYS_WAIT_H 1
#define RETSIGTYPE void
#define LL_OFFSET_TYPE off_t
#define HAVE_GETDTABLESIZE 1
#define HAVE_SETPGRP 1
#define HAVE_SYSCONF 1
#define SETPGRP_VOID 1
#define HAS_FCNTL 1
#define HAS_FLOCK 1
#define HAS_LOCKF 1
#define liblock_config_h 1

configure: exit 0
